<?xml version="1.0" encoding="UTF-8"?>
<!-- Generated by org.testng.reporters.JUnitXMLReporter -->
<testsuite hostname="W10NOY01L-X3AMR" ignored="0" name="Default test" tests="24" failures="1" timestamp="10 Nov 2020 18:32:10 GMT" time="10.207" errors="0">
  <testcase name="verifyFilesTest" time="0.005" classname="testcases.VerifyFilesTest">
    <skipped/>
  </testcase> <!-- verifyFilesTest -->
  <testcase name="verifyFilesTest" time="0.0" classname="testcases.VerifyFilesTest">
    <skipped/>
  </testcase> <!-- verifyFilesTest -->
  <testcase name="verifyFilesTest" time="0.001" classname="testcases.VerifyFilesTest">
    <skipped/>
  </testcase> <!-- verifyFilesTest -->
  <testcase name="verifyFilesTest" time="0.001" classname="testcases.VerifyFilesTest">
    <skipped/>
  </testcase> <!-- verifyFilesTest -->
  <testcase name="verifyFilesTest" time="0.002" classname="testcases.VerifyFilesTest">
    <skipped/>
  </testcase> <!-- verifyFilesTest -->
  <testcase name="verifyFilesTest" time="0.001" classname="testcases.VerifyFilesTest">
    <skipped/>
  </testcase> <!-- verifyFilesTest -->
  <testcase name="verifyFilesTest" time="0.001" classname="testcases.VerifyFilesTest">
    <skipped/>
  </testcase> <!-- verifyFilesTest -->
  <testcase name="verifyFilesTest" time="0.0" classname="testcases.VerifyFilesTest">
    <skipped/>
  </testcase> <!-- verifyFilesTest -->
  <testcase name="verifyFilesTest" time="0.001" classname="testcases.VerifyFilesTest">
    <skipped/>
  </testcase> <!-- verifyFilesTest -->
  <testcase name="verifyFilesTest" time="10.121" classname="testcases.VerifyFilesTest">
    <failure type="org.openqa.selenium.TimeoutException" message="Timed out after 5 seconds waiting for visibility of element located by By.xpath: //input[@placeholder=&amp;apos;Search by name...&amp;apos;]
Build info: version: &amp;apos;2.53.1&amp;apos;, revision: &amp;apos;a36b8b1cd5757287168e54b817830adce9b0158d&amp;apos;, time: &amp;apos;2016-06-30 19:26:09&amp;apos;
System info: host: &amp;apos;W10NOY01L-X3AMR&amp;apos;, ip: &amp;apos;10.10.10.67&amp;apos;, os.name: &amp;apos;Windows 10&amp;apos;, os.arch: &amp;apos;amd64&amp;apos;, os.version: &amp;apos;10.0&amp;apos;, java.version: &amp;apos;1.8.0_261&amp;apos;
Driver info: org.openqa.selenium.chrome.ChromeDriver
Capabilities [{mobileEmulationEnabled=false, timeouts={implicit=0, pageLoad=300000, script=30000}, hasTouchScreen=false, platform=XP, acceptSslCerts=false, goog:chromeOptions={debuggerAddress=localhost:61758}, acceptInsecureCerts=false, webStorageEnabled=true, browserName=chrome, takesScreenshot=true, javascriptEnabled=true, setWindowRect=true, unexpectedAlertBehaviour=ignore, applicationCacheEnabled=false, rotatable=false, networkConnectionEnabled=false, chrome={chromedriverVersion=86.0.4240.22 (398b0743353ff36fb1b82468f63a3a93b4e2e89e-refs/branch-heads/4240@{#378}), userDataDir=C:\Users\noy01\AppData\Local\Temp\scoped_dir21060_1039860475}, takesHeapSnapshot=true, pageLoadStrategy=normal, strictFileInteractability=false, databaseEnabled=false, handlesAlerts=true, version=86.0.4240.111, browserConnectionEnabled=false, proxy={}, nativeEvents=true, locationContextEnabled=true, cssSelectorsEnabled=true, webauthn:virtualAuthenticators=true}]
Session ID: b08684c13bdaed91e2c5df178a672330">
      <![CDATA[org.openqa.selenium.TimeoutException: Timed out after 5 seconds waiting for visibility of element located by By.xpath: //input[@placeholder='Search by name...']
Build info: version: '2.53.1', revision: 'a36b8b1cd5757287168e54b817830adce9b0158d', time: '2016-06-30 19:26:09'
System info: host: 'W10NOY01L-X3AMR', ip: '10.10.10.67', os.name: 'Windows 10', os.arch: 'amd64', os.version: '10.0', java.version: '1.8.0_261'
Driver info: org.openqa.selenium.chrome.ChromeDriver
Capabilities [{mobileEmulationEnabled=false, timeouts={implicit=0, pageLoad=300000, script=30000}, hasTouchScreen=false, platform=XP, acceptSslCerts=false, goog:chromeOptions={debuggerAddress=localhost:61758}, acceptInsecureCerts=false, webStorageEnabled=true, browserName=chrome, takesScreenshot=true, javascriptEnabled=true, setWindowRect=true, unexpectedAlertBehaviour=ignore, applicationCacheEnabled=false, rotatable=false, networkConnectionEnabled=false, chrome={chromedriverVersion=86.0.4240.22 (398b0743353ff36fb1b82468f63a3a93b4e2e89e-refs/branch-heads/4240@{#378}), userDataDir=C:\Users\noy01\AppData\Local\Temp\scoped_dir21060_1039860475}, takesHeapSnapshot=true, pageLoadStrategy=normal, strictFileInteractability=false, databaseEnabled=false, handlesAlerts=true, version=86.0.4240.111, browserConnectionEnabled=false, proxy={}, nativeEvents=true, locationContextEnabled=true, cssSelectorsEnabled=true, webauthn:virtualAuthenticators=true}]
Session ID: b08684c13bdaed91e2c5df178a672330
	at org.openqa.selenium.support.ui.WebDriverWait.timeoutException(WebDriverWait.java:80)
	at org.openqa.selenium.support.ui.FluentWait.until(FluentWait.java:261)
	at testcases.VerifyFilesTest.verifyFilesTest(VerifyFilesTest.java:38)
	at sun.reflect.NativeMethodAccessorImpl.invoke0(Native Method)
	at sun.reflect.NativeMethodAccessorImpl.invoke(NativeMethodAccessorImpl.java:62)
	at sun.reflect.DelegatingMethodAccessorImpl.invoke(DelegatingMethodAccessorImpl.java:43)
	at java.lang.reflect.Method.invoke(Method.java:498)
	at org.testng.internal.MethodInvocationHelper.invokeMethod(MethodInvocationHelper.java:108)
	at org.testng.internal.Invoker.invokeMethod(Invoker.java:661)
	at org.testng.internal.Invoker.invokeTestMethod(Invoker.java:869)
	at org.testng.internal.Invoker.invokeTestMethods(Invoker.java:1193)
	at org.testng.internal.TestMethodWorker.invokeTestMethods(TestMethodWorker.java:126)
	at org.testng.internal.TestMethodWorker.run(TestMethodWorker.java:109)
	at org.testng.TestRunner.privateRun(TestRunner.java:744)
	at org.testng.TestRunner.run(TestRunner.java:602)
	at org.testng.SuiteRunner.runTest(SuiteRunner.java:380)
	at org.testng.SuiteRunner.runSequentially(SuiteRunner.java:375)
	at org.testng.SuiteRunner.privateRun(SuiteRunner.java:340)
	at org.testng.SuiteRunner.run(SuiteRunner.java:289)
	at org.testng.SuiteRunnerWorker.runSuite(SuiteRunnerWorker.java:52)
	at org.testng.SuiteRunnerWorker.run(SuiteRunnerWorker.java:86)
	at org.testng.TestNG.runSuitesSequentially(TestNG.java:1301)
	at org.testng.TestNG.runSuitesLocally(TestNG.java:1226)
	at org.testng.TestNG.runSuites(TestNG.java:1144)
	at org.testng.TestNG.run(TestNG.java:1115)
	at org.testng.remote.AbstractRemoteTestNG.run(AbstractRemoteTestNG.java:115)
	at org.testng.remote.RemoteTestNG.initAndRun(RemoteTestNG.java:251)
	at org.testng.remote.RemoteTestNG.main(RemoteTestNG.java:77)
Caused by: org.openqa.selenium.NoSuchElementException: no such element: Unable to locate element: {"method":"xpath","selector":"//input[@placeholder='Search by name...']"}
  (Session info: chrome=86.0.4240.111)
  (Driver info: chromedriver=86.0.4240.22 (398b0743353ff36fb1b82468f63a3a93b4e2e89e-refs/branch-heads/4240@{#378}),platform=Windows NT 10.0.17763 x86_64) (WARNING: The server did not provide any stacktrace information)
Command duration or timeout: 10.07 seconds
For documentation on this error, please visit: http://seleniumhq.org/exceptions/no_such_element.html
Build info: version: '2.53.1', revision: 'a36b8b1cd5757287168e54b817830adce9b0158d', time: '2016-06-30 19:26:09'
System info: host: 'W10NOY01L-X3AMR', ip: '10.10.10.67', os.name: 'Windows 10', os.arch: 'amd64', os.version: '10.0', java.version: '1.8.0_261'
Driver info: org.openqa.selenium.chrome.ChromeDriver
Capabilities [{mobileEmulationEnabled=false, timeouts={implicit=0, pageLoad=300000, script=30000}, hasTouchScreen=false, platform=XP, acceptSslCerts=false, goog:chromeOptions={debuggerAddress=localhost:61758}, acceptInsecureCerts=false, webStorageEnabled=true, browserName=chrome, takesScreenshot=true, javascriptEnabled=true, setWindowRect=true, unexpectedAlertBehaviour=ignore, applicationCacheEnabled=false, rotatable=false, networkConnectionEnabled=false, chrome={chromedriverVersion=86.0.4240.22 (398b0743353ff36fb1b82468f63a3a93b4e2e89e-refs/branch-heads/4240@{#378}), userDataDir=C:\Users\noy01\AppData\Local\Temp\scoped_dir21060_1039860475}, takesHeapSnapshot=true, pageLoadStrategy=normal, strictFileInteractability=false, databaseEnabled=false, handlesAlerts=true, version=86.0.4240.111, browserConnectionEnabled=false, proxy={}, nativeEvents=true, locationContextEnabled=true, cssSelectorsEnabled=true, webauthn:virtualAuthenticators=true}]
Session ID: b08684c13bdaed91e2c5df178a672330
*** Element info: {Using=xpath, value=//input[@placeholder='Search by name...']}
	at sun.reflect.NativeConstructorAccessorImpl.newInstance0(Native Method)
	at sun.reflect.NativeConstructorAccessorImpl.newInstance(NativeConstructorAccessorImpl.java:62)
	at sun.reflect.DelegatingConstructorAccessorImpl.newInstance(DelegatingConstructorAccessorImpl.java:45)
	at java.lang.reflect.Constructor.newInstance(Constructor.java:423)
	at org.openqa.selenium.remote.ErrorHandler.createThrowable(ErrorHandler.java:206)
	at org.openqa.selenium.remote.ErrorHandler.throwIfResponseFailed(ErrorHandler.java:158)
	at org.openqa.selenium.remote.RemoteWebDriver.execute(RemoteWebDriver.java:678)
	at org.openqa.selenium.remote.RemoteWebDriver.findElement(RemoteWebDriver.java:363)
	at org.openqa.selenium.remote.RemoteWebDriver.findElementByXPath(RemoteWebDriver.java:500)
	at org.openqa.selenium.By$ByXPath.findElement(By.java:361)
	at org.openqa.selenium.remote.RemoteWebDriver.findElement(RemoteWebDriver.java:355)
	at org.openqa.selenium.support.ui.ExpectedConditions.findElement(ExpectedConditions.java:899)
	at org.openqa.selenium.support.ui.ExpectedConditions.access$000(ExpectedConditions.java:41)
	at org.openqa.selenium.support.ui.ExpectedConditions$7.apply(ExpectedConditions.java:205)
	at org.openqa.selenium.support.ui.ExpectedConditions$7.apply(ExpectedConditions.java:201)
	at org.openqa.selenium.support.ui.FluentWait.until(FluentWait.java:238)
	... 26 more
]]>
    </failure>
  </testcase> <!-- verifyFilesTest -->
  <testcase name="verifyFilesTest" time="0.001" classname="testcases.VerifyFilesTest">
    <skipped/>
  </testcase> <!-- verifyFilesTest -->
  <testcase name="verifyFilesTest" time="0.001" classname="testcases.VerifyFilesTest">
    <skipped/>
  </testcase> <!-- verifyFilesTest -->
  <testcase name="verifyFilesTest" time="0.001" classname="testcases.VerifyFilesTest">
    <skipped/>
  </testcase> <!-- verifyFilesTest -->
  <testcase name="verifyFilesTest" time="0.0" classname="testcases.VerifyFilesTest">
    <skipped/>
  </testcase> <!-- verifyFilesTest -->
  <testcase name="verifyFilesTest" time="0.0" classname="testcases.VerifyFilesTest">
    <skipped/>
  </testcase> <!-- verifyFilesTest -->
  <testcase name="verifyFilesTest" time="0.001" classname="testcases.VerifyFilesTest">
    <skipped/>
  </testcase> <!-- verifyFilesTest -->
  <testcase name="verifyFilesTest" time="0.0" classname="testcases.VerifyFilesTest">
    <skipped/>
  </testcase> <!-- verifyFilesTest -->
  <testcase name="verifyFilesTest" time="0.001" classname="testcases.VerifyFilesTest">
    <skipped/>
  </testcase> <!-- verifyFilesTest -->
  <testcase name="verifyFilesTest" time="0.001" classname="testcases.VerifyFilesTest">
    <skipped/>
  </testcase> <!-- verifyFilesTest -->
  <testcase name="verifyFilesTest" time="0.001" classname="testcases.VerifyFilesTest">
    <skipped/>
  </testcase> <!-- verifyFilesTest -->
  <testcase name="verifyFilesTest" time="0.001" classname="testcases.VerifyFilesTest">
    <skipped/>
  </testcase> <!-- verifyFilesTest -->
  <testcase name="verifyFilesTest" time="0.0" classname="testcases.VerifyFilesTest">
    <skipped/>
  </testcase> <!-- verifyFilesTest -->
  <testcase name="verifyFilesTest" time="0.001" classname="testcases.VerifyFilesTest">
    <skipped/>
  </testcase> <!-- verifyFilesTest -->
  <testcase name="verifyFilesTest" time="0.001" classname="testcases.VerifyFilesTest">
    <skipped/>
  </testcase> <!-- verifyFilesTest -->
</testsuite> <!-- Default test -->
