<?xml version="1.0" encoding="UTF-8"?>
<testng-results skipped="21" failed="0" ignored="0" total="26" passed="5">
  <reporter-output>
    <line>
      <![CDATA[Login Successful.]]>
    </line>
    <line>
      <![CDATA[<br>Failure to verify: High SeverityHigh Severity expected [] but found [Select...]<br>]]>
    </line>
    <line>
      <![CDATA[<br>Failure to verify: Last UpdatedLast Updated expected [01/30/2020] but found [09/18/2020]<br>]]>
    </line>
    <line>
      <![CDATA[<br>Failure to verify: General CounselGeneral Counsel expected [Ms. Donna Lawson] but found [Global]<br>]]>
    </line>
    <line>
      <![CDATA[<br>Failure to verify: LCA AssignedLCA Assigned expected [ ] but found [Global]<br>]]>
    </line>
    <line>
      <![CDATA[<br>Failure to verify: High SeverityHigh Severity expected [] but found [Select...]<br>]]>
    </line>
    <line>
      <![CDATA[<br>Failure to verify: Last UpdatedLast Updated expected [01/30/2020] but found [10/15/2020]<br>]]>
    </line>
    <line>
      <![CDATA[<br>Failure to verify: General CounselGeneral Counsel expected [] but found [Global]<br>]]>
    </line>
    <line>
      <![CDATA[<br>Failure to verify: LCA AssignedLCA Assigned expected [ ] but found [Global]<br>]]>
    </line>
    <line>
      <![CDATA[<br>Failure to verify: High SeverityHigh Severity expected [] but found [HS1]<br>]]>
    </line>
    <line>
      <![CDATA[<br>Failure to verify: Last UpdatedLast Updated expected [01/30/2020] but found [10/16/2020]<br>]]>
    </line>
    <line>
      <![CDATA[<br>Failure to verify: General CounselGeneral Counsel expected [] but found [Ms. Donna Lawson]<br>]]>
    </line>
    <line>
      <![CDATA[<br>Failure to verify: LCA AssignedLCA Assigned expected [ ] but found [Ms. Donna Lawson]<br>]]>
    </line>
  </reporter-output>
  <suite name="CMPA Data Driven TestRun" duration-ms="19314" started-at="2020-10-29T23:06:30Z" finished-at="2020-10-29T23:06:50Z">
    <groups>
    </groups>
    <test name="Login To Sugar Test" duration-ms="3219" started-at="2020-10-29T23:06:30Z" finished-at="2020-10-29T23:06:34Z">
      <class name="testcases.LoginSugarTest">
        <test-method status="PASS" signature="loginSugarTest()[pri:0, instance:testcases.LoginSugarTest@d86a6f]" name="loginSugarTest" duration-ms="3019" started-at="2020-10-29T19:06:30Z" finished-at="2020-10-29T19:06:33Z">
          <reporter-output>
            <line>
              <![CDATA[Login Successful.]]>
            </line>
          </reporter-output>
        </test-method> <!-- loginSugarTest -->
      </class> <!-- testcases.LoginSugarTest -->
    </test> <!-- Login To Sugar Test -->
    <test name="Verify Member Files Test" duration-ms="14349" started-at="2020-10-29T23:06:34Z" finished-at="2020-10-29T23:06:48Z">
      <class name="testcases.VerifyFilesTest">
        <test-method status="PASS" signature="verifyFilesTest(java.util.Hashtable)[pri:0, instance:testcases.VerifyFilesTest@2cf3d63b]" name="verifyFilesTest" duration-ms="5017" started-at="2020-10-29T19:06:34Z" data-provider="dp" finished-at="2020-10-29T19:06:39Z">
          <params>
            <param index="0">
              <value>
                <![CDATA[{CMA_ID= , CLOSED_DATE=01/10/2020, DESCR=A FP received a complaint alleging that he failed to abide by a previous Undertaking., RUNMODE=Y, ML_FILE_TYPE=, GENERAL_COUNSEL=Ms. Donna Lawson, STATUS=Closed, ASSIGNED_TO=Shena Riff, POO=AB - Alberta, ML_FILE_ID=2013019118, COO=Cochrane, LAST_UPDATED=01/30/2020, CREATION_DATE=10/30/2013, DOO=10/11/2013}]]>
              </value>
            </param>
          </params>
          <reporter-output>
            <line>
              <![CDATA[<br>Failure to verify: High SeverityHigh Severity expected [] but found [Select...]<br>]]>
            </line>
            <line>
              <![CDATA[<br>Failure to verify: Last UpdatedLast Updated expected [01/30/2020] but found [09/18/2020]<br>]]>
            </line>
            <line>
              <![CDATA[<br>Failure to verify: General CounselGeneral Counsel expected [Ms. Donna Lawson] but found [Global]<br>]]>
            </line>
            <line>
              <![CDATA[<br>Failure to verify: LCA AssignedLCA Assigned expected [ ] but found [Global]<br>]]>
            </line>
          </reporter-output>
        </test-method> <!-- verifyFilesTest -->
        <test-method status="PASS" signature="verifyFilesTest(java.util.Hashtable)[pri:0, instance:testcases.VerifyFilesTest@2cf3d63b]" name="verifyFilesTest" duration-ms="4379" started-at="2020-10-29T19:06:39Z" data-provider="dp" finished-at="2020-10-29T19:06:43Z">
          <params>
            <param index="0">
              <value>
                <![CDATA[{CMA_ID= , CLOSED_DATE=03/04/2019, DESCR=S-IMPRO - A 60-year-old female with chronic pain disclosed that she accepted a social invitation to dinner by a podiatrist and that she was uncomfortable when he attempted to kiss her., RUNMODE=Y, ML_FILE_TYPE=, GENERAL_COUNSEL=, STATUS=Closed, ASSIGNED_TO=Shena Riff, POO=AB - Alberta, ML_FILE_ID=2019004846, COO=Fort McMurray, LAST_UPDATED=01/30/2020, CREATION_DATE=02/20/2019, DOO=01/01/2019}]]>
              </value>
            </param>
          </params>
          <reporter-output>
            <line>
              <![CDATA[<br>Failure to verify: High SeverityHigh Severity expected [] but found [Select...]<br>]]>
            </line>
            <line>
              <![CDATA[<br>Failure to verify: Last UpdatedLast Updated expected [01/30/2020] but found [10/15/2020]<br>]]>
            </line>
            <line>
              <![CDATA[<br>Failure to verify: General CounselGeneral Counsel expected [] but found [Global]<br>]]>
            </line>
            <line>
              <![CDATA[<br>Failure to verify: LCA AssignedLCA Assigned expected [ ] but found [Global]<br>]]>
            </line>
          </reporter-output>
        </test-method> <!-- verifyFilesTest -->
        <test-method status="PASS" signature="verifyFilesTest(java.util.Hashtable)[pri:0, instance:testcases.VerifyFilesTest@2cf3d63b]" name="verifyFilesTest" duration-ms="4291" started-at="2020-10-29T19:06:43Z" data-provider="dp" finished-at="2020-10-29T19:06:47Z">
          <params>
            <param index="0">
              <value>
                <![CDATA[{CMA_ID= , CLOSED_DATE=02/12/2018, DESCR=EOL - A 64-year-old male with ALS requested MAiD., RUNMODE=Y, ML_FILE_TYPE=, GENERAL_COUNSEL=, STATUS=Closed, ASSIGNED_TO=Dennis Desai, POO=MB - Manitoba, ML_FILE_ID=2018003393, COO=Winnipeg, LAST_UPDATED=01/30/2020, CREATION_DATE=02/09/2018, DOO=01/01/2018}]]>
              </value>
            </param>
          </params>
          <reporter-output>
            <line>
              <![CDATA[<br>Failure to verify: High SeverityHigh Severity expected [] but found [HS1]<br>]]>
            </line>
            <line>
              <![CDATA[<br>Failure to verify: Last UpdatedLast Updated expected [01/30/2020] but found [10/16/2020]<br>]]>
            </line>
            <line>
              <![CDATA[<br>Failure to verify: General CounselGeneral Counsel expected [] but found [Ms. Donna Lawson]<br>]]>
            </line>
            <line>
              <![CDATA[<br>Failure to verify: LCA AssignedLCA Assigned expected [ ] but found [Ms. Donna Lawson]<br>]]>
            </line>
          </reporter-output>
        </test-method> <!-- verifyFilesTest -->
        <test-method status="SKIP" signature="verifyFilesTest(java.util.Hashtable)[pri:0, instance:testcases.VerifyFilesTest@2cf3d63b]" name="verifyFilesTest" duration-ms="2" started-at="2020-10-29T19:06:47Z" data-provider="dp" finished-at="2020-10-29T19:06:47Z">
          <params>
            <param index="0">
              <value>
                <![CDATA[{CMA_ID=Susan Clark, CLOSED_DATE=04/03/2019, DESCR=A 46-year-old female with a past history of depression and malignant hyperthermia alleged that she experienced awareness and excruciating pain during a laparoscopic robotic-assisted hysterectomy for malignancy., RUNMODE=N, ML_FILE_TYPE=, GENERAL_COUNSEL=, STATUS=Closed, ASSIGNED_TO=Maria Bukowskyj, POO=ON - Ontario, ML_FILE_ID=2009000711, COO=Toronto, LAST_UPDATED=01/30/2020, CREATION_DATE=01/16/2009, DOO=12/15/2008}]]>
              </value>
            </param>
          </params>
          <exception class="org.testng.SkipException">
            <message>
              <![CDATA[Skipping test.]]>
            </message>
            <full-stacktrace>
              <![CDATA[org.testng.SkipException: Skipping test.
	at testcases.VerifyFilesTest.verifyFilesTest(VerifyFilesTest.java:30)
	at sun.reflect.NativeMethodAccessorImpl.invoke0(Native Method)
	at sun.reflect.NativeMethodAccessorImpl.invoke(NativeMethodAccessorImpl.java:62)
	at sun.reflect.DelegatingMethodAccessorImpl.invoke(DelegatingMethodAccessorImpl.java:43)
	at java.lang.reflect.Method.invoke(Method.java:498)
	at org.testng.internal.MethodInvocationHelper.invokeMethod(MethodInvocationHelper.java:108)
	at org.testng.internal.Invoker.invokeMethod(Invoker.java:661)
	at org.testng.internal.Invoker.invokeTestMethod(Invoker.java:869)
	at org.testng.internal.Invoker.invokeTestMethods(Invoker.java:1193)
	at org.testng.internal.TestMethodWorker.invokeTestMethods(TestMethodWorker.java:126)
	at org.testng.internal.TestMethodWorker.run(TestMethodWorker.java:109)
	at org.testng.TestRunner.privateRun(TestRunner.java:744)
	at org.testng.TestRunner.run(TestRunner.java:602)
	at org.testng.SuiteRunner.runTest(SuiteRunner.java:380)
	at org.testng.SuiteRunner.runSequentially(SuiteRunner.java:375)
	at org.testng.SuiteRunner.privateRun(SuiteRunner.java:340)
	at org.testng.SuiteRunner.run(SuiteRunner.java:289)
	at org.testng.SuiteRunnerWorker.runSuite(SuiteRunnerWorker.java:52)
	at org.testng.SuiteRunnerWorker.run(SuiteRunnerWorker.java:86)
	at org.testng.TestNG.runSuitesSequentially(TestNG.java:1301)
	at org.testng.TestNG.runSuitesLocally(TestNG.java:1226)
	at org.testng.TestNG.runSuites(TestNG.java:1144)
	at org.testng.TestNG.run(TestNG.java:1115)
	at org.testng.remote.AbstractRemoteTestNG.run(AbstractRemoteTestNG.java:115)
	at org.testng.remote.RemoteTestNG.initAndRun(RemoteTestNG.java:251)
	at org.testng.remote.RemoteTestNG.main(RemoteTestNG.java:77)
]]>
            </full-stacktrace>
          </exception> <!-- org.testng.SkipException -->
          <reporter-output>
          </reporter-output>
        </test-method> <!-- verifyFilesTest -->
        <test-method status="SKIP" signature="verifyFilesTest(java.util.Hashtable)[pri:0, instance:testcases.VerifyFilesTest@2cf3d63b]" name="verifyFilesTest" duration-ms="2" started-at="2020-10-29T19:06:47Z" data-provider="dp" finished-at="2020-10-29T19:06:47Z">
          <params>
            <param index="0">
              <value>
                <![CDATA[{CMA_ID= , CLOSED_DATE=06/12/2018, DESCR=Cocaine was found in a 37-year-old male's random urine test., RUNMODE=N, ML_FILE_TYPE=, GENERAL_COUNSEL=, STATUS=Closed, ASSIGNED_TO=James Kissick, POO=ON - Ontario, ML_FILE_ID=2016014912, COO=Lively, LAST_UPDATED=01/30/2020, CREATION_DATE=07/13/2016, DOO=07/13/2016}]]>
              </value>
            </param>
          </params>
          <exception class="org.testng.SkipException">
            <message>
              <![CDATA[Skipping test.]]>
            </message>
            <full-stacktrace>
              <![CDATA[org.testng.SkipException: Skipping test.
	at testcases.VerifyFilesTest.verifyFilesTest(VerifyFilesTest.java:30)
	at sun.reflect.NativeMethodAccessorImpl.invoke0(Native Method)
	at sun.reflect.NativeMethodAccessorImpl.invoke(NativeMethodAccessorImpl.java:62)
	at sun.reflect.DelegatingMethodAccessorImpl.invoke(DelegatingMethodAccessorImpl.java:43)
	at java.lang.reflect.Method.invoke(Method.java:498)
	at org.testng.internal.MethodInvocationHelper.invokeMethod(MethodInvocationHelper.java:108)
	at org.testng.internal.Invoker.invokeMethod(Invoker.java:661)
	at org.testng.internal.Invoker.invokeTestMethod(Invoker.java:869)
	at org.testng.internal.Invoker.invokeTestMethods(Invoker.java:1193)
	at org.testng.internal.TestMethodWorker.invokeTestMethods(TestMethodWorker.java:126)
	at org.testng.internal.TestMethodWorker.run(TestMethodWorker.java:109)
	at org.testng.TestRunner.privateRun(TestRunner.java:744)
	at org.testng.TestRunner.run(TestRunner.java:602)
	at org.testng.SuiteRunner.runTest(SuiteRunner.java:380)
	at org.testng.SuiteRunner.runSequentially(SuiteRunner.java:375)
	at org.testng.SuiteRunner.privateRun(SuiteRunner.java:340)
	at org.testng.SuiteRunner.run(SuiteRunner.java:289)
	at org.testng.SuiteRunnerWorker.runSuite(SuiteRunnerWorker.java:52)
	at org.testng.SuiteRunnerWorker.run(SuiteRunnerWorker.java:86)
	at org.testng.TestNG.runSuitesSequentially(TestNG.java:1301)
	at org.testng.TestNG.runSuitesLocally(TestNG.java:1226)
	at org.testng.TestNG.runSuites(TestNG.java:1144)
	at org.testng.TestNG.run(TestNG.java:1115)
	at org.testng.remote.AbstractRemoteTestNG.run(AbstractRemoteTestNG.java:115)
	at org.testng.remote.RemoteTestNG.initAndRun(RemoteTestNG.java:251)
	at org.testng.remote.RemoteTestNG.main(RemoteTestNG.java:77)
]]>
            </full-stacktrace>
          </exception> <!-- org.testng.SkipException -->
          <reporter-output>
          </reporter-output>
        </test-method> <!-- verifyFilesTest -->
        <test-method status="SKIP" signature="verifyFilesTest(java.util.Hashtable)[pri:0, instance:testcases.VerifyFilesTest@2cf3d63b]" name="verifyFilesTest" duration-ms="2" started-at="2020-10-29T19:06:47Z" data-provider="dp" finished-at="2020-10-29T19:06:47Z">
          <params>
            <param index="0">
              <value>
                <![CDATA[{CMA_ID=Christine Teske, CLOSED_DATE=05/16/2019, DESCR=A 24-year-old female gave birth to a severely compromised female infant after a prolonged second stage., RUNMODE=N, ML_FILE_TYPE=HS1, GENERAL_COUNSEL=, STATUS=Closed, ASSIGNED_TO=Sharon Caughey, POO=ON - Ontario, ML_FILE_ID=2009001208, COO=Oshawa, LAST_UPDATED=01/30/2020, CREATION_DATE=01/26/2009, DOO=01/25/2009}]]>
              </value>
            </param>
          </params>
          <exception class="org.testng.SkipException">
            <message>
              <![CDATA[Skipping test.]]>
            </message>
            <full-stacktrace>
              <![CDATA[org.testng.SkipException: Skipping test.
	at testcases.VerifyFilesTest.verifyFilesTest(VerifyFilesTest.java:30)
	at sun.reflect.NativeMethodAccessorImpl.invoke0(Native Method)
	at sun.reflect.NativeMethodAccessorImpl.invoke(NativeMethodAccessorImpl.java:62)
	at sun.reflect.DelegatingMethodAccessorImpl.invoke(DelegatingMethodAccessorImpl.java:43)
	at java.lang.reflect.Method.invoke(Method.java:498)
	at org.testng.internal.MethodInvocationHelper.invokeMethod(MethodInvocationHelper.java:108)
	at org.testng.internal.Invoker.invokeMethod(Invoker.java:661)
	at org.testng.internal.Invoker.invokeTestMethod(Invoker.java:869)
	at org.testng.internal.Invoker.invokeTestMethods(Invoker.java:1193)
	at org.testng.internal.TestMethodWorker.invokeTestMethods(TestMethodWorker.java:126)
	at org.testng.internal.TestMethodWorker.run(TestMethodWorker.java:109)
	at org.testng.TestRunner.privateRun(TestRunner.java:744)
	at org.testng.TestRunner.run(TestRunner.java:602)
	at org.testng.SuiteRunner.runTest(SuiteRunner.java:380)
	at org.testng.SuiteRunner.runSequentially(SuiteRunner.java:375)
	at org.testng.SuiteRunner.privateRun(SuiteRunner.java:340)
	at org.testng.SuiteRunner.run(SuiteRunner.java:289)
	at org.testng.SuiteRunnerWorker.runSuite(SuiteRunnerWorker.java:52)
	at org.testng.SuiteRunnerWorker.run(SuiteRunnerWorker.java:86)
	at org.testng.TestNG.runSuitesSequentially(TestNG.java:1301)
	at org.testng.TestNG.runSuitesLocally(TestNG.java:1226)
	at org.testng.TestNG.runSuites(TestNG.java:1144)
	at org.testng.TestNG.run(TestNG.java:1115)
	at org.testng.remote.AbstractRemoteTestNG.run(AbstractRemoteTestNG.java:115)
	at org.testng.remote.RemoteTestNG.initAndRun(RemoteTestNG.java:251)
	at org.testng.remote.RemoteTestNG.main(RemoteTestNG.java:77)
]]>
            </full-stacktrace>
          </exception> <!-- org.testng.SkipException -->
          <reporter-output>
          </reporter-output>
        </test-method> <!-- verifyFilesTest -->
        <test-method status="SKIP" signature="verifyFilesTest(java.util.Hashtable)[pri:0, instance:testcases.VerifyFilesTest@2cf3d63b]" name="verifyFilesTest" duration-ms="0" started-at="2020-10-29T19:06:47Z" data-provider="dp" finished-at="2020-10-29T19:06:47Z">
          <params>
            <param index="0">
              <value>
                <![CDATA[{CMA_ID= , CLOSED_DATE=02/16/2018, DESCR=A 55-year-old male suffered persistent neck and arm pain following an MVA., RUNMODE=N, ML_FILE_TYPE=, GENERAL_COUNSEL=, STATUS=Closed, ASSIGNED_TO=Sharon Caughey, POO=ON - Ontario, ML_FILE_ID=2012007319, COO=Sudbury, LAST_UPDATED=01/30/2020, CREATION_DATE=04/23/2012, DOO=01/17/2011}]]>
              </value>
            </param>
          </params>
          <exception class="org.testng.SkipException">
            <message>
              <![CDATA[Skipping test.]]>
            </message>
            <full-stacktrace>
              <![CDATA[org.testng.SkipException: Skipping test.
	at testcases.VerifyFilesTest.verifyFilesTest(VerifyFilesTest.java:30)
	at sun.reflect.NativeMethodAccessorImpl.invoke0(Native Method)
	at sun.reflect.NativeMethodAccessorImpl.invoke(NativeMethodAccessorImpl.java:62)
	at sun.reflect.DelegatingMethodAccessorImpl.invoke(DelegatingMethodAccessorImpl.java:43)
	at java.lang.reflect.Method.invoke(Method.java:498)
	at org.testng.internal.MethodInvocationHelper.invokeMethod(MethodInvocationHelper.java:108)
	at org.testng.internal.Invoker.invokeMethod(Invoker.java:661)
	at org.testng.internal.Invoker.invokeTestMethod(Invoker.java:869)
	at org.testng.internal.Invoker.invokeTestMethods(Invoker.java:1193)
	at org.testng.internal.TestMethodWorker.invokeTestMethods(TestMethodWorker.java:126)
	at org.testng.internal.TestMethodWorker.run(TestMethodWorker.java:109)
	at org.testng.TestRunner.privateRun(TestRunner.java:744)
	at org.testng.TestRunner.run(TestRunner.java:602)
	at org.testng.SuiteRunner.runTest(SuiteRunner.java:380)
	at org.testng.SuiteRunner.runSequentially(SuiteRunner.java:375)
	at org.testng.SuiteRunner.privateRun(SuiteRunner.java:340)
	at org.testng.SuiteRunner.run(SuiteRunner.java:289)
	at org.testng.SuiteRunnerWorker.runSuite(SuiteRunnerWorker.java:52)
	at org.testng.SuiteRunnerWorker.run(SuiteRunnerWorker.java:86)
	at org.testng.TestNG.runSuitesSequentially(TestNG.java:1301)
	at org.testng.TestNG.runSuitesLocally(TestNG.java:1226)
	at org.testng.TestNG.runSuites(TestNG.java:1144)
	at org.testng.TestNG.run(TestNG.java:1115)
	at org.testng.remote.AbstractRemoteTestNG.run(AbstractRemoteTestNG.java:115)
	at org.testng.remote.RemoteTestNG.initAndRun(RemoteTestNG.java:251)
	at org.testng.remote.RemoteTestNG.main(RemoteTestNG.java:77)
]]>
            </full-stacktrace>
          </exception> <!-- org.testng.SkipException -->
          <reporter-output>
          </reporter-output>
        </test-method> <!-- verifyFilesTest -->
        <test-method status="SKIP" signature="verifyFilesTest(java.util.Hashtable)[pri:0, instance:testcases.VerifyFilesTest@2cf3d63b]" name="verifyFilesTest" duration-ms="1" started-at="2020-10-29T19:06:48Z" data-provider="dp" finished-at="2020-10-29T19:06:48Z">
          <params>
            <param index="0">
              <value>
                <![CDATA[{CMA_ID= , CLOSED_DATE=08/29/2019, DESCR=A 67-year-old female with Alzheimer’s disease had a progression of her cognitive problems., RUNMODE=N, ML_FILE_TYPE=, GENERAL_COUNSEL=, STATUS=Closed, ASSIGNED_TO=Sharon Caughey, POO=ON - Ontario, ML_FILE_ID=2012020140, COO=Scarborough, LAST_UPDATED=01/30/2020, CREATION_DATE=11/23/2012, DOO=02/01/2009}]]>
              </value>
            </param>
          </params>
          <exception class="org.testng.SkipException">
            <message>
              <![CDATA[Skipping test.]]>
            </message>
            <full-stacktrace>
              <![CDATA[org.testng.SkipException: Skipping test.
	at testcases.VerifyFilesTest.verifyFilesTest(VerifyFilesTest.java:30)
	at sun.reflect.NativeMethodAccessorImpl.invoke0(Native Method)
	at sun.reflect.NativeMethodAccessorImpl.invoke(NativeMethodAccessorImpl.java:62)
	at sun.reflect.DelegatingMethodAccessorImpl.invoke(DelegatingMethodAccessorImpl.java:43)
	at java.lang.reflect.Method.invoke(Method.java:498)
	at org.testng.internal.MethodInvocationHelper.invokeMethod(MethodInvocationHelper.java:108)
	at org.testng.internal.Invoker.invokeMethod(Invoker.java:661)
	at org.testng.internal.Invoker.invokeTestMethod(Invoker.java:869)
	at org.testng.internal.Invoker.invokeTestMethods(Invoker.java:1193)
	at org.testng.internal.TestMethodWorker.invokeTestMethods(TestMethodWorker.java:126)
	at org.testng.internal.TestMethodWorker.run(TestMethodWorker.java:109)
	at org.testng.TestRunner.privateRun(TestRunner.java:744)
	at org.testng.TestRunner.run(TestRunner.java:602)
	at org.testng.SuiteRunner.runTest(SuiteRunner.java:380)
	at org.testng.SuiteRunner.runSequentially(SuiteRunner.java:375)
	at org.testng.SuiteRunner.privateRun(SuiteRunner.java:340)
	at org.testng.SuiteRunner.run(SuiteRunner.java:289)
	at org.testng.SuiteRunnerWorker.runSuite(SuiteRunnerWorker.java:52)
	at org.testng.SuiteRunnerWorker.run(SuiteRunnerWorker.java:86)
	at org.testng.TestNG.runSuitesSequentially(TestNG.java:1301)
	at org.testng.TestNG.runSuitesLocally(TestNG.java:1226)
	at org.testng.TestNG.runSuites(TestNG.java:1144)
	at org.testng.TestNG.run(TestNG.java:1115)
	at org.testng.remote.AbstractRemoteTestNG.run(AbstractRemoteTestNG.java:115)
	at org.testng.remote.RemoteTestNG.initAndRun(RemoteTestNG.java:251)
	at org.testng.remote.RemoteTestNG.main(RemoteTestNG.java:77)
]]>
            </full-stacktrace>
          </exception> <!-- org.testng.SkipException -->
          <reporter-output>
          </reporter-output>
        </test-method> <!-- verifyFilesTest -->
        <test-method status="SKIP" signature="verifyFilesTest(java.util.Hashtable)[pri:0, instance:testcases.VerifyFilesTest@2cf3d63b]" name="verifyFilesTest" duration-ms="0" started-at="2020-10-29T19:06:48Z" data-provider="dp" finished-at="2020-10-29T19:06:48Z">
          <params>
            <param index="0">
              <value>
                <![CDATA[{CMA_ID= , CLOSED_DATE=03/05/2019, DESCR=A group of urologists wished to improve communication with the chief of surgery., RUNMODE=N, ML_FILE_TYPE=, GENERAL_COUNSEL=, STATUS=Closed, ASSIGNED_TO=Sharon Caughey, POO=ON - Ontario, ML_FILE_ID=2014008597, COO=Sault Ste. Marie, LAST_UPDATED=01/30/2020, CREATION_DATE=05/07/2014, DOO=02/23/2018}]]>
              </value>
            </param>
          </params>
          <exception class="org.testng.SkipException">
            <message>
              <![CDATA[Skipping test.]]>
            </message>
            <full-stacktrace>
              <![CDATA[org.testng.SkipException: Skipping test.
	at testcases.VerifyFilesTest.verifyFilesTest(VerifyFilesTest.java:30)
	at sun.reflect.NativeMethodAccessorImpl.invoke0(Native Method)
	at sun.reflect.NativeMethodAccessorImpl.invoke(NativeMethodAccessorImpl.java:62)
	at sun.reflect.DelegatingMethodAccessorImpl.invoke(DelegatingMethodAccessorImpl.java:43)
	at java.lang.reflect.Method.invoke(Method.java:498)
	at org.testng.internal.MethodInvocationHelper.invokeMethod(MethodInvocationHelper.java:108)
	at org.testng.internal.Invoker.invokeMethod(Invoker.java:661)
	at org.testng.internal.Invoker.invokeTestMethod(Invoker.java:869)
	at org.testng.internal.Invoker.invokeTestMethods(Invoker.java:1193)
	at org.testng.internal.TestMethodWorker.invokeTestMethods(TestMethodWorker.java:126)
	at org.testng.internal.TestMethodWorker.run(TestMethodWorker.java:109)
	at org.testng.TestRunner.privateRun(TestRunner.java:744)
	at org.testng.TestRunner.run(TestRunner.java:602)
	at org.testng.SuiteRunner.runTest(SuiteRunner.java:380)
	at org.testng.SuiteRunner.runSequentially(SuiteRunner.java:375)
	at org.testng.SuiteRunner.privateRun(SuiteRunner.java:340)
	at org.testng.SuiteRunner.run(SuiteRunner.java:289)
	at org.testng.SuiteRunnerWorker.runSuite(SuiteRunnerWorker.java:52)
	at org.testng.SuiteRunnerWorker.run(SuiteRunnerWorker.java:86)
	at org.testng.TestNG.runSuitesSequentially(TestNG.java:1301)
	at org.testng.TestNG.runSuitesLocally(TestNG.java:1226)
	at org.testng.TestNG.runSuites(TestNG.java:1144)
	at org.testng.TestNG.run(TestNG.java:1115)
	at org.testng.remote.AbstractRemoteTestNG.run(AbstractRemoteTestNG.java:115)
	at org.testng.remote.RemoteTestNG.initAndRun(RemoteTestNG.java:251)
	at org.testng.remote.RemoteTestNG.main(RemoteTestNG.java:77)
]]>
            </full-stacktrace>
          </exception> <!-- org.testng.SkipException -->
          <reporter-output>
          </reporter-output>
        </test-method> <!-- verifyFilesTest -->
        <test-method status="SKIP" signature="verifyFilesTest(java.util.Hashtable)[pri:0, instance:testcases.VerifyFilesTest@2cf3d63b]" name="verifyFilesTest" duration-ms="1" started-at="2020-10-29T19:06:48Z" data-provider="dp" finished-at="2020-10-29T19:06:48Z">
          <params>
            <param index="0">
              <value>
                <![CDATA[{CMA_ID=Christine Teske, CLOSED_DATE=, DESCR=A 34-year-old pregnant female was involved in an MVA and later delivered a male infant with neurologic compromise., RUNMODE=N, ML_FILE_TYPE=HS1, GENERAL_COUNSEL=, STATUS=, ASSIGNED_TO=Sharon Caughey, POO=ON - Ontario, ML_FILE_ID=2014012732, COO=Ottawa, LAST_UPDATED=08/11/2020, CREATION_DATE=07/11/2014, DOO=05/21/2014}]]>
              </value>
            </param>
          </params>
          <exception class="org.testng.SkipException">
            <message>
              <![CDATA[Skipping test.]]>
            </message>
            <full-stacktrace>
              <![CDATA[org.testng.SkipException: Skipping test.
	at testcases.VerifyFilesTest.verifyFilesTest(VerifyFilesTest.java:30)
	at sun.reflect.NativeMethodAccessorImpl.invoke0(Native Method)
	at sun.reflect.NativeMethodAccessorImpl.invoke(NativeMethodAccessorImpl.java:62)
	at sun.reflect.DelegatingMethodAccessorImpl.invoke(DelegatingMethodAccessorImpl.java:43)
	at java.lang.reflect.Method.invoke(Method.java:498)
	at org.testng.internal.MethodInvocationHelper.invokeMethod(MethodInvocationHelper.java:108)
	at org.testng.internal.Invoker.invokeMethod(Invoker.java:661)
	at org.testng.internal.Invoker.invokeTestMethod(Invoker.java:869)
	at org.testng.internal.Invoker.invokeTestMethods(Invoker.java:1193)
	at org.testng.internal.TestMethodWorker.invokeTestMethods(TestMethodWorker.java:126)
	at org.testng.internal.TestMethodWorker.run(TestMethodWorker.java:109)
	at org.testng.TestRunner.privateRun(TestRunner.java:744)
	at org.testng.TestRunner.run(TestRunner.java:602)
	at org.testng.SuiteRunner.runTest(SuiteRunner.java:380)
	at org.testng.SuiteRunner.runSequentially(SuiteRunner.java:375)
	at org.testng.SuiteRunner.privateRun(SuiteRunner.java:340)
	at org.testng.SuiteRunner.run(SuiteRunner.java:289)
	at org.testng.SuiteRunnerWorker.runSuite(SuiteRunnerWorker.java:52)
	at org.testng.SuiteRunnerWorker.run(SuiteRunnerWorker.java:86)
	at org.testng.TestNG.runSuitesSequentially(TestNG.java:1301)
	at org.testng.TestNG.runSuitesLocally(TestNG.java:1226)
	at org.testng.TestNG.runSuites(TestNG.java:1144)
	at org.testng.TestNG.run(TestNG.java:1115)
	at org.testng.remote.AbstractRemoteTestNG.run(AbstractRemoteTestNG.java:115)
	at org.testng.remote.RemoteTestNG.initAndRun(RemoteTestNG.java:251)
	at org.testng.remote.RemoteTestNG.main(RemoteTestNG.java:77)
]]>
            </full-stacktrace>
          </exception> <!-- org.testng.SkipException -->
          <reporter-output>
          </reporter-output>
        </test-method> <!-- verifyFilesTest -->
        <test-method status="SKIP" signature="verifyFilesTest(java.util.Hashtable)[pri:0, instance:testcases.VerifyFilesTest@2cf3d63b]" name="verifyFilesTest" duration-ms="1" started-at="2020-10-29T19:06:48Z" data-provider="dp" finished-at="2020-10-29T19:06:48Z">
          <params>
            <param index="0">
              <value>
                <![CDATA[{CMA_ID=Christine Teske, CLOSED_DATE=, DESCR=A 42-year-old female was treated for cellulitis and gout but ultimately required an amputation., RUNMODE=N, ML_FILE_TYPE=, GENERAL_COUNSEL=, STATUS=, ASSIGNED_TO=Sharon Caughey, POO=ON - Ontario, ML_FILE_ID=2016021772, COO=Kenora, LAST_UPDATED=09/09/2020, CREATION_DATE=10/19/2016, DOO=05/23/2014}]]>
              </value>
            </param>
          </params>
          <exception class="org.testng.SkipException">
            <message>
              <![CDATA[Skipping test.]]>
            </message>
            <full-stacktrace>
              <![CDATA[org.testng.SkipException: Skipping test.
	at testcases.VerifyFilesTest.verifyFilesTest(VerifyFilesTest.java:30)
	at sun.reflect.NativeMethodAccessorImpl.invoke0(Native Method)
	at sun.reflect.NativeMethodAccessorImpl.invoke(NativeMethodAccessorImpl.java:62)
	at sun.reflect.DelegatingMethodAccessorImpl.invoke(DelegatingMethodAccessorImpl.java:43)
	at java.lang.reflect.Method.invoke(Method.java:498)
	at org.testng.internal.MethodInvocationHelper.invokeMethod(MethodInvocationHelper.java:108)
	at org.testng.internal.Invoker.invokeMethod(Invoker.java:661)
	at org.testng.internal.Invoker.invokeTestMethod(Invoker.java:869)
	at org.testng.internal.Invoker.invokeTestMethods(Invoker.java:1193)
	at org.testng.internal.TestMethodWorker.invokeTestMethods(TestMethodWorker.java:126)
	at org.testng.internal.TestMethodWorker.run(TestMethodWorker.java:109)
	at org.testng.TestRunner.privateRun(TestRunner.java:744)
	at org.testng.TestRunner.run(TestRunner.java:602)
	at org.testng.SuiteRunner.runTest(SuiteRunner.java:380)
	at org.testng.SuiteRunner.runSequentially(SuiteRunner.java:375)
	at org.testng.SuiteRunner.privateRun(SuiteRunner.java:340)
	at org.testng.SuiteRunner.run(SuiteRunner.java:289)
	at org.testng.SuiteRunnerWorker.runSuite(SuiteRunnerWorker.java:52)
	at org.testng.SuiteRunnerWorker.run(SuiteRunnerWorker.java:86)
	at org.testng.TestNG.runSuitesSequentially(TestNG.java:1301)
	at org.testng.TestNG.runSuitesLocally(TestNG.java:1226)
	at org.testng.TestNG.runSuites(TestNG.java:1144)
	at org.testng.TestNG.run(TestNG.java:1115)
	at org.testng.remote.AbstractRemoteTestNG.run(AbstractRemoteTestNG.java:115)
	at org.testng.remote.RemoteTestNG.initAndRun(RemoteTestNG.java:251)
	at org.testng.remote.RemoteTestNG.main(RemoteTestNG.java:77)
]]>
            </full-stacktrace>
          </exception> <!-- org.testng.SkipException -->
          <reporter-output>
          </reporter-output>
        </test-method> <!-- verifyFilesTest -->
        <test-method status="SKIP" signature="verifyFilesTest(java.util.Hashtable)[pri:0, instance:testcases.VerifyFilesTest@2cf3d63b]" name="verifyFilesTest" duration-ms="1" started-at="2020-10-29T19:06:48Z" data-provider="dp" finished-at="2020-10-29T19:06:48Z">
          <params>
            <param index="0">
              <value>
                <![CDATA[{CMA_ID=Christine Teske, CLOSED_DATE=05/28/2020, DESCR=A 66-year-old male died following a routine hemicolectomy., RUNMODE=N, ML_FILE_TYPE=, GENERAL_COUNSEL=, STATUS=Closed, ASSIGNED_TO=Sharon Caughey, POO=ON - Ontario, ML_FILE_ID=2017000276, COO=Orillia, LAST_UPDATED=05/29/2020, CREATION_DATE=01/05/2017, DOO=10/24/2016}]]>
              </value>
            </param>
          </params>
          <exception class="org.testng.SkipException">
            <message>
              <![CDATA[Skipping test.]]>
            </message>
            <full-stacktrace>
              <![CDATA[org.testng.SkipException: Skipping test.
	at testcases.VerifyFilesTest.verifyFilesTest(VerifyFilesTest.java:30)
	at sun.reflect.NativeMethodAccessorImpl.invoke0(Native Method)
	at sun.reflect.NativeMethodAccessorImpl.invoke(NativeMethodAccessorImpl.java:62)
	at sun.reflect.DelegatingMethodAccessorImpl.invoke(DelegatingMethodAccessorImpl.java:43)
	at java.lang.reflect.Method.invoke(Method.java:498)
	at org.testng.internal.MethodInvocationHelper.invokeMethod(MethodInvocationHelper.java:108)
	at org.testng.internal.Invoker.invokeMethod(Invoker.java:661)
	at org.testng.internal.Invoker.invokeTestMethod(Invoker.java:869)
	at org.testng.internal.Invoker.invokeTestMethods(Invoker.java:1193)
	at org.testng.internal.TestMethodWorker.invokeTestMethods(TestMethodWorker.java:126)
	at org.testng.internal.TestMethodWorker.run(TestMethodWorker.java:109)
	at org.testng.TestRunner.privateRun(TestRunner.java:744)
	at org.testng.TestRunner.run(TestRunner.java:602)
	at org.testng.SuiteRunner.runTest(SuiteRunner.java:380)
	at org.testng.SuiteRunner.runSequentially(SuiteRunner.java:375)
	at org.testng.SuiteRunner.privateRun(SuiteRunner.java:340)
	at org.testng.SuiteRunner.run(SuiteRunner.java:289)
	at org.testng.SuiteRunnerWorker.runSuite(SuiteRunnerWorker.java:52)
	at org.testng.SuiteRunnerWorker.run(SuiteRunnerWorker.java:86)
	at org.testng.TestNG.runSuitesSequentially(TestNG.java:1301)
	at org.testng.TestNG.runSuitesLocally(TestNG.java:1226)
	at org.testng.TestNG.runSuites(TestNG.java:1144)
	at org.testng.TestNG.run(TestNG.java:1115)
	at org.testng.remote.AbstractRemoteTestNG.run(AbstractRemoteTestNG.java:115)
	at org.testng.remote.RemoteTestNG.initAndRun(RemoteTestNG.java:251)
	at org.testng.remote.RemoteTestNG.main(RemoteTestNG.java:77)
]]>
            </full-stacktrace>
          </exception> <!-- org.testng.SkipException -->
          <reporter-output>
          </reporter-output>
        </test-method> <!-- verifyFilesTest -->
        <test-method status="SKIP" signature="verifyFilesTest(java.util.Hashtable)[pri:0, instance:testcases.VerifyFilesTest@2cf3d63b]" name="verifyFilesTest" duration-ms="1" started-at="2020-10-29T19:06:48Z" data-provider="dp" finished-at="2020-10-29T19:06:48Z">
          <params>
            <param index="0">
              <value>
                <![CDATA[{CMA_ID=Christine Teske, CLOSED_DATE=, DESCR=S-IMPRO - An eight-year-old female treated for diarrhea made an allegation of sexual impropriety many years later., RUNMODE=N, ML_FILE_TYPE=, GENERAL_COUNSEL=, STATUS=, ASSIGNED_TO=Sharon Caughey, POO=ON - Ontario, ML_FILE_ID=2018012407, COO=Toronto, LAST_UPDATED=01/23/2020, CREATION_DATE=05/23/2018, DOO=06/27/1980}]]>
              </value>
            </param>
          </params>
          <exception class="org.testng.SkipException">
            <message>
              <![CDATA[Skipping test.]]>
            </message>
            <full-stacktrace>
              <![CDATA[org.testng.SkipException: Skipping test.
	at testcases.VerifyFilesTest.verifyFilesTest(VerifyFilesTest.java:30)
	at sun.reflect.NativeMethodAccessorImpl.invoke0(Native Method)
	at sun.reflect.NativeMethodAccessorImpl.invoke(NativeMethodAccessorImpl.java:62)
	at sun.reflect.DelegatingMethodAccessorImpl.invoke(DelegatingMethodAccessorImpl.java:43)
	at java.lang.reflect.Method.invoke(Method.java:498)
	at org.testng.internal.MethodInvocationHelper.invokeMethod(MethodInvocationHelper.java:108)
	at org.testng.internal.Invoker.invokeMethod(Invoker.java:661)
	at org.testng.internal.Invoker.invokeTestMethod(Invoker.java:869)
	at org.testng.internal.Invoker.invokeTestMethods(Invoker.java:1193)
	at org.testng.internal.TestMethodWorker.invokeTestMethods(TestMethodWorker.java:126)
	at org.testng.internal.TestMethodWorker.run(TestMethodWorker.java:109)
	at org.testng.TestRunner.privateRun(TestRunner.java:744)
	at org.testng.TestRunner.run(TestRunner.java:602)
	at org.testng.SuiteRunner.runTest(SuiteRunner.java:380)
	at org.testng.SuiteRunner.runSequentially(SuiteRunner.java:375)
	at org.testng.SuiteRunner.privateRun(SuiteRunner.java:340)
	at org.testng.SuiteRunner.run(SuiteRunner.java:289)
	at org.testng.SuiteRunnerWorker.runSuite(SuiteRunnerWorker.java:52)
	at org.testng.SuiteRunnerWorker.run(SuiteRunnerWorker.java:86)
	at org.testng.TestNG.runSuitesSequentially(TestNG.java:1301)
	at org.testng.TestNG.runSuitesLocally(TestNG.java:1226)
	at org.testng.TestNG.runSuites(TestNG.java:1144)
	at org.testng.TestNG.run(TestNG.java:1115)
	at org.testng.remote.AbstractRemoteTestNG.run(AbstractRemoteTestNG.java:115)
	at org.testng.remote.RemoteTestNG.initAndRun(RemoteTestNG.java:251)
	at org.testng.remote.RemoteTestNG.main(RemoteTestNG.java:77)
]]>
            </full-stacktrace>
          </exception> <!-- org.testng.SkipException -->
          <reporter-output>
          </reporter-output>
        </test-method> <!-- verifyFilesTest -->
        <test-method status="SKIP" signature="verifyFilesTest(java.util.Hashtable)[pri:0, instance:testcases.VerifyFilesTest@2cf3d63b]" name="verifyFilesTest" duration-ms="1" started-at="2020-10-29T19:06:48Z" data-provider="dp" finished-at="2020-10-29T19:06:48Z">
          <params>
            <param index="0">
              <value>
                <![CDATA[{CMA_ID= , CLOSED_DATE=10/25/2019, DESCR=A 56-year-old male with chronic pain did not like his family physician’s approach to narcotic prescribing., RUNMODE=N, ML_FILE_TYPE=, GENERAL_COUNSEL=, STATUS=Closed, ASSIGNED_TO=Sharon Caughey, POO=ON - Ontario, ML_FILE_ID=2018016001, COO=Brampton, LAST_UPDATED=01/30/2020, CREATION_DATE=07/05/2018, DOO=08/12/2016}]]>
              </value>
            </param>
          </params>
          <exception class="org.testng.SkipException">
            <message>
              <![CDATA[Skipping test.]]>
            </message>
            <full-stacktrace>
              <![CDATA[org.testng.SkipException: Skipping test.
	at testcases.VerifyFilesTest.verifyFilesTest(VerifyFilesTest.java:30)
	at sun.reflect.NativeMethodAccessorImpl.invoke0(Native Method)
	at sun.reflect.NativeMethodAccessorImpl.invoke(NativeMethodAccessorImpl.java:62)
	at sun.reflect.DelegatingMethodAccessorImpl.invoke(DelegatingMethodAccessorImpl.java:43)
	at java.lang.reflect.Method.invoke(Method.java:498)
	at org.testng.internal.MethodInvocationHelper.invokeMethod(MethodInvocationHelper.java:108)
	at org.testng.internal.Invoker.invokeMethod(Invoker.java:661)
	at org.testng.internal.Invoker.invokeTestMethod(Invoker.java:869)
	at org.testng.internal.Invoker.invokeTestMethods(Invoker.java:1193)
	at org.testng.internal.TestMethodWorker.invokeTestMethods(TestMethodWorker.java:126)
	at org.testng.internal.TestMethodWorker.run(TestMethodWorker.java:109)
	at org.testng.TestRunner.privateRun(TestRunner.java:744)
	at org.testng.TestRunner.run(TestRunner.java:602)
	at org.testng.SuiteRunner.runTest(SuiteRunner.java:380)
	at org.testng.SuiteRunner.runSequentially(SuiteRunner.java:375)
	at org.testng.SuiteRunner.privateRun(SuiteRunner.java:340)
	at org.testng.SuiteRunner.run(SuiteRunner.java:289)
	at org.testng.SuiteRunnerWorker.runSuite(SuiteRunnerWorker.java:52)
	at org.testng.SuiteRunnerWorker.run(SuiteRunnerWorker.java:86)
	at org.testng.TestNG.runSuitesSequentially(TestNG.java:1301)
	at org.testng.TestNG.runSuitesLocally(TestNG.java:1226)
	at org.testng.TestNG.runSuites(TestNG.java:1144)
	at org.testng.TestNG.run(TestNG.java:1115)
	at org.testng.remote.AbstractRemoteTestNG.run(AbstractRemoteTestNG.java:115)
	at org.testng.remote.RemoteTestNG.initAndRun(RemoteTestNG.java:251)
	at org.testng.remote.RemoteTestNG.main(RemoteTestNG.java:77)
]]>
            </full-stacktrace>
          </exception> <!-- org.testng.SkipException -->
          <reporter-output>
          </reporter-output>
        </test-method> <!-- verifyFilesTest -->
        <test-method status="SKIP" signature="verifyFilesTest(java.util.Hashtable)[pri:0, instance:testcases.VerifyFilesTest@2cf3d63b]" name="verifyFilesTest" duration-ms="1" started-at="2020-10-29T19:06:48Z" data-provider="dp" finished-at="2020-10-29T19:06:48Z">
          <params>
            <param index="0">
              <value>
                <![CDATA[{CMA_ID= , CLOSED_DATE=, DESCR=S-IMPRO – A 55-year-old female alleged inappropriate touching during a post-operative assessment of her vulva following excision of a benign cyst., RUNMODE=N, ML_FILE_TYPE=, GENERAL_COUNSEL=, STATUS=, ASSIGNED_TO=Sharon Caughey, POO=ON - Ontario, ML_FILE_ID=2018030076, COO=Toronto, LAST_UPDATED=04/03/2020, CREATION_DATE=12/20/2018, DOO=12/19/2018}]]>
              </value>
            </param>
          </params>
          <exception class="org.testng.SkipException">
            <message>
              <![CDATA[Skipping test.]]>
            </message>
            <full-stacktrace>
              <![CDATA[org.testng.SkipException: Skipping test.
	at testcases.VerifyFilesTest.verifyFilesTest(VerifyFilesTest.java:30)
	at sun.reflect.NativeMethodAccessorImpl.invoke0(Native Method)
	at sun.reflect.NativeMethodAccessorImpl.invoke(NativeMethodAccessorImpl.java:62)
	at sun.reflect.DelegatingMethodAccessorImpl.invoke(DelegatingMethodAccessorImpl.java:43)
	at java.lang.reflect.Method.invoke(Method.java:498)
	at org.testng.internal.MethodInvocationHelper.invokeMethod(MethodInvocationHelper.java:108)
	at org.testng.internal.Invoker.invokeMethod(Invoker.java:661)
	at org.testng.internal.Invoker.invokeTestMethod(Invoker.java:869)
	at org.testng.internal.Invoker.invokeTestMethods(Invoker.java:1193)
	at org.testng.internal.TestMethodWorker.invokeTestMethods(TestMethodWorker.java:126)
	at org.testng.internal.TestMethodWorker.run(TestMethodWorker.java:109)
	at org.testng.TestRunner.privateRun(TestRunner.java:744)
	at org.testng.TestRunner.run(TestRunner.java:602)
	at org.testng.SuiteRunner.runTest(SuiteRunner.java:380)
	at org.testng.SuiteRunner.runSequentially(SuiteRunner.java:375)
	at org.testng.SuiteRunner.privateRun(SuiteRunner.java:340)
	at org.testng.SuiteRunner.run(SuiteRunner.java:289)
	at org.testng.SuiteRunnerWorker.runSuite(SuiteRunnerWorker.java:52)
	at org.testng.SuiteRunnerWorker.run(SuiteRunnerWorker.java:86)
	at org.testng.TestNG.runSuitesSequentially(TestNG.java:1301)
	at org.testng.TestNG.runSuitesLocally(TestNG.java:1226)
	at org.testng.TestNG.runSuites(TestNG.java:1144)
	at org.testng.TestNG.run(TestNG.java:1115)
	at org.testng.remote.AbstractRemoteTestNG.run(AbstractRemoteTestNG.java:115)
	at org.testng.remote.RemoteTestNG.initAndRun(RemoteTestNG.java:251)
	at org.testng.remote.RemoteTestNG.main(RemoteTestNG.java:77)
]]>
            </full-stacktrace>
          </exception> <!-- org.testng.SkipException -->
          <reporter-output>
          </reporter-output>
        </test-method> <!-- verifyFilesTest -->
        <test-method status="SKIP" signature="verifyFilesTest(java.util.Hashtable)[pri:0, instance:testcases.VerifyFilesTest@2cf3d63b]" name="verifyFilesTest" duration-ms="2" started-at="2020-10-29T19:06:48Z" data-provider="dp" finished-at="2020-10-29T19:06:48Z">
          <params>
            <param index="0">
              <value>
                <![CDATA[{CMA_ID= , CLOSED_DATE=03/04/2020, DESCR=IPC - A forensic psychiatrist's facial expression was characterized as dismissive by another staff member., RUNMODE=N, ML_FILE_TYPE=, GENERAL_COUNSEL=, STATUS=Closed, ASSIGNED_TO=Sharon Caughey, POO=ON - Ontario, ML_FILE_ID=2019005554, COO=London, LAST_UPDATED=03/04/2020, CREATION_DATE=02/27/2019, DOO=03/04/2018}]]>
              </value>
            </param>
          </params>
          <exception class="org.testng.SkipException">
            <message>
              <![CDATA[Skipping test.]]>
            </message>
            <full-stacktrace>
              <![CDATA[org.testng.SkipException: Skipping test.
	at testcases.VerifyFilesTest.verifyFilesTest(VerifyFilesTest.java:30)
	at sun.reflect.NativeMethodAccessorImpl.invoke0(Native Method)
	at sun.reflect.NativeMethodAccessorImpl.invoke(NativeMethodAccessorImpl.java:62)
	at sun.reflect.DelegatingMethodAccessorImpl.invoke(DelegatingMethodAccessorImpl.java:43)
	at java.lang.reflect.Method.invoke(Method.java:498)
	at org.testng.internal.MethodInvocationHelper.invokeMethod(MethodInvocationHelper.java:108)
	at org.testng.internal.Invoker.invokeMethod(Invoker.java:661)
	at org.testng.internal.Invoker.invokeTestMethod(Invoker.java:869)
	at org.testng.internal.Invoker.invokeTestMethods(Invoker.java:1193)
	at org.testng.internal.TestMethodWorker.invokeTestMethods(TestMethodWorker.java:126)
	at org.testng.internal.TestMethodWorker.run(TestMethodWorker.java:109)
	at org.testng.TestRunner.privateRun(TestRunner.java:744)
	at org.testng.TestRunner.run(TestRunner.java:602)
	at org.testng.SuiteRunner.runTest(SuiteRunner.java:380)
	at org.testng.SuiteRunner.runSequentially(SuiteRunner.java:375)
	at org.testng.SuiteRunner.privateRun(SuiteRunner.java:340)
	at org.testng.SuiteRunner.run(SuiteRunner.java:289)
	at org.testng.SuiteRunnerWorker.runSuite(SuiteRunnerWorker.java:52)
	at org.testng.SuiteRunnerWorker.run(SuiteRunnerWorker.java:86)
	at org.testng.TestNG.runSuitesSequentially(TestNG.java:1301)
	at org.testng.TestNG.runSuitesLocally(TestNG.java:1226)
	at org.testng.TestNG.runSuites(TestNG.java:1144)
	at org.testng.TestNG.run(TestNG.java:1115)
	at org.testng.remote.AbstractRemoteTestNG.run(AbstractRemoteTestNG.java:115)
	at org.testng.remote.RemoteTestNG.initAndRun(RemoteTestNG.java:251)
	at org.testng.remote.RemoteTestNG.main(RemoteTestNG.java:77)
]]>
            </full-stacktrace>
          </exception> <!-- org.testng.SkipException -->
          <reporter-output>
          </reporter-output>
        </test-method> <!-- verifyFilesTest -->
        <test-method status="SKIP" signature="verifyFilesTest(java.util.Hashtable)[pri:0, instance:testcases.VerifyFilesTest@2cf3d63b]" name="verifyFilesTest" duration-ms="1" started-at="2020-10-29T19:06:48Z" data-provider="dp" finished-at="2020-10-29T19:06:48Z">
          <params>
            <param index="0">
              <value>
                <![CDATA[{CMA_ID= , CLOSED_DATE=02/10/2020, DESCR=A 60-year-old female with hearing loss wanted her physician to remove her mask while speaking., RUNMODE=N, ML_FILE_TYPE=, GENERAL_COUNSEL=, STATUS=Closed, ASSIGNED_TO=Sharon Caughey, POO=ON - Ontario, ML_FILE_ID=2019005842, COO=Lucan, LAST_UPDATED=02/11/2020, CREATION_DATE=03/01/2019, DOO=10/23/2018}]]>
              </value>
            </param>
          </params>
          <exception class="org.testng.SkipException">
            <message>
              <![CDATA[Skipping test.]]>
            </message>
            <full-stacktrace>
              <![CDATA[org.testng.SkipException: Skipping test.
	at testcases.VerifyFilesTest.verifyFilesTest(VerifyFilesTest.java:30)
	at sun.reflect.GeneratedMethodAccessor39.invoke(Unknown Source)
	at sun.reflect.DelegatingMethodAccessorImpl.invoke(DelegatingMethodAccessorImpl.java:43)
	at java.lang.reflect.Method.invoke(Method.java:498)
	at org.testng.internal.MethodInvocationHelper.invokeMethod(MethodInvocationHelper.java:108)
	at org.testng.internal.Invoker.invokeMethod(Invoker.java:661)
	at org.testng.internal.Invoker.invokeTestMethod(Invoker.java:869)
	at org.testng.internal.Invoker.invokeTestMethods(Invoker.java:1193)
	at org.testng.internal.TestMethodWorker.invokeTestMethods(TestMethodWorker.java:126)
	at org.testng.internal.TestMethodWorker.run(TestMethodWorker.java:109)
	at org.testng.TestRunner.privateRun(TestRunner.java:744)
	at org.testng.TestRunner.run(TestRunner.java:602)
	at org.testng.SuiteRunner.runTest(SuiteRunner.java:380)
	at org.testng.SuiteRunner.runSequentially(SuiteRunner.java:375)
	at org.testng.SuiteRunner.privateRun(SuiteRunner.java:340)
	at org.testng.SuiteRunner.run(SuiteRunner.java:289)
	at org.testng.SuiteRunnerWorker.runSuite(SuiteRunnerWorker.java:52)
	at org.testng.SuiteRunnerWorker.run(SuiteRunnerWorker.java:86)
	at org.testng.TestNG.runSuitesSequentially(TestNG.java:1301)
	at org.testng.TestNG.runSuitesLocally(TestNG.java:1226)
	at org.testng.TestNG.runSuites(TestNG.java:1144)
	at org.testng.TestNG.run(TestNG.java:1115)
	at org.testng.remote.AbstractRemoteTestNG.run(AbstractRemoteTestNG.java:115)
	at org.testng.remote.RemoteTestNG.initAndRun(RemoteTestNG.java:251)
	at org.testng.remote.RemoteTestNG.main(RemoteTestNG.java:77)
]]>
            </full-stacktrace>
          </exception> <!-- org.testng.SkipException -->
          <reporter-output>
          </reporter-output>
        </test-method> <!-- verifyFilesTest -->
        <test-method status="SKIP" signature="verifyFilesTest(java.util.Hashtable)[pri:0, instance:testcases.VerifyFilesTest@2cf3d63b]" name="verifyFilesTest" duration-ms="1" started-at="2020-10-29T19:06:48Z" data-provider="dp" finished-at="2020-10-29T19:06:48Z">
          <params>
            <param index="0">
              <value>
                <![CDATA[{CMA_ID= , CLOSED_DATE=10/08/2020, DESCR=A 54-year-old male shipper-receiver with chronic back pain following a workplace injury was judged to have no psychiatric disability., RUNMODE=N, ML_FILE_TYPE=, GENERAL_COUNSEL=, STATUS=Closed, ASSIGNED_TO=Sharon Caughey, POO=ON - Ontario, ML_FILE_ID=2019014064, COO=Toronto, LAST_UPDATED=10/08/2020, CREATION_DATE=06/03/2019, DOO=09/01/2011}]]>
              </value>
            </param>
          </params>
          <exception class="org.testng.SkipException">
            <message>
              <![CDATA[Skipping test.]]>
            </message>
            <full-stacktrace>
              <![CDATA[org.testng.SkipException: Skipping test.
	at testcases.VerifyFilesTest.verifyFilesTest(VerifyFilesTest.java:30)
	at sun.reflect.GeneratedMethodAccessor39.invoke(Unknown Source)
	at sun.reflect.DelegatingMethodAccessorImpl.invoke(DelegatingMethodAccessorImpl.java:43)
	at java.lang.reflect.Method.invoke(Method.java:498)
	at org.testng.internal.MethodInvocationHelper.invokeMethod(MethodInvocationHelper.java:108)
	at org.testng.internal.Invoker.invokeMethod(Invoker.java:661)
	at org.testng.internal.Invoker.invokeTestMethod(Invoker.java:869)
	at org.testng.internal.Invoker.invokeTestMethods(Invoker.java:1193)
	at org.testng.internal.TestMethodWorker.invokeTestMethods(TestMethodWorker.java:126)
	at org.testng.internal.TestMethodWorker.run(TestMethodWorker.java:109)
	at org.testng.TestRunner.privateRun(TestRunner.java:744)
	at org.testng.TestRunner.run(TestRunner.java:602)
	at org.testng.SuiteRunner.runTest(SuiteRunner.java:380)
	at org.testng.SuiteRunner.runSequentially(SuiteRunner.java:375)
	at org.testng.SuiteRunner.privateRun(SuiteRunner.java:340)
	at org.testng.SuiteRunner.run(SuiteRunner.java:289)
	at org.testng.SuiteRunnerWorker.runSuite(SuiteRunnerWorker.java:52)
	at org.testng.SuiteRunnerWorker.run(SuiteRunnerWorker.java:86)
	at org.testng.TestNG.runSuitesSequentially(TestNG.java:1301)
	at org.testng.TestNG.runSuitesLocally(TestNG.java:1226)
	at org.testng.TestNG.runSuites(TestNG.java:1144)
	at org.testng.TestNG.run(TestNG.java:1115)
	at org.testng.remote.AbstractRemoteTestNG.run(AbstractRemoteTestNG.java:115)
	at org.testng.remote.RemoteTestNG.initAndRun(RemoteTestNG.java:251)
	at org.testng.remote.RemoteTestNG.main(RemoteTestNG.java:77)
]]>
            </full-stacktrace>
          </exception> <!-- org.testng.SkipException -->
          <reporter-output>
          </reporter-output>
        </test-method> <!-- verifyFilesTest -->
        <test-method status="SKIP" signature="verifyFilesTest(java.util.Hashtable)[pri:0, instance:testcases.VerifyFilesTest@2cf3d63b]" name="verifyFilesTest" duration-ms="1" started-at="2020-10-29T19:06:48Z" data-provider="dp" finished-at="2020-10-29T19:06:48Z">
          <params>
            <param index="0">
              <value>
                <![CDATA[{CMA_ID= , CLOSED_DATE=10/15/2019, DESCR=A 59-year-old female suffered a torn artery during cardiac catheterization., RUNMODE=N, ML_FILE_TYPE=, GENERAL_COUNSEL=, STATUS=Closed, ASSIGNED_TO=Christopher Canny, POO=ON - Ontario, ML_FILE_ID=2012001197, COO=Windsor, LAST_UPDATED=01/30/2020, CREATION_DATE=01/20/2012, DOO=01/19/2012}]]>
              </value>
            </param>
          </params>
          <exception class="org.testng.SkipException">
            <message>
              <![CDATA[Skipping test.]]>
            </message>
            <full-stacktrace>
              <![CDATA[org.testng.SkipException: Skipping test.
	at testcases.VerifyFilesTest.verifyFilesTest(VerifyFilesTest.java:30)
	at sun.reflect.GeneratedMethodAccessor39.invoke(Unknown Source)
	at sun.reflect.DelegatingMethodAccessorImpl.invoke(DelegatingMethodAccessorImpl.java:43)
	at java.lang.reflect.Method.invoke(Method.java:498)
	at org.testng.internal.MethodInvocationHelper.invokeMethod(MethodInvocationHelper.java:108)
	at org.testng.internal.Invoker.invokeMethod(Invoker.java:661)
	at org.testng.internal.Invoker.invokeTestMethod(Invoker.java:869)
	at org.testng.internal.Invoker.invokeTestMethods(Invoker.java:1193)
	at org.testng.internal.TestMethodWorker.invokeTestMethods(TestMethodWorker.java:126)
	at org.testng.internal.TestMethodWorker.run(TestMethodWorker.java:109)
	at org.testng.TestRunner.privateRun(TestRunner.java:744)
	at org.testng.TestRunner.run(TestRunner.java:602)
	at org.testng.SuiteRunner.runTest(SuiteRunner.java:380)
	at org.testng.SuiteRunner.runSequentially(SuiteRunner.java:375)
	at org.testng.SuiteRunner.privateRun(SuiteRunner.java:340)
	at org.testng.SuiteRunner.run(SuiteRunner.java:289)
	at org.testng.SuiteRunnerWorker.runSuite(SuiteRunnerWorker.java:52)
	at org.testng.SuiteRunnerWorker.run(SuiteRunnerWorker.java:86)
	at org.testng.TestNG.runSuitesSequentially(TestNG.java:1301)
	at org.testng.TestNG.runSuitesLocally(TestNG.java:1226)
	at org.testng.TestNG.runSuites(TestNG.java:1144)
	at org.testng.TestNG.run(TestNG.java:1115)
	at org.testng.remote.AbstractRemoteTestNG.run(AbstractRemoteTestNG.java:115)
	at org.testng.remote.RemoteTestNG.initAndRun(RemoteTestNG.java:251)
	at org.testng.remote.RemoteTestNG.main(RemoteTestNG.java:77)
]]>
            </full-stacktrace>
          </exception> <!-- org.testng.SkipException -->
          <reporter-output>
          </reporter-output>
        </test-method> <!-- verifyFilesTest -->
        <test-method status="SKIP" signature="verifyFilesTest(java.util.Hashtable)[pri:0, instance:testcases.VerifyFilesTest@2cf3d63b]" name="verifyFilesTest" duration-ms="1" started-at="2020-10-29T19:06:48Z" data-provider="dp" finished-at="2020-10-29T19:06:48Z">
          <params>
            <param index="0">
              <value>
                <![CDATA[{CMA_ID= , CLOSED_DATE=12/05/2018, DESCR=A man in his 20’s received a prescription for his skin treatment in another patient’s name., RUNMODE=N, ML_FILE_TYPE=, GENERAL_COUNSEL=, STATUS=Closed, ASSIGNED_TO=Shena Riff, POO=ON - Ontario, ML_FILE_ID=2.018028506E9, COO=Merrickville, LAST_UPDATED=01/30/2020, CREATION_DATE=12/04/2018, DOO=01/01/2018}]]>
              </value>
            </param>
          </params>
          <exception class="org.testng.SkipException">
            <message>
              <![CDATA[Skipping test.]]>
            </message>
            <full-stacktrace>
              <![CDATA[org.testng.SkipException: Skipping test.
	at testcases.VerifyFilesTest.verifyFilesTest(VerifyFilesTest.java:30)
	at sun.reflect.GeneratedMethodAccessor39.invoke(Unknown Source)
	at sun.reflect.DelegatingMethodAccessorImpl.invoke(DelegatingMethodAccessorImpl.java:43)
	at java.lang.reflect.Method.invoke(Method.java:498)
	at org.testng.internal.MethodInvocationHelper.invokeMethod(MethodInvocationHelper.java:108)
	at org.testng.internal.Invoker.invokeMethod(Invoker.java:661)
	at org.testng.internal.Invoker.invokeTestMethod(Invoker.java:869)
	at org.testng.internal.Invoker.invokeTestMethods(Invoker.java:1193)
	at org.testng.internal.TestMethodWorker.invokeTestMethods(TestMethodWorker.java:126)
	at org.testng.internal.TestMethodWorker.run(TestMethodWorker.java:109)
	at org.testng.TestRunner.privateRun(TestRunner.java:744)
	at org.testng.TestRunner.run(TestRunner.java:602)
	at org.testng.SuiteRunner.runTest(SuiteRunner.java:380)
	at org.testng.SuiteRunner.runSequentially(SuiteRunner.java:375)
	at org.testng.SuiteRunner.privateRun(SuiteRunner.java:340)
	at org.testng.SuiteRunner.run(SuiteRunner.java:289)
	at org.testng.SuiteRunnerWorker.runSuite(SuiteRunnerWorker.java:52)
	at org.testng.SuiteRunnerWorker.run(SuiteRunnerWorker.java:86)
	at org.testng.TestNG.runSuitesSequentially(TestNG.java:1301)
	at org.testng.TestNG.runSuitesLocally(TestNG.java:1226)
	at org.testng.TestNG.runSuites(TestNG.java:1144)
	at org.testng.TestNG.run(TestNG.java:1115)
	at org.testng.remote.AbstractRemoteTestNG.run(AbstractRemoteTestNG.java:115)
	at org.testng.remote.RemoteTestNG.initAndRun(RemoteTestNG.java:251)
	at org.testng.remote.RemoteTestNG.main(RemoteTestNG.java:77)
]]>
            </full-stacktrace>
          </exception> <!-- org.testng.SkipException -->
          <reporter-output>
          </reporter-output>
        </test-method> <!-- verifyFilesTest -->
        <test-method status="SKIP" signature="verifyFilesTest(java.util.Hashtable)[pri:0, instance:testcases.VerifyFilesTest@2cf3d63b]" name="verifyFilesTest" duration-ms="1" started-at="2020-10-29T19:06:48Z" data-provider="dp" finished-at="2020-10-29T19:06:48Z">
          <params>
            <param index="0">
              <value>
                <![CDATA[{CMA_ID=Kelly Gage, CLOSED_DATE=, DESCR=A seven-month-old female experienced a delayed diagnosis of hydrocephaly., RUNMODE=N, ML_FILE_TYPE=HS1, GENERAL_COUNSEL=, STATUS=, ASSIGNED_TO=Julie Jenner, POO=ON - Ontario, ML_FILE_ID=2009014568, COO=Ottawa, LAST_UPDATED=09/30/2020, CREATION_DATE=10/16/2018, DOO=01/02/2009}]]>
              </value>
            </param>
          </params>
          <exception class="org.testng.SkipException">
            <message>
              <![CDATA[Skipping test.]]>
            </message>
            <full-stacktrace>
              <![CDATA[org.testng.SkipException: Skipping test.
	at testcases.VerifyFilesTest.verifyFilesTest(VerifyFilesTest.java:30)
	at sun.reflect.GeneratedMethodAccessor39.invoke(Unknown Source)
	at sun.reflect.DelegatingMethodAccessorImpl.invoke(DelegatingMethodAccessorImpl.java:43)
	at java.lang.reflect.Method.invoke(Method.java:498)
	at org.testng.internal.MethodInvocationHelper.invokeMethod(MethodInvocationHelper.java:108)
	at org.testng.internal.Invoker.invokeMethod(Invoker.java:661)
	at org.testng.internal.Invoker.invokeTestMethod(Invoker.java:869)
	at org.testng.internal.Invoker.invokeTestMethods(Invoker.java:1193)
	at org.testng.internal.TestMethodWorker.invokeTestMethods(TestMethodWorker.java:126)
	at org.testng.internal.TestMethodWorker.run(TestMethodWorker.java:109)
	at org.testng.TestRunner.privateRun(TestRunner.java:744)
	at org.testng.TestRunner.run(TestRunner.java:602)
	at org.testng.SuiteRunner.runTest(SuiteRunner.java:380)
	at org.testng.SuiteRunner.runSequentially(SuiteRunner.java:375)
	at org.testng.SuiteRunner.privateRun(SuiteRunner.java:340)
	at org.testng.SuiteRunner.run(SuiteRunner.java:289)
	at org.testng.SuiteRunnerWorker.runSuite(SuiteRunnerWorker.java:52)
	at org.testng.SuiteRunnerWorker.run(SuiteRunnerWorker.java:86)
	at org.testng.TestNG.runSuitesSequentially(TestNG.java:1301)
	at org.testng.TestNG.runSuitesLocally(TestNG.java:1226)
	at org.testng.TestNG.runSuites(TestNG.java:1144)
	at org.testng.TestNG.run(TestNG.java:1115)
	at org.testng.remote.AbstractRemoteTestNG.run(AbstractRemoteTestNG.java:115)
	at org.testng.remote.RemoteTestNG.initAndRun(RemoteTestNG.java:251)
	at org.testng.remote.RemoteTestNG.main(RemoteTestNG.java:77)
]]>
            </full-stacktrace>
          </exception> <!-- org.testng.SkipException -->
          <reporter-output>
          </reporter-output>
        </test-method> <!-- verifyFilesTest -->
        <test-method status="SKIP" signature="verifyFilesTest(java.util.Hashtable)[pri:0, instance:testcases.VerifyFilesTest@2cf3d63b]" name="verifyFilesTest" duration-ms="2" started-at="2020-10-29T19:06:48Z" data-provider="dp" finished-at="2020-10-29T19:06:48Z">
          <params>
            <param index="0">
              <value>
                <![CDATA[{CMA_ID= , CLOSED_DATE=, DESCR=A 61-year-old female with mental health issues and chronic pain alleged inappropriate care by multiple physicians., RUNMODE=N, ML_FILE_TYPE=, GENERAL_COUNSEL=, STATUS=, ASSIGNED_TO=Caroline Ehrat, POO=ON - Ontario, ML_FILE_ID=2016001057, COO=Toronto, LAST_UPDATED=01/30/2020, CREATION_DATE=01/15/2016, DOO=01/01/2002}]]>
              </value>
            </param>
          </params>
          <exception class="org.testng.SkipException">
            <message>
              <![CDATA[Skipping test.]]>
            </message>
            <full-stacktrace>
              <![CDATA[org.testng.SkipException: Skipping test.
	at testcases.VerifyFilesTest.verifyFilesTest(VerifyFilesTest.java:30)
	at sun.reflect.GeneratedMethodAccessor39.invoke(Unknown Source)
	at sun.reflect.DelegatingMethodAccessorImpl.invoke(DelegatingMethodAccessorImpl.java:43)
	at java.lang.reflect.Method.invoke(Method.java:498)
	at org.testng.internal.MethodInvocationHelper.invokeMethod(MethodInvocationHelper.java:108)
	at org.testng.internal.Invoker.invokeMethod(Invoker.java:661)
	at org.testng.internal.Invoker.invokeTestMethod(Invoker.java:869)
	at org.testng.internal.Invoker.invokeTestMethods(Invoker.java:1193)
	at org.testng.internal.TestMethodWorker.invokeTestMethods(TestMethodWorker.java:126)
	at org.testng.internal.TestMethodWorker.run(TestMethodWorker.java:109)
	at org.testng.TestRunner.privateRun(TestRunner.java:744)
	at org.testng.TestRunner.run(TestRunner.java:602)
	at org.testng.SuiteRunner.runTest(SuiteRunner.java:380)
	at org.testng.SuiteRunner.runSequentially(SuiteRunner.java:375)
	at org.testng.SuiteRunner.privateRun(SuiteRunner.java:340)
	at org.testng.SuiteRunner.run(SuiteRunner.java:289)
	at org.testng.SuiteRunnerWorker.runSuite(SuiteRunnerWorker.java:52)
	at org.testng.SuiteRunnerWorker.run(SuiteRunnerWorker.java:86)
	at org.testng.TestNG.runSuitesSequentially(TestNG.java:1301)
	at org.testng.TestNG.runSuitesLocally(TestNG.java:1226)
	at org.testng.TestNG.runSuites(TestNG.java:1144)
	at org.testng.TestNG.run(TestNG.java:1115)
	at org.testng.remote.AbstractRemoteTestNG.run(AbstractRemoteTestNG.java:115)
	at org.testng.remote.RemoteTestNG.initAndRun(RemoteTestNG.java:251)
	at org.testng.remote.RemoteTestNG.main(RemoteTestNG.java:77)
]]>
            </full-stacktrace>
          </exception> <!-- org.testng.SkipException -->
          <reporter-output>
          </reporter-output>
        </test-method> <!-- verifyFilesTest -->
        <test-method status="SKIP" signature="verifyFilesTest(java.util.Hashtable)[pri:0, instance:testcases.VerifyFilesTest@2cf3d63b]" name="verifyFilesTest" duration-ms="1" started-at="2020-10-29T19:06:48Z" data-provider="dp" finished-at="2020-10-29T19:06:48Z">
          <params>
            <param index="0">
              <value>
                <![CDATA[{CMA_ID= , CLOSED_DATE=04/20/2018, DESCR=A pediatric resident was required by her program director to go on medical leave., RUNMODE=N, ML_FILE_TYPE=, GENERAL_COUNSEL=, STATUS=Closed, ASSIGNED_TO=Robert Johnston, POO=ON - Ontario, ML_FILE_ID=2018009406, COO=London, LAST_UPDATED=01/30/2020, CREATION_DATE=04/19/2018, DOO=04/20/2018}]]>
              </value>
            </param>
          </params>
          <exception class="org.testng.SkipException">
            <message>
              <![CDATA[Skipping test.]]>
            </message>
            <full-stacktrace>
              <![CDATA[org.testng.SkipException: Skipping test.
	at testcases.VerifyFilesTest.verifyFilesTest(VerifyFilesTest.java:30)
	at sun.reflect.GeneratedMethodAccessor39.invoke(Unknown Source)
	at sun.reflect.DelegatingMethodAccessorImpl.invoke(DelegatingMethodAccessorImpl.java:43)
	at java.lang.reflect.Method.invoke(Method.java:498)
	at org.testng.internal.MethodInvocationHelper.invokeMethod(MethodInvocationHelper.java:108)
	at org.testng.internal.Invoker.invokeMethod(Invoker.java:661)
	at org.testng.internal.Invoker.invokeTestMethod(Invoker.java:869)
	at org.testng.internal.Invoker.invokeTestMethods(Invoker.java:1193)
	at org.testng.internal.TestMethodWorker.invokeTestMethods(TestMethodWorker.java:126)
	at org.testng.internal.TestMethodWorker.run(TestMethodWorker.java:109)
	at org.testng.TestRunner.privateRun(TestRunner.java:744)
	at org.testng.TestRunner.run(TestRunner.java:602)
	at org.testng.SuiteRunner.runTest(SuiteRunner.java:380)
	at org.testng.SuiteRunner.runSequentially(SuiteRunner.java:375)
	at org.testng.SuiteRunner.privateRun(SuiteRunner.java:340)
	at org.testng.SuiteRunner.run(SuiteRunner.java:289)
	at org.testng.SuiteRunnerWorker.runSuite(SuiteRunnerWorker.java:52)
	at org.testng.SuiteRunnerWorker.run(SuiteRunnerWorker.java:86)
	at org.testng.TestNG.runSuitesSequentially(TestNG.java:1301)
	at org.testng.TestNG.runSuitesLocally(TestNG.java:1226)
	at org.testng.TestNG.runSuites(TestNG.java:1144)
	at org.testng.TestNG.run(TestNG.java:1115)
	at org.testng.remote.AbstractRemoteTestNG.run(AbstractRemoteTestNG.java:115)
	at org.testng.remote.RemoteTestNG.initAndRun(RemoteTestNG.java:251)
	at org.testng.remote.RemoteTestNG.main(RemoteTestNG.java:77)
]]>
            </full-stacktrace>
          </exception> <!-- org.testng.SkipException -->
          <reporter-output>
          </reporter-output>
        </test-method> <!-- verifyFilesTest -->
        <test-method status="SKIP" signature="verifyFilesTest(java.util.Hashtable)[pri:0, instance:testcases.VerifyFilesTest@2cf3d63b]" name="verifyFilesTest" duration-ms="1" started-at="2020-10-29T19:06:48Z" data-provider="dp" finished-at="2020-10-29T19:06:48Z">
          <params>
            <param index="0">
              <value>
                <![CDATA[{CMA_ID= , CLOSED_DATE=, DESCR=RAMQ onco - Billing matter - Quebec haematologist., RUNMODE=N, ML_FILE_TYPE=, GENERAL_COUNSEL=, STATUS=, ASSIGNED_TO=Yolanda Madarnas, POO=QC - Quebec, ML_FILE_ID=2019002703, COO=Côte-Saint-Luc, LAST_UPDATED=01/30/2020, CREATION_DATE=01/30/2019, DOO=01/01/2018}]]>
              </value>
            </param>
          </params>
          <exception class="org.testng.SkipException">
            <message>
              <![CDATA[Skipping test.]]>
            </message>
            <full-stacktrace>
              <![CDATA[org.testng.SkipException: Skipping test.
	at testcases.VerifyFilesTest.verifyFilesTest(VerifyFilesTest.java:30)
	at sun.reflect.GeneratedMethodAccessor39.invoke(Unknown Source)
	at sun.reflect.DelegatingMethodAccessorImpl.invoke(DelegatingMethodAccessorImpl.java:43)
	at java.lang.reflect.Method.invoke(Method.java:498)
	at org.testng.internal.MethodInvocationHelper.invokeMethod(MethodInvocationHelper.java:108)
	at org.testng.internal.Invoker.invokeMethod(Invoker.java:661)
	at org.testng.internal.Invoker.invokeTestMethod(Invoker.java:869)
	at org.testng.internal.Invoker.invokeTestMethods(Invoker.java:1193)
	at org.testng.internal.TestMethodWorker.invokeTestMethods(TestMethodWorker.java:126)
	at org.testng.internal.TestMethodWorker.run(TestMethodWorker.java:109)
	at org.testng.TestRunner.privateRun(TestRunner.java:744)
	at org.testng.TestRunner.run(TestRunner.java:602)
	at org.testng.SuiteRunner.runTest(SuiteRunner.java:380)
	at org.testng.SuiteRunner.runSequentially(SuiteRunner.java:375)
	at org.testng.SuiteRunner.privateRun(SuiteRunner.java:340)
	at org.testng.SuiteRunner.run(SuiteRunner.java:289)
	at org.testng.SuiteRunnerWorker.runSuite(SuiteRunnerWorker.java:52)
	at org.testng.SuiteRunnerWorker.run(SuiteRunnerWorker.java:86)
	at org.testng.TestNG.runSuitesSequentially(TestNG.java:1301)
	at org.testng.TestNG.runSuitesLocally(TestNG.java:1226)
	at org.testng.TestNG.runSuites(TestNG.java:1144)
	at org.testng.TestNG.run(TestNG.java:1115)
	at org.testng.remote.AbstractRemoteTestNG.run(AbstractRemoteTestNG.java:115)
	at org.testng.remote.RemoteTestNG.initAndRun(RemoteTestNG.java:251)
	at org.testng.remote.RemoteTestNG.main(RemoteTestNG.java:77)
]]>
            </full-stacktrace>
          </exception> <!-- org.testng.SkipException -->
          <reporter-output>
          </reporter-output>
        </test-method> <!-- verifyFilesTest -->
      </class> <!-- testcases.VerifyFilesTest -->
    </test> <!-- Verify Member Files Test -->
    <test name="PublishInTestRail" duration-ms="1708" started-at="2020-10-29T23:06:48Z" finished-at="2020-10-29T23:06:50Z">
      <class name="testcases.VerifyFilesTest">
        <test-method status="PASS" signature="setUp()[pri:0, instance:testcases.VerifyFilesTest@2cf3d63b]" name="setUp" is-config="true" duration-ms="6376" started-at="2020-10-29T19:06:24Z" finished-at="2020-10-29T19:06:30Z">
          <reporter-output>
          </reporter-output>
        </test-method> <!-- setUp -->
        <test-method status="PASS" signature="tearDown()[pri:0, instance:testcases.VerifyFilesTest@2cf3d63b]" name="tearDown" is-config="true" duration-ms="2981" started-at="2020-10-29T19:06:50Z" finished-at="2020-10-29T19:06:53Z">
          <reporter-output>
          </reporter-output>
        </test-method> <!-- tearDown -->
      </class> <!-- testcases.VerifyFilesTest -->
      <class name="testcases.TestRailPublish">
        <test-method status="PASS" signature="publishInTestRail()[pri:0, instance:testcases.TestRailPublish@27406a17]" name="publishInTestRail" duration-ms="1671" started-at="2020-10-29T19:06:48Z" finished-at="2020-10-29T19:06:50Z">
          <reporter-output>
          </reporter-output>
        </test-method> <!-- publishInTestRail -->
      </class> <!-- testcases.TestRailPublish -->
    </test> <!-- PublishInTestRail -->
  </suite> <!-- CMPA Data Driven TestRun -->
</testng-results>
