<html>
<head>
<title>TestNG:  Verify ML Case Files Test</title>
<link href="../testng.css" rel="stylesheet" type="text/css" />
<link href="../my-testng.css" rel="stylesheet" type="text/css" />

<style type="text/css">
.log { display: none;} 
.stack-trace { display: none;} 
</style>
<script type="text/javascript">
<!--
function flip(e) {
  current = e.style.display;
  if (current == 'block') {
    e.style.display = 'none';
    return 0;
  }
  else {
    e.style.display = 'block';
    return 1;
  }
}

function toggleBox(szDivId, elem, msg1, msg2)
{
  var res = -1;  if (document.getElementById) {
    res = flip(document.getElementById(szDivId));
  }
  else if (document.all) {
    // this is the way old msie versions work
    res = flip(document.all[szDivId]);
  }
  if(elem) {
    if(res == 0) elem.innerHTML = msg1; else elem.innerHTML = msg2;
  }

}

function toggleAllBoxes() {
  if (document.getElementsByTagName) {
    d = document.getElementsByTagName('div');
    for (i = 0; i < d.length; i++) {
      if (d[i].className == 'log') {
        flip(d[i]);
      }
    }
  }
}

// -->
</script>

</head>
<body>
<h2 align='center'>Verify ML Case Files Test</h2><table border='1' align="center">
<tr>
<td>Tests passed/Failed/Skipped:</td><td>0/1/57</td>
</tr><tr>
<td>Started on:</td><td>Tue Nov 17 10:01:57 EST 2020</td>
</tr>
<tr><td>Total time:</td><td>5 seconds (5397 ms)</td>
</tr><tr>
<td>Included groups:</td><td></td>
</tr><tr>
<td>Excluded groups:</td><td></td>
</tr>
</table><p/>
<small><i>(Hover the method name to see the test class name)</i></small><p/>
<table width='100%' border='1' class='invocation-failed'>
<tr><td colspan='4' align='center'><b>FAILED TESTS</b></td></tr>
<tr><td><b>Test method</b></td>
<td width="30%"><b>Exception</b></td>
<td width="10%"><b>Time (seconds)</b></td>
<td><b>Instance</b></td>
</tr>
<tr>
<td title='testcases.VerifyMLFilesTest.verifyMLFilesTest()'><b>verifyMLFilesTest</b><br>Test class: testcases.VerifyMLFilesTest<br>Parameters: {PROVINCE_OF_ISSUE=, DATE MODIFIED=, APPELLANT=, RUNMODE=Y, CASE_ID=1741746, TRIAL_DATE=, STATUS=Closed, PROCEDURE=, CMPA_SHARE_DAMAGES=0.0, DATE_OPENED=06/28/2010, ML_FILE_ID=2009000711, DATE_CREATE=, TOTAL_DAMAGES=0.0, APPEALED=, DATE_CLOSED=07/22/2010, JURY=0.0, DELETED=0.0}<br/>
<a href="#Output-724028528" onClick='toggleBox("Output-724028528", this, "Show output", "Hide output");'>Show output</a>

<a href="#Output-724028528" onClick="toggleAllBoxes();">Show all outputs</a>
<div class='log' id="Output-724028528">
<br>Failure to verify: File NumberFile Number expected [2009000711] but found [2009000711 MMB (ON)]<br><br/>
<br>Failure to verify: Shared DamagesShared Damages expected [0.0] but found [$0.00]<br><br/>
<br>Failure to verify: Total DamagesTotal Damages expected [0.0] but found [$0.00]<br><br/>
<br>Failure to verify: Date Case CreatedDate Case Created expected [null] but found [10/15/2020]<br><br/>
<br>Failure to verify: Date Case ModifiedDate Case Modified expected [null] but found [10/15/2020]<br><br/>
<br>Failure to verify: JuryJury expected [0.0] but found [0]<br><br/>
<br>Failure to verify: Province of IssueProvince of Issue expected [] but found [Select...]<br><br/>
Click here for screenshot<br/>
<a target="_blank" href=Tue_Nov_17_10_02_01_EST_2020.jpg>Screenshot</a><br/>
<a target="_blank"href=Tue_Nov_17_10_02_01_EST_2020.jpg><img src=Tue_Nov_17_10_02_01_EST_2020.jpg height=20 width=20></img></a><br/>
</div>
</td>
<td><div><pre>java.lang.AssertionError: null
	at testcases.VerifyMLFilesTest.verifyMLFilesTest(VerifyMLFilesTest.java:224)
... Removed 27 stack frames</pre></div><a href='#' onClick='toggleBox("stack-trace724028528", this, "Click to show all stack frames", "Click to hide stack frames")'>Click to show all stack frames</a>
<div class='stack-trace' id='stack-trace724028528'><pre>java.lang.AssertionError: null
	at org.testng.Assert.fail(Assert.java:93)
	at org.testng.Assert.fail(Assert.java:100)
	at testcases.VerifyMLFilesTest.verifyMLFilesTest(VerifyMLFilesTest.java:224)
	at sun.reflect.NativeMethodAccessorImpl.invoke0(Native Method)
	at sun.reflect.NativeMethodAccessorImpl.invoke(NativeMethodAccessorImpl.java:62)
	at sun.reflect.DelegatingMethodAccessorImpl.invoke(DelegatingMethodAccessorImpl.java:43)
	at java.lang.reflect.Method.invoke(Method.java:498)
	at org.testng.internal.MethodInvocationHelper.invokeMethod(MethodInvocationHelper.java:108)
	at org.testng.internal.Invoker.invokeMethod(Invoker.java:661)
	at org.testng.internal.Invoker.invokeTestMethod(Invoker.java:869)
	at org.testng.internal.Invoker.invokeTestMethods(Invoker.java:1193)
	at org.testng.internal.TestMethodWorker.invokeTestMethods(TestMethodWorker.java:126)
	at org.testng.internal.TestMethodWorker.run(TestMethodWorker.java:109)
	at org.testng.TestRunner.privateRun(TestRunner.java:744)
	at org.testng.TestRunner.run(TestRunner.java:602)
	at org.testng.SuiteRunner.runTest(SuiteRunner.java:380)
	at org.testng.SuiteRunner.runSequentially(SuiteRunner.java:375)
	at org.testng.SuiteRunner.privateRun(SuiteRunner.java:340)
	at org.testng.SuiteRunner.run(SuiteRunner.java:289)
	at org.testng.SuiteRunnerWorker.runSuite(SuiteRunnerWorker.java:52)
	at org.testng.SuiteRunnerWorker.run(SuiteRunnerWorker.java:86)
	at org.testng.TestNG.runSuitesSequentially(TestNG.java:1301)
	at org.testng.TestNG.runSuitesLocally(TestNG.java:1226)
	at org.testng.TestNG.runSuites(TestNG.java:1144)
	at org.testng.TestNG.run(TestNG.java:1115)
	at org.testng.remote.AbstractRemoteTestNG.run(AbstractRemoteTestNG.java:115)
	at org.testng.remote.RemoteTestNG.initAndRun(RemoteTestNG.java:251)
	at org.testng.remote.RemoteTestNG.main(RemoteTestNG.java:77)
</pre></div></td>
<td>3</td>
<td>testcases.VerifyMLFilesTest@196a42c3</td></tr>
</table><p>
<table width='100%' border='1' class='invocation-skipped'>
<tr><td colspan='4' align='center'><b>SKIPPED TESTS</b></td></tr>
<tr><td><b>Test method</b></td>
<td width="30%"><b>Exception</b></td>
<td width="10%"><b>Time (seconds)</b></td>
<td><b>Instance</b></td>
</tr>
<tr>
<td title='testcases.VerifyMLFilesTest.verifyMLFilesTest()'><b>verifyMLFilesTest</b><br>Test class: testcases.VerifyMLFilesTest<br>Parameters: {PROVINCE_OF_ISSUE=, DATE MODIFIED=, APPELLANT=, RUNMODE=N, CASE_ID=1595269, TRIAL_DATE=, STATUS=Closed, PROCEDURE=, CMPA_SHARE_DAMAGES=0.0, DATE_OPENED=05/16/2017, ML_FILE_ID=2009000711, DATE_CREATE=, TOTAL_DAMAGES=0.0, APPEALED=, DATE_CLOSED=08/23/2018, JURY=0.0, DELETED=0.0}</td>
<td><div><pre>org.testng.SkipException: Skipping test.
	at testcases.VerifyMLFilesTest.verifyMLFilesTest(VerifyMLFilesTest.java:32)
... Removed 25 stack frames</pre></div><a href='#' onClick='toggleBox("stack-trace687501326", this, "Click to show all stack frames", "Click to hide stack frames")'>Click to show all stack frames</a>
<div class='stack-trace' id='stack-trace687501326'><pre>org.testng.SkipException: Skipping test.
	at testcases.VerifyMLFilesTest.verifyMLFilesTest(VerifyMLFilesTest.java:32)
	at sun.reflect.NativeMethodAccessorImpl.invoke0(Native Method)
	at sun.reflect.NativeMethodAccessorImpl.invoke(NativeMethodAccessorImpl.java:62)
	at sun.reflect.DelegatingMethodAccessorImpl.invoke(DelegatingMethodAccessorImpl.java:43)
	at java.lang.reflect.Method.invoke(Method.java:498)
	at org.testng.internal.MethodInvocationHelper.invokeMethod(MethodInvocationHelper.java:108)
	at org.testng.internal.Invoker.invokeMethod(Invoker.java:661)
	at org.testng.internal.Invoker.invokeTestMethod(Invoker.java:869)
	at org.testng.internal.Invoker.invokeTestMethods(Invoker.java:1193)
	at org.testng.internal.TestMethodWorker.invokeTestMethods(TestMethodWorker.java:126)
	at org.testng.internal.TestMethodWorker.run(TestMethodWorker.java:109)
	at org.testng.TestRunner.privateRun(TestRunner.java:744)
	at org.testng.TestRunner.run(TestRunner.java:602)
	at org.testng.SuiteRunner.runTest(SuiteRunner.java:380)
	at org.testng.SuiteRunner.runSequentially(SuiteRunner.java:375)
	at org.testng.SuiteRunner.privateRun(SuiteRunner.java:340)
	at org.testng.SuiteRunner.run(SuiteRunner.java:289)
	at org.testng.SuiteRunnerWorker.runSuite(SuiteRunnerWorker.java:52)
	at org.testng.SuiteRunnerWorker.run(SuiteRunnerWorker.java:86)
	at org.testng.TestNG.runSuitesSequentially(TestNG.java:1301)
	at org.testng.TestNG.runSuitesLocally(TestNG.java:1226)
	at org.testng.TestNG.runSuites(TestNG.java:1144)
	at org.testng.TestNG.run(TestNG.java:1115)
	at org.testng.remote.AbstractRemoteTestNG.run(AbstractRemoteTestNG.java:115)
	at org.testng.remote.RemoteTestNG.initAndRun(RemoteTestNG.java:251)
	at org.testng.remote.RemoteTestNG.main(RemoteTestNG.java:77)
</pre></div></td>
<td>0</td>
<td>testcases.VerifyMLFilesTest@196a42c3</td></tr>
<tr>
<td title='testcases.VerifyMLFilesTest.verifyMLFilesTest()'><b>verifyMLFilesTest</b><br>Test class: testcases.VerifyMLFilesTest<br>Parameters: {PROVINCE_OF_ISSUE=, DATE MODIFIED=, APPELLANT=, RUNMODE=N, CASE_ID=1595373, TRIAL_DATE=, STATUS=Closed, PROCEDURE=, CMPA_SHARE_DAMAGES=0.0, DATE_OPENED=06/16/2009, ML_FILE_ID=2009000711, DATE_CREATE=, TOTAL_DAMAGES=0.0, APPEALED=, DATE_CLOSED=08/31/2009, JURY=0.0, DELETED=0.0}</td>
<td><div><pre>org.testng.SkipException: Skipping test.
	at testcases.VerifyMLFilesTest.verifyMLFilesTest(VerifyMLFilesTest.java:32)
... Removed 25 stack frames</pre></div><a href='#' onClick='toggleBox("stack-trace1671816300", this, "Click to show all stack frames", "Click to hide stack frames")'>Click to show all stack frames</a>
<div class='stack-trace' id='stack-trace1671816300'><pre>org.testng.SkipException: Skipping test.
	at testcases.VerifyMLFilesTest.verifyMLFilesTest(VerifyMLFilesTest.java:32)
	at sun.reflect.NativeMethodAccessorImpl.invoke0(Native Method)
	at sun.reflect.NativeMethodAccessorImpl.invoke(NativeMethodAccessorImpl.java:62)
	at sun.reflect.DelegatingMethodAccessorImpl.invoke(DelegatingMethodAccessorImpl.java:43)
	at java.lang.reflect.Method.invoke(Method.java:498)
	at org.testng.internal.MethodInvocationHelper.invokeMethod(MethodInvocationHelper.java:108)
	at org.testng.internal.Invoker.invokeMethod(Invoker.java:661)
	at org.testng.internal.Invoker.invokeTestMethod(Invoker.java:869)
	at org.testng.internal.Invoker.invokeTestMethods(Invoker.java:1193)
	at org.testng.internal.TestMethodWorker.invokeTestMethods(TestMethodWorker.java:126)
	at org.testng.internal.TestMethodWorker.run(TestMethodWorker.java:109)
	at org.testng.TestRunner.privateRun(TestRunner.java:744)
	at org.testng.TestRunner.run(TestRunner.java:602)
	at org.testng.SuiteRunner.runTest(SuiteRunner.java:380)
	at org.testng.SuiteRunner.runSequentially(SuiteRunner.java:375)
	at org.testng.SuiteRunner.privateRun(SuiteRunner.java:340)
	at org.testng.SuiteRunner.run(SuiteRunner.java:289)
	at org.testng.SuiteRunnerWorker.runSuite(SuiteRunnerWorker.java:52)
	at org.testng.SuiteRunnerWorker.run(SuiteRunnerWorker.java:86)
	at org.testng.TestNG.runSuitesSequentially(TestNG.java:1301)
	at org.testng.TestNG.runSuitesLocally(TestNG.java:1226)
	at org.testng.TestNG.runSuites(TestNG.java:1144)
	at org.testng.TestNG.run(TestNG.java:1115)
	at org.testng.remote.AbstractRemoteTestNG.run(AbstractRemoteTestNG.java:115)
	at org.testng.remote.RemoteTestNG.initAndRun(RemoteTestNG.java:251)
	at org.testng.remote.RemoteTestNG.main(RemoteTestNG.java:77)
</pre></div></td>
<td>0</td>
<td>testcases.VerifyMLFilesTest@196a42c3</td></tr>
<tr>
<td title='testcases.VerifyMLFilesTest.verifyMLFilesTest()'><b>verifyMLFilesTest</b><br>Test class: testcases.VerifyMLFilesTest<br>Parameters: {PROVINCE_OF_ISSUE=, DATE MODIFIED=, APPELLANT=, RUNMODE=N, CASE_ID=1537565, TRIAL_DATE=, STATUS=Closed, PROCEDURE=, CMPA_SHARE_DAMAGES=0.0, DATE_OPENED=01/16/2009, ML_FILE_ID=2009000711, DATE_CREATE=, TOTAL_DAMAGES=0.0, APPEALED=, DATE_CLOSED=01/20/2009, JURY=0.0, DELETED=0.0}</td>
<td><div><pre>org.testng.SkipException: Skipping test.
	at testcases.VerifyMLFilesTest.verifyMLFilesTest(VerifyMLFilesTest.java:32)
... Removed 25 stack frames</pre></div><a href='#' onClick='toggleBox("stack-trace1642308093", this, "Click to show all stack frames", "Click to hide stack frames")'>Click to show all stack frames</a>
<div class='stack-trace' id='stack-trace1642308093'><pre>org.testng.SkipException: Skipping test.
	at testcases.VerifyMLFilesTest.verifyMLFilesTest(VerifyMLFilesTest.java:32)
	at sun.reflect.NativeMethodAccessorImpl.invoke0(Native Method)
	at sun.reflect.NativeMethodAccessorImpl.invoke(NativeMethodAccessorImpl.java:62)
	at sun.reflect.DelegatingMethodAccessorImpl.invoke(DelegatingMethodAccessorImpl.java:43)
	at java.lang.reflect.Method.invoke(Method.java:498)
	at org.testng.internal.MethodInvocationHelper.invokeMethod(MethodInvocationHelper.java:108)
	at org.testng.internal.Invoker.invokeMethod(Invoker.java:661)
	at org.testng.internal.Invoker.invokeTestMethod(Invoker.java:869)
	at org.testng.internal.Invoker.invokeTestMethods(Invoker.java:1193)
	at org.testng.internal.TestMethodWorker.invokeTestMethods(TestMethodWorker.java:126)
	at org.testng.internal.TestMethodWorker.run(TestMethodWorker.java:109)
	at org.testng.TestRunner.privateRun(TestRunner.java:744)
	at org.testng.TestRunner.run(TestRunner.java:602)
	at org.testng.SuiteRunner.runTest(SuiteRunner.java:380)
	at org.testng.SuiteRunner.runSequentially(SuiteRunner.java:375)
	at org.testng.SuiteRunner.privateRun(SuiteRunner.java:340)
	at org.testng.SuiteRunner.run(SuiteRunner.java:289)
	at org.testng.SuiteRunnerWorker.runSuite(SuiteRunnerWorker.java:52)
	at org.testng.SuiteRunnerWorker.run(SuiteRunnerWorker.java:86)
	at org.testng.TestNG.runSuitesSequentially(TestNG.java:1301)
	at org.testng.TestNG.runSuitesLocally(TestNG.java:1226)
	at org.testng.TestNG.runSuites(TestNG.java:1144)
	at org.testng.TestNG.run(TestNG.java:1115)
	at org.testng.remote.AbstractRemoteTestNG.run(AbstractRemoteTestNG.java:115)
	at org.testng.remote.RemoteTestNG.initAndRun(RemoteTestNG.java:251)
	at org.testng.remote.RemoteTestNG.main(RemoteTestNG.java:77)
</pre></div></td>
<td>0</td>
<td>testcases.VerifyMLFilesTest@196a42c3</td></tr>
<tr>
<td title='testcases.VerifyMLFilesTest.verifyMLFilesTest()'><b>verifyMLFilesTest</b><br>Test class: testcases.VerifyMLFilesTest<br>Parameters: {PROVINCE_OF_ISSUE=, DATE MODIFIED=, APPELLANT=, RUNMODE=N, CASE_ID=1602612, TRIAL_DATE=6/8/15, STATUS=Closed, PROCEDURE=, CMPA_SHARE_DAMAGES=550000.0, DATE_OPENED=06/30/2009, ML_FILE_ID=2009000711, DATE_CREATE=, TOTAL_DAMAGES=550000.0, APPEALED=, DATE_CLOSED=04/03/2019, JURY=0.0, DELETED=0.0}</td>
<td><div><pre>org.testng.SkipException: Skipping test.
	at testcases.VerifyMLFilesTest.verifyMLFilesTest(VerifyMLFilesTest.java:32)
... Removed 25 stack frames</pre></div><a href='#' onClick='toggleBox("stack-trace1554877309", this, "Click to show all stack frames", "Click to hide stack frames")'>Click to show all stack frames</a>
<div class='stack-trace' id='stack-trace1554877309'><pre>org.testng.SkipException: Skipping test.
	at testcases.VerifyMLFilesTest.verifyMLFilesTest(VerifyMLFilesTest.java:32)
	at sun.reflect.NativeMethodAccessorImpl.invoke0(Native Method)
	at sun.reflect.NativeMethodAccessorImpl.invoke(NativeMethodAccessorImpl.java:62)
	at sun.reflect.DelegatingMethodAccessorImpl.invoke(DelegatingMethodAccessorImpl.java:43)
	at java.lang.reflect.Method.invoke(Method.java:498)
	at org.testng.internal.MethodInvocationHelper.invokeMethod(MethodInvocationHelper.java:108)
	at org.testng.internal.Invoker.invokeMethod(Invoker.java:661)
	at org.testng.internal.Invoker.invokeTestMethod(Invoker.java:869)
	at org.testng.internal.Invoker.invokeTestMethods(Invoker.java:1193)
	at org.testng.internal.TestMethodWorker.invokeTestMethods(TestMethodWorker.java:126)
	at org.testng.internal.TestMethodWorker.run(TestMethodWorker.java:109)
	at org.testng.TestRunner.privateRun(TestRunner.java:744)
	at org.testng.TestRunner.run(TestRunner.java:602)
	at org.testng.SuiteRunner.runTest(SuiteRunner.java:380)
	at org.testng.SuiteRunner.runSequentially(SuiteRunner.java:375)
	at org.testng.SuiteRunner.privateRun(SuiteRunner.java:340)
	at org.testng.SuiteRunner.run(SuiteRunner.java:289)
	at org.testng.SuiteRunnerWorker.runSuite(SuiteRunnerWorker.java:52)
	at org.testng.SuiteRunnerWorker.run(SuiteRunnerWorker.java:86)
	at org.testng.TestNG.runSuitesSequentially(TestNG.java:1301)
	at org.testng.TestNG.runSuitesLocally(TestNG.java:1226)
	at org.testng.TestNG.runSuites(TestNG.java:1144)
	at org.testng.TestNG.run(TestNG.java:1115)
	at org.testng.remote.AbstractRemoteTestNG.run(AbstractRemoteTestNG.java:115)
	at org.testng.remote.RemoteTestNG.initAndRun(RemoteTestNG.java:251)
	at org.testng.remote.RemoteTestNG.main(RemoteTestNG.java:77)
</pre></div></td>
<td>0</td>
<td>testcases.VerifyMLFilesTest@196a42c3</td></tr>
<tr>
<td title='testcases.VerifyMLFilesTest.verifyMLFilesTest()'><b>verifyMLFilesTest</b><br>Test class: testcases.VerifyMLFilesTest<br>Parameters: {PROVINCE_OF_ISSUE=, DATE MODIFIED=, APPELLANT=, RUNMODE=N, CASE_ID=1540801, TRIAL_DATE=, STATUS=Closed, PROCEDURE=, CMPA_SHARE_DAMAGES=0.0, DATE_OPENED=01/28/2009, ML_FILE_ID=2009001208, DATE_CREATE=, TOTAL_DAMAGES=0.0, APPEALED=, DATE_CLOSED=01/28/2009, JURY=0.0, DELETED=0.0}</td>
<td><div><pre>org.testng.SkipException: Skipping test.
	at testcases.VerifyMLFilesTest.verifyMLFilesTest(VerifyMLFilesTest.java:32)
... Removed 25 stack frames</pre></div><a href='#' onClick='toggleBox("stack-trace1107404311", this, "Click to show all stack frames", "Click to hide stack frames")'>Click to show all stack frames</a>
<div class='stack-trace' id='stack-trace1107404311'><pre>org.testng.SkipException: Skipping test.
	at testcases.VerifyMLFilesTest.verifyMLFilesTest(VerifyMLFilesTest.java:32)
	at sun.reflect.NativeMethodAccessorImpl.invoke0(Native Method)
	at sun.reflect.NativeMethodAccessorImpl.invoke(NativeMethodAccessorImpl.java:62)
	at sun.reflect.DelegatingMethodAccessorImpl.invoke(DelegatingMethodAccessorImpl.java:43)
	at java.lang.reflect.Method.invoke(Method.java:498)
	at org.testng.internal.MethodInvocationHelper.invokeMethod(MethodInvocationHelper.java:108)
	at org.testng.internal.Invoker.invokeMethod(Invoker.java:661)
	at org.testng.internal.Invoker.invokeTestMethod(Invoker.java:869)
	at org.testng.internal.Invoker.invokeTestMethods(Invoker.java:1193)
	at org.testng.internal.TestMethodWorker.invokeTestMethods(TestMethodWorker.java:126)
	at org.testng.internal.TestMethodWorker.run(TestMethodWorker.java:109)
	at org.testng.TestRunner.privateRun(TestRunner.java:744)
	at org.testng.TestRunner.run(TestRunner.java:602)
	at org.testng.SuiteRunner.runTest(SuiteRunner.java:380)
	at org.testng.SuiteRunner.runSequentially(SuiteRunner.java:375)
	at org.testng.SuiteRunner.privateRun(SuiteRunner.java:340)
	at org.testng.SuiteRunner.run(SuiteRunner.java:289)
	at org.testng.SuiteRunnerWorker.runSuite(SuiteRunnerWorker.java:52)
	at org.testng.SuiteRunnerWorker.run(SuiteRunnerWorker.java:86)
	at org.testng.TestNG.runSuitesSequentially(TestNG.java:1301)
	at org.testng.TestNG.runSuitesLocally(TestNG.java:1226)
	at org.testng.TestNG.runSuites(TestNG.java:1144)
	at org.testng.TestNG.run(TestNG.java:1115)
	at org.testng.remote.AbstractRemoteTestNG.run(AbstractRemoteTestNG.java:115)
	at org.testng.remote.RemoteTestNG.initAndRun(RemoteTestNG.java:251)
	at org.testng.remote.RemoteTestNG.main(RemoteTestNG.java:77)
</pre></div></td>
<td>0</td>
<td>testcases.VerifyMLFilesTest@196a42c3</td></tr>
<tr>
<td title='testcases.VerifyMLFilesTest.verifyMLFilesTest()'><b>verifyMLFilesTest</b><br>Test class: testcases.VerifyMLFilesTest<br>Parameters: {PROVINCE_OF_ISSUE=, DATE MODIFIED=, APPELLANT=, RUNMODE=N, CASE_ID=1813803, TRIAL_DATE=, STATUS=Closed, PROCEDURE=, CMPA_SHARE_DAMAGES=0.0, DATE_OPENED=03/06/2009, ML_FILE_ID=2009001208, DATE_CREATE=, TOTAL_DAMAGES=0.0, APPEALED=, DATE_CLOSED=08/21/2014, JURY=0.0, DELETED=0.0}</td>
<td><div><pre>org.testng.SkipException: Skipping test.
	at testcases.VerifyMLFilesTest.verifyMLFilesTest(VerifyMLFilesTest.java:32)
... Removed 25 stack frames</pre></div><a href='#' onClick='toggleBox("stack-trace814377348", this, "Click to show all stack frames", "Click to hide stack frames")'>Click to show all stack frames</a>
<div class='stack-trace' id='stack-trace814377348'><pre>org.testng.SkipException: Skipping test.
	at testcases.VerifyMLFilesTest.verifyMLFilesTest(VerifyMLFilesTest.java:32)
	at sun.reflect.NativeMethodAccessorImpl.invoke0(Native Method)
	at sun.reflect.NativeMethodAccessorImpl.invoke(NativeMethodAccessorImpl.java:62)
	at sun.reflect.DelegatingMethodAccessorImpl.invoke(DelegatingMethodAccessorImpl.java:43)
	at java.lang.reflect.Method.invoke(Method.java:498)
	at org.testng.internal.MethodInvocationHelper.invokeMethod(MethodInvocationHelper.java:108)
	at org.testng.internal.Invoker.invokeMethod(Invoker.java:661)
	at org.testng.internal.Invoker.invokeTestMethod(Invoker.java:869)
	at org.testng.internal.Invoker.invokeTestMethods(Invoker.java:1193)
	at org.testng.internal.TestMethodWorker.invokeTestMethods(TestMethodWorker.java:126)
	at org.testng.internal.TestMethodWorker.run(TestMethodWorker.java:109)
	at org.testng.TestRunner.privateRun(TestRunner.java:744)
	at org.testng.TestRunner.run(TestRunner.java:602)
	at org.testng.SuiteRunner.runTest(SuiteRunner.java:380)
	at org.testng.SuiteRunner.runSequentially(SuiteRunner.java:375)
	at org.testng.SuiteRunner.privateRun(SuiteRunner.java:340)
	at org.testng.SuiteRunner.run(SuiteRunner.java:289)
	at org.testng.SuiteRunnerWorker.runSuite(SuiteRunnerWorker.java:52)
	at org.testng.SuiteRunnerWorker.run(SuiteRunnerWorker.java:86)
	at org.testng.TestNG.runSuitesSequentially(TestNG.java:1301)
	at org.testng.TestNG.runSuitesLocally(TestNG.java:1226)
	at org.testng.TestNG.runSuites(TestNG.java:1144)
	at org.testng.TestNG.run(TestNG.java:1115)
	at org.testng.remote.AbstractRemoteTestNG.run(AbstractRemoteTestNG.java:115)
	at org.testng.remote.RemoteTestNG.initAndRun(RemoteTestNG.java:251)
	at org.testng.remote.RemoteTestNG.main(RemoteTestNG.java:77)
</pre></div></td>
<td>0</td>
<td>testcases.VerifyMLFilesTest@196a42c3</td></tr>
<tr>
<td title='testcases.VerifyMLFilesTest.verifyMLFilesTest()'><b>verifyMLFilesTest</b><br>Test class: testcases.VerifyMLFilesTest<br>Parameters: {PROVINCE_OF_ISSUE=, DATE MODIFIED=, APPELLANT=, RUNMODE=N, CASE_ID=1699864, TRIAL_DATE=, STATUS=Closed, PROCEDURE=, CMPA_SHARE_DAMAGES=0.0, DATE_OPENED=03/19/2010, ML_FILE_ID=2009001208, DATE_CREATE=, TOTAL_DAMAGES=0.0, APPEALED=, DATE_CLOSED=09/12/2011, JURY=0.0, DELETED=0.0}</td>
<td><div><pre>org.testng.SkipException: Skipping test.
	at testcases.VerifyMLFilesTest.verifyMLFilesTest(VerifyMLFilesTest.java:32)
... Removed 25 stack frames</pre></div><a href='#' onClick='toggleBox("stack-trace1689458432", this, "Click to show all stack frames", "Click to hide stack frames")'>Click to show all stack frames</a>
<div class='stack-trace' id='stack-trace1689458432'><pre>org.testng.SkipException: Skipping test.
	at testcases.VerifyMLFilesTest.verifyMLFilesTest(VerifyMLFilesTest.java:32)
	at sun.reflect.NativeMethodAccessorImpl.invoke0(Native Method)
	at sun.reflect.NativeMethodAccessorImpl.invoke(NativeMethodAccessorImpl.java:62)
	at sun.reflect.DelegatingMethodAccessorImpl.invoke(DelegatingMethodAccessorImpl.java:43)
	at java.lang.reflect.Method.invoke(Method.java:498)
	at org.testng.internal.MethodInvocationHelper.invokeMethod(MethodInvocationHelper.java:108)
	at org.testng.internal.Invoker.invokeMethod(Invoker.java:661)
	at org.testng.internal.Invoker.invokeTestMethod(Invoker.java:869)
	at org.testng.internal.Invoker.invokeTestMethods(Invoker.java:1193)
	at org.testng.internal.TestMethodWorker.invokeTestMethods(TestMethodWorker.java:126)
	at org.testng.internal.TestMethodWorker.run(TestMethodWorker.java:109)
	at org.testng.TestRunner.privateRun(TestRunner.java:744)
	at org.testng.TestRunner.run(TestRunner.java:602)
	at org.testng.SuiteRunner.runTest(SuiteRunner.java:380)
	at org.testng.SuiteRunner.runSequentially(SuiteRunner.java:375)
	at org.testng.SuiteRunner.privateRun(SuiteRunner.java:340)
	at org.testng.SuiteRunner.run(SuiteRunner.java:289)
	at org.testng.SuiteRunnerWorker.runSuite(SuiteRunnerWorker.java:52)
	at org.testng.SuiteRunnerWorker.run(SuiteRunnerWorker.java:86)
	at org.testng.TestNG.runSuitesSequentially(TestNG.java:1301)
	at org.testng.TestNG.runSuitesLocally(TestNG.java:1226)
	at org.testng.TestNG.runSuites(TestNG.java:1144)
	at org.testng.TestNG.run(TestNG.java:1115)
	at org.testng.remote.AbstractRemoteTestNG.run(AbstractRemoteTestNG.java:115)
	at org.testng.remote.RemoteTestNG.initAndRun(RemoteTestNG.java:251)
	at org.testng.remote.RemoteTestNG.main(RemoteTestNG.java:77)
</pre></div></td>
<td>0</td>
<td>testcases.VerifyMLFilesTest@196a42c3</td></tr>
<tr>
<td title='testcases.VerifyMLFilesTest.verifyMLFilesTest()'><b>verifyMLFilesTest</b><br>Test class: testcases.VerifyMLFilesTest<br>Parameters: {PROVINCE_OF_ISSUE=, DATE MODIFIED=, APPELLANT=, RUNMODE=N, CASE_ID=1542219, TRIAL_DATE=, STATUS=Closed, PROCEDURE=, CMPA_SHARE_DAMAGES=0.0, DATE_OPENED=01/29/2009, ML_FILE_ID=2009001208, DATE_CREATE=, TOTAL_DAMAGES=0.0, APPEALED=, DATE_CLOSED=07/19/2018, JURY=0.0, DELETED=0.0}</td>
<td><div><pre>org.testng.SkipException: Skipping test.
	at testcases.VerifyMLFilesTest.verifyMLFilesTest(VerifyMLFilesTest.java:32)
... Removed 25 stack frames</pre></div><a href='#' onClick='toggleBox("stack-trace470132045", this, "Click to show all stack frames", "Click to hide stack frames")'>Click to show all stack frames</a>
<div class='stack-trace' id='stack-trace470132045'><pre>org.testng.SkipException: Skipping test.
	at testcases.VerifyMLFilesTest.verifyMLFilesTest(VerifyMLFilesTest.java:32)
	at sun.reflect.NativeMethodAccessorImpl.invoke0(Native Method)
	at sun.reflect.NativeMethodAccessorImpl.invoke(NativeMethodAccessorImpl.java:62)
	at sun.reflect.DelegatingMethodAccessorImpl.invoke(DelegatingMethodAccessorImpl.java:43)
	at java.lang.reflect.Method.invoke(Method.java:498)
	at org.testng.internal.MethodInvocationHelper.invokeMethod(MethodInvocationHelper.java:108)
	at org.testng.internal.Invoker.invokeMethod(Invoker.java:661)
	at org.testng.internal.Invoker.invokeTestMethod(Invoker.java:869)
	at org.testng.internal.Invoker.invokeTestMethods(Invoker.java:1193)
	at org.testng.internal.TestMethodWorker.invokeTestMethods(TestMethodWorker.java:126)
	at org.testng.internal.TestMethodWorker.run(TestMethodWorker.java:109)
	at org.testng.TestRunner.privateRun(TestRunner.java:744)
	at org.testng.TestRunner.run(TestRunner.java:602)
	at org.testng.SuiteRunner.runTest(SuiteRunner.java:380)
	at org.testng.SuiteRunner.runSequentially(SuiteRunner.java:375)
	at org.testng.SuiteRunner.privateRun(SuiteRunner.java:340)
	at org.testng.SuiteRunner.run(SuiteRunner.java:289)
	at org.testng.SuiteRunnerWorker.runSuite(SuiteRunnerWorker.java:52)
	at org.testng.SuiteRunnerWorker.run(SuiteRunnerWorker.java:86)
	at org.testng.TestNG.runSuitesSequentially(TestNG.java:1301)
	at org.testng.TestNG.runSuitesLocally(TestNG.java:1226)
	at org.testng.TestNG.runSuites(TestNG.java:1144)
	at org.testng.TestNG.run(TestNG.java:1115)
	at org.testng.remote.AbstractRemoteTestNG.run(AbstractRemoteTestNG.java:115)
	at org.testng.remote.RemoteTestNG.initAndRun(RemoteTestNG.java:251)
	at org.testng.remote.RemoteTestNG.main(RemoteTestNG.java:77)
</pre></div></td>
<td>0</td>
<td>testcases.VerifyMLFilesTest@196a42c3</td></tr>
<tr>
<td title='testcases.VerifyMLFilesTest.verifyMLFilesTest()'><b>verifyMLFilesTest</b><br>Test class: testcases.VerifyMLFilesTest<br>Parameters: {PROVINCE_OF_ISSUE=, DATE MODIFIED=, APPELLANT=, RUNMODE=N, CASE_ID=1541651, TRIAL_DATE=, STATUS=Closed, PROCEDURE=, CMPA_SHARE_DAMAGES=0.0, DATE_OPENED=01/29/2009, ML_FILE_ID=2009001208, DATE_CREATE=, TOTAL_DAMAGES=0.0, APPEALED=, DATE_CLOSED=, JURY=0.0, DELETED=0.0}</td>
<td><div><pre>org.testng.SkipException: Skipping test.
	at testcases.VerifyMLFilesTest.verifyMLFilesTest(VerifyMLFilesTest.java:32)
... Removed 25 stack frames</pre></div><a href='#' onClick='toggleBox("stack-trace238431319", this, "Click to show all stack frames", "Click to hide stack frames")'>Click to show all stack frames</a>
<div class='stack-trace' id='stack-trace238431319'><pre>org.testng.SkipException: Skipping test.
	at testcases.VerifyMLFilesTest.verifyMLFilesTest(VerifyMLFilesTest.java:32)
	at sun.reflect.NativeMethodAccessorImpl.invoke0(Native Method)
	at sun.reflect.NativeMethodAccessorImpl.invoke(NativeMethodAccessorImpl.java:62)
	at sun.reflect.DelegatingMethodAccessorImpl.invoke(DelegatingMethodAccessorImpl.java:43)
	at java.lang.reflect.Method.invoke(Method.java:498)
	at org.testng.internal.MethodInvocationHelper.invokeMethod(MethodInvocationHelper.java:108)
	at org.testng.internal.Invoker.invokeMethod(Invoker.java:661)
	at org.testng.internal.Invoker.invokeTestMethod(Invoker.java:869)
	at org.testng.internal.Invoker.invokeTestMethods(Invoker.java:1193)
	at org.testng.internal.TestMethodWorker.invokeTestMethods(TestMethodWorker.java:126)
	at org.testng.internal.TestMethodWorker.run(TestMethodWorker.java:109)
	at org.testng.TestRunner.privateRun(TestRunner.java:744)
	at org.testng.TestRunner.run(TestRunner.java:602)
	at org.testng.SuiteRunner.runTest(SuiteRunner.java:380)
	at org.testng.SuiteRunner.runSequentially(SuiteRunner.java:375)
	at org.testng.SuiteRunner.privateRun(SuiteRunner.java:340)
	at org.testng.SuiteRunner.run(SuiteRunner.java:289)
	at org.testng.SuiteRunnerWorker.runSuite(SuiteRunnerWorker.java:52)
	at org.testng.SuiteRunnerWorker.run(SuiteRunnerWorker.java:86)
	at org.testng.TestNG.runSuitesSequentially(TestNG.java:1301)
	at org.testng.TestNG.runSuitesLocally(TestNG.java:1226)
	at org.testng.TestNG.runSuites(TestNG.java:1144)
	at org.testng.TestNG.run(TestNG.java:1115)
	at org.testng.remote.AbstractRemoteTestNG.run(AbstractRemoteTestNG.java:115)
	at org.testng.remote.RemoteTestNG.initAndRun(RemoteTestNG.java:251)
	at org.testng.remote.RemoteTestNG.main(RemoteTestNG.java:77)
</pre></div></td>
<td>0</td>
<td>testcases.VerifyMLFilesTest@196a42c3</td></tr>
<tr>
<td title='testcases.VerifyMLFilesTest.verifyMLFilesTest()'><b>verifyMLFilesTest</b><br>Test class: testcases.VerifyMLFilesTest<br>Parameters: {PROVINCE_OF_ISSUE=, DATE MODIFIED=, APPELLANT=, RUNMODE=N, CASE_ID=1810783, TRIAL_DATE=, STATUS=Closed, PROCEDURE=, CMPA_SHARE_DAMAGES=0.0, DATE_OPENED=12/20/2010, ML_FILE_ID=2009001208, DATE_CREATE=, TOTAL_DAMAGES=0.0, APPEALED=, DATE_CLOSED=07/13/2011, JURY=0.0, DELETED=0.0}</td>
<td><div><pre>org.testng.SkipException: Skipping test.
	at testcases.VerifyMLFilesTest.verifyMLFilesTest(VerifyMLFilesTest.java:32)
... Removed 25 stack frames</pre></div><a href='#' onClick='toggleBox("stack-trace237484673", this, "Click to show all stack frames", "Click to hide stack frames")'>Click to show all stack frames</a>
<div class='stack-trace' id='stack-trace237484673'><pre>org.testng.SkipException: Skipping test.
	at testcases.VerifyMLFilesTest.verifyMLFilesTest(VerifyMLFilesTest.java:32)
	at sun.reflect.NativeMethodAccessorImpl.invoke0(Native Method)
	at sun.reflect.NativeMethodAccessorImpl.invoke(NativeMethodAccessorImpl.java:62)
	at sun.reflect.DelegatingMethodAccessorImpl.invoke(DelegatingMethodAccessorImpl.java:43)
	at java.lang.reflect.Method.invoke(Method.java:498)
	at org.testng.internal.MethodInvocationHelper.invokeMethod(MethodInvocationHelper.java:108)
	at org.testng.internal.Invoker.invokeMethod(Invoker.java:661)
	at org.testng.internal.Invoker.invokeTestMethod(Invoker.java:869)
	at org.testng.internal.Invoker.invokeTestMethods(Invoker.java:1193)
	at org.testng.internal.TestMethodWorker.invokeTestMethods(TestMethodWorker.java:126)
	at org.testng.internal.TestMethodWorker.run(TestMethodWorker.java:109)
	at org.testng.TestRunner.privateRun(TestRunner.java:744)
	at org.testng.TestRunner.run(TestRunner.java:602)
	at org.testng.SuiteRunner.runTest(SuiteRunner.java:380)
	at org.testng.SuiteRunner.runSequentially(SuiteRunner.java:375)
	at org.testng.SuiteRunner.privateRun(SuiteRunner.java:340)
	at org.testng.SuiteRunner.run(SuiteRunner.java:289)
	at org.testng.SuiteRunnerWorker.runSuite(SuiteRunnerWorker.java:52)
	at org.testng.SuiteRunnerWorker.run(SuiteRunnerWorker.java:86)
	at org.testng.TestNG.runSuitesSequentially(TestNG.java:1301)
	at org.testng.TestNG.runSuitesLocally(TestNG.java:1226)
	at org.testng.TestNG.runSuites(TestNG.java:1144)
	at org.testng.TestNG.run(TestNG.java:1115)
	at org.testng.remote.AbstractRemoteTestNG.run(AbstractRemoteTestNG.java:115)
	at org.testng.remote.RemoteTestNG.initAndRun(RemoteTestNG.java:251)
	at org.testng.remote.RemoteTestNG.main(RemoteTestNG.java:77)
</pre></div></td>
<td>0</td>
<td>testcases.VerifyMLFilesTest@196a42c3</td></tr>
<tr>
<td title='testcases.VerifyMLFilesTest.verifyMLFilesTest()'><b>verifyMLFilesTest</b><br>Test class: testcases.VerifyMLFilesTest<br>Parameters: {PROVINCE_OF_ISSUE=, DATE MODIFIED=, APPELLANT=, RUNMODE=N, CASE_ID=1811901, TRIAL_DATE=, STATUS=Closed, PROCEDURE=, CMPA_SHARE_DAMAGES=1.3E7, DATE_OPENED=12/20/2010, ML_FILE_ID=2009001208, DATE_CREATE=, TOTAL_DAMAGES=1.35E7, APPEALED=, DATE_CLOSED=05/16/2019, JURY=0.0, DELETED=0.0}</td>
<td><div><pre>org.testng.SkipException: Skipping test.
	at testcases.VerifyMLFilesTest.verifyMLFilesTest(VerifyMLFilesTest.java:32)
... Removed 25 stack frames</pre></div><a href='#' onClick='toggleBox("stack-trace1237144823", this, "Click to show all stack frames", "Click to hide stack frames")'>Click to show all stack frames</a>
<div class='stack-trace' id='stack-trace1237144823'><pre>org.testng.SkipException: Skipping test.
	at testcases.VerifyMLFilesTest.verifyMLFilesTest(VerifyMLFilesTest.java:32)
	at sun.reflect.NativeMethodAccessorImpl.invoke0(Native Method)
	at sun.reflect.NativeMethodAccessorImpl.invoke(NativeMethodAccessorImpl.java:62)
	at sun.reflect.DelegatingMethodAccessorImpl.invoke(DelegatingMethodAccessorImpl.java:43)
	at java.lang.reflect.Method.invoke(Method.java:498)
	at org.testng.internal.MethodInvocationHelper.invokeMethod(MethodInvocationHelper.java:108)
	at org.testng.internal.Invoker.invokeMethod(Invoker.java:661)
	at org.testng.internal.Invoker.invokeTestMethod(Invoker.java:869)
	at org.testng.internal.Invoker.invokeTestMethods(Invoker.java:1193)
	at org.testng.internal.TestMethodWorker.invokeTestMethods(TestMethodWorker.java:126)
	at org.testng.internal.TestMethodWorker.run(TestMethodWorker.java:109)
	at org.testng.TestRunner.privateRun(TestRunner.java:744)
	at org.testng.TestRunner.run(TestRunner.java:602)
	at org.testng.SuiteRunner.runTest(SuiteRunner.java:380)
	at org.testng.SuiteRunner.runSequentially(SuiteRunner.java:375)
	at org.testng.SuiteRunner.privateRun(SuiteRunner.java:340)
	at org.testng.SuiteRunner.run(SuiteRunner.java:289)
	at org.testng.SuiteRunnerWorker.runSuite(SuiteRunnerWorker.java:52)
	at org.testng.SuiteRunnerWorker.run(SuiteRunnerWorker.java:86)
	at org.testng.TestNG.runSuitesSequentially(TestNG.java:1301)
	at org.testng.TestNG.runSuitesLocally(TestNG.java:1226)
	at org.testng.TestNG.runSuites(TestNG.java:1144)
	at org.testng.TestNG.run(TestNG.java:1115)
	at org.testng.remote.AbstractRemoteTestNG.run(AbstractRemoteTestNG.java:115)
	at org.testng.remote.RemoteTestNG.initAndRun(RemoteTestNG.java:251)
	at org.testng.remote.RemoteTestNG.main(RemoteTestNG.java:77)
</pre></div></td>
<td>0</td>
<td>testcases.VerifyMLFilesTest@196a42c3</td></tr>
<tr>
<td title='testcases.VerifyMLFilesTest.verifyMLFilesTest()'><b>verifyMLFilesTest</b><br>Test class: testcases.VerifyMLFilesTest<br>Parameters: {PROVINCE_OF_ISSUE=, DATE MODIFIED=, APPELLANT=, RUNMODE=N, CASE_ID=1919844, TRIAL_DATE=, STATUS=Closed, PROCEDURE=, CMPA_SHARE_DAMAGES=0.0, DATE_OPENED=09/12/2011, ML_FILE_ID=2009001208, DATE_CREATE=, TOTAL_DAMAGES=0.0, APPEALED=, DATE_CLOSED=09/16/2013, JURY=0.0, DELETED=0.0}</td>
<td><div><pre>org.testng.SkipException: Skipping test.
	at testcases.VerifyMLFilesTest.verifyMLFilesTest(VerifyMLFilesTest.java:32)
... Removed 25 stack frames</pre></div><a href='#' onClick='toggleBox("stack-trace1851522556", this, "Click to show all stack frames", "Click to hide stack frames")'>Click to show all stack frames</a>
<div class='stack-trace' id='stack-trace1851522556'><pre>org.testng.SkipException: Skipping test.
	at testcases.VerifyMLFilesTest.verifyMLFilesTest(VerifyMLFilesTest.java:32)
	at sun.reflect.NativeMethodAccessorImpl.invoke0(Native Method)
	at sun.reflect.NativeMethodAccessorImpl.invoke(NativeMethodAccessorImpl.java:62)
	at sun.reflect.DelegatingMethodAccessorImpl.invoke(DelegatingMethodAccessorImpl.java:43)
	at java.lang.reflect.Method.invoke(Method.java:498)
	at org.testng.internal.MethodInvocationHelper.invokeMethod(MethodInvocationHelper.java:108)
	at org.testng.internal.Invoker.invokeMethod(Invoker.java:661)
	at org.testng.internal.Invoker.invokeTestMethod(Invoker.java:869)
	at org.testng.internal.Invoker.invokeTestMethods(Invoker.java:1193)
	at org.testng.internal.TestMethodWorker.invokeTestMethods(TestMethodWorker.java:126)
	at org.testng.internal.TestMethodWorker.run(TestMethodWorker.java:109)
	at org.testng.TestRunner.privateRun(TestRunner.java:744)
	at org.testng.TestRunner.run(TestRunner.java:602)
	at org.testng.SuiteRunner.runTest(SuiteRunner.java:380)
	at org.testng.SuiteRunner.runSequentially(SuiteRunner.java:375)
	at org.testng.SuiteRunner.privateRun(SuiteRunner.java:340)
	at org.testng.SuiteRunner.run(SuiteRunner.java:289)
	at org.testng.SuiteRunnerWorker.runSuite(SuiteRunnerWorker.java:52)
	at org.testng.SuiteRunnerWorker.run(SuiteRunnerWorker.java:86)
	at org.testng.TestNG.runSuitesSequentially(TestNG.java:1301)
	at org.testng.TestNG.runSuitesLocally(TestNG.java:1226)
	at org.testng.TestNG.runSuites(TestNG.java:1144)
	at org.testng.TestNG.run(TestNG.java:1115)
	at org.testng.remote.AbstractRemoteTestNG.run(AbstractRemoteTestNG.java:115)
	at org.testng.remote.RemoteTestNG.initAndRun(RemoteTestNG.java:251)
	at org.testng.remote.RemoteTestNG.main(RemoteTestNG.java:77)
</pre></div></td>
<td>0</td>
<td>testcases.VerifyMLFilesTest@196a42c3</td></tr>
<tr>
<td title='testcases.VerifyMLFilesTest.verifyMLFilesTest()'><b>verifyMLFilesTest</b><br>Test class: testcases.VerifyMLFilesTest<br>Parameters: {PROVINCE_OF_ISSUE=, DATE MODIFIED=, APPELLANT=, RUNMODE=N, CASE_ID=1920614, TRIAL_DATE=, STATUS=Closed, PROCEDURE=, CMPA_SHARE_DAMAGES=0.0, DATE_OPENED=09/13/2011, ML_FILE_ID=2009014568, DATE_CREATE=, TOTAL_DAMAGES=0.0, APPEALED=, DATE_CLOSED=01/15/2019, JURY=0.0, DELETED=0.0}</td>
<td><div><pre>org.testng.SkipException: Skipping test.
	at testcases.VerifyMLFilesTest.verifyMLFilesTest(VerifyMLFilesTest.java:32)
... Removed 25 stack frames</pre></div><a href='#' onClick='toggleBox("stack-trace1227867806", this, "Click to show all stack frames", "Click to hide stack frames")'>Click to show all stack frames</a>
<div class='stack-trace' id='stack-trace1227867806'><pre>org.testng.SkipException: Skipping test.
	at testcases.VerifyMLFilesTest.verifyMLFilesTest(VerifyMLFilesTest.java:32)
	at sun.reflect.NativeMethodAccessorImpl.invoke0(Native Method)
	at sun.reflect.NativeMethodAccessorImpl.invoke(NativeMethodAccessorImpl.java:62)
	at sun.reflect.DelegatingMethodAccessorImpl.invoke(DelegatingMethodAccessorImpl.java:43)
	at java.lang.reflect.Method.invoke(Method.java:498)
	at org.testng.internal.MethodInvocationHelper.invokeMethod(MethodInvocationHelper.java:108)
	at org.testng.internal.Invoker.invokeMethod(Invoker.java:661)
	at org.testng.internal.Invoker.invokeTestMethod(Invoker.java:869)
	at org.testng.internal.Invoker.invokeTestMethods(Invoker.java:1193)
	at org.testng.internal.TestMethodWorker.invokeTestMethods(TestMethodWorker.java:126)
	at org.testng.internal.TestMethodWorker.run(TestMethodWorker.java:109)
	at org.testng.TestRunner.privateRun(TestRunner.java:744)
	at org.testng.TestRunner.run(TestRunner.java:602)
	at org.testng.SuiteRunner.runTest(SuiteRunner.java:380)
	at org.testng.SuiteRunner.runSequentially(SuiteRunner.java:375)
	at org.testng.SuiteRunner.privateRun(SuiteRunner.java:340)
	at org.testng.SuiteRunner.run(SuiteRunner.java:289)
	at org.testng.SuiteRunnerWorker.runSuite(SuiteRunnerWorker.java:52)
	at org.testng.SuiteRunnerWorker.run(SuiteRunnerWorker.java:86)
	at org.testng.TestNG.runSuitesSequentially(TestNG.java:1301)
	at org.testng.TestNG.runSuitesLocally(TestNG.java:1226)
	at org.testng.TestNG.runSuites(TestNG.java:1144)
	at org.testng.TestNG.run(TestNG.java:1115)
	at org.testng.remote.AbstractRemoteTestNG.run(AbstractRemoteTestNG.java:115)
	at org.testng.remote.RemoteTestNG.initAndRun(RemoteTestNG.java:251)
	at org.testng.remote.RemoteTestNG.main(RemoteTestNG.java:77)
</pre></div></td>
<td>0</td>
<td>testcases.VerifyMLFilesTest@196a42c3</td></tr>
<tr>
<td title='testcases.VerifyMLFilesTest.verifyMLFilesTest()'><b>verifyMLFilesTest</b><br>Test class: testcases.VerifyMLFilesTest<br>Parameters: {PROVINCE_OF_ISSUE=, DATE MODIFIED=, APPELLANT=, RUNMODE=N, CASE_ID=1636782, TRIAL_DATE=, STATUS=Closed, PROCEDURE=, CMPA_SHARE_DAMAGES=0.0, DATE_OPENED=10/16/2009, ML_FILE_ID=2009014568, DATE_CREATE=, TOTAL_DAMAGES=0.0, APPEALED=, DATE_CLOSED=06/11/2010, JURY=0.0, DELETED=0.0}</td>
<td><div><pre>org.testng.SkipException: Skipping test.
	at testcases.VerifyMLFilesTest.verifyMLFilesTest(VerifyMLFilesTest.java:32)
... Removed 25 stack frames</pre></div><a href='#' onClick='toggleBox("stack-trace397318359", this, "Click to show all stack frames", "Click to hide stack frames")'>Click to show all stack frames</a>
<div class='stack-trace' id='stack-trace397318359'><pre>org.testng.SkipException: Skipping test.
	at testcases.VerifyMLFilesTest.verifyMLFilesTest(VerifyMLFilesTest.java:32)
	at sun.reflect.NativeMethodAccessorImpl.invoke0(Native Method)
	at sun.reflect.NativeMethodAccessorImpl.invoke(NativeMethodAccessorImpl.java:62)
	at sun.reflect.DelegatingMethodAccessorImpl.invoke(DelegatingMethodAccessorImpl.java:43)
	at java.lang.reflect.Method.invoke(Method.java:498)
	at org.testng.internal.MethodInvocationHelper.invokeMethod(MethodInvocationHelper.java:108)
	at org.testng.internal.Invoker.invokeMethod(Invoker.java:661)
	at org.testng.internal.Invoker.invokeTestMethod(Invoker.java:869)
	at org.testng.internal.Invoker.invokeTestMethods(Invoker.java:1193)
	at org.testng.internal.TestMethodWorker.invokeTestMethods(TestMethodWorker.java:126)
	at org.testng.internal.TestMethodWorker.run(TestMethodWorker.java:109)
	at org.testng.TestRunner.privateRun(TestRunner.java:744)
	at org.testng.TestRunner.run(TestRunner.java:602)
	at org.testng.SuiteRunner.runTest(SuiteRunner.java:380)
	at org.testng.SuiteRunner.runSequentially(SuiteRunner.java:375)
	at org.testng.SuiteRunner.privateRun(SuiteRunner.java:340)
	at org.testng.SuiteRunner.run(SuiteRunner.java:289)
	at org.testng.SuiteRunnerWorker.runSuite(SuiteRunnerWorker.java:52)
	at org.testng.SuiteRunnerWorker.run(SuiteRunnerWorker.java:86)
	at org.testng.TestNG.runSuitesSequentially(TestNG.java:1301)
	at org.testng.TestNG.runSuitesLocally(TestNG.java:1226)
	at org.testng.TestNG.runSuites(TestNG.java:1144)
	at org.testng.TestNG.run(TestNG.java:1115)
	at org.testng.remote.AbstractRemoteTestNG.run(AbstractRemoteTestNG.java:115)
	at org.testng.remote.RemoteTestNG.initAndRun(RemoteTestNG.java:251)
	at org.testng.remote.RemoteTestNG.main(RemoteTestNG.java:77)
</pre></div></td>
<td>0</td>
<td>testcases.VerifyMLFilesTest@196a42c3</td></tr>
<tr>
<td title='testcases.VerifyMLFilesTest.verifyMLFilesTest()'><b>verifyMLFilesTest</b><br>Test class: testcases.VerifyMLFilesTest<br>Parameters: {PROVINCE_OF_ISSUE=, DATE MODIFIED=, APPELLANT=, RUNMODE=N, CASE_ID=3169330, TRIAL_DATE=, STATUS=Open, PROCEDURE=, CMPA_SHARE_DAMAGES=0.0, DATE_OPENED=12/01/2017, ML_FILE_ID=2009014568, DATE_CREATE=, TOTAL_DAMAGES=0.0, APPEALED=, DATE_CLOSED=, JURY=0.0, DELETED=0.0}</td>
<td><div><pre>org.testng.SkipException: Skipping test.
	at testcases.VerifyMLFilesTest.verifyMLFilesTest(VerifyMLFilesTest.java:32)
... Removed 25 stack frames</pre></div><a href='#' onClick='toggleBox("stack-trace1563634025", this, "Click to show all stack frames", "Click to hide stack frames")'>Click to show all stack frames</a>
<div class='stack-trace' id='stack-trace1563634025'><pre>org.testng.SkipException: Skipping test.
	at testcases.VerifyMLFilesTest.verifyMLFilesTest(VerifyMLFilesTest.java:32)
	at sun.reflect.NativeMethodAccessorImpl.invoke0(Native Method)
	at sun.reflect.NativeMethodAccessorImpl.invoke(NativeMethodAccessorImpl.java:62)
	at sun.reflect.DelegatingMethodAccessorImpl.invoke(DelegatingMethodAccessorImpl.java:43)
	at java.lang.reflect.Method.invoke(Method.java:498)
	at org.testng.internal.MethodInvocationHelper.invokeMethod(MethodInvocationHelper.java:108)
	at org.testng.internal.Invoker.invokeMethod(Invoker.java:661)
	at org.testng.internal.Invoker.invokeTestMethod(Invoker.java:869)
	at org.testng.internal.Invoker.invokeTestMethods(Invoker.java:1193)
	at org.testng.internal.TestMethodWorker.invokeTestMethods(TestMethodWorker.java:126)
	at org.testng.internal.TestMethodWorker.run(TestMethodWorker.java:109)
	at org.testng.TestRunner.privateRun(TestRunner.java:744)
	at org.testng.TestRunner.run(TestRunner.java:602)
	at org.testng.SuiteRunner.runTest(SuiteRunner.java:380)
	at org.testng.SuiteRunner.runSequentially(SuiteRunner.java:375)
	at org.testng.SuiteRunner.privateRun(SuiteRunner.java:340)
	at org.testng.SuiteRunner.run(SuiteRunner.java:289)
	at org.testng.SuiteRunnerWorker.runSuite(SuiteRunnerWorker.java:52)
	at org.testng.SuiteRunnerWorker.run(SuiteRunnerWorker.java:86)
	at org.testng.TestNG.runSuitesSequentially(TestNG.java:1301)
	at org.testng.TestNG.runSuitesLocally(TestNG.java:1226)
	at org.testng.TestNG.runSuites(TestNG.java:1144)
	at org.testng.TestNG.run(TestNG.java:1115)
	at org.testng.remote.AbstractRemoteTestNG.run(AbstractRemoteTestNG.java:115)
	at org.testng.remote.RemoteTestNG.initAndRun(RemoteTestNG.java:251)
	at org.testng.remote.RemoteTestNG.main(RemoteTestNG.java:77)
</pre></div></td>
<td>0</td>
<td>testcases.VerifyMLFilesTest@196a42c3</td></tr>
<tr>
<td title='testcases.VerifyMLFilesTest.verifyMLFilesTest()'><b>verifyMLFilesTest</b><br>Test class: testcases.VerifyMLFilesTest<br>Parameters: {PROVINCE_OF_ISSUE=, DATE MODIFIED=, APPELLANT=, RUNMODE=N, CASE_ID=2073273, TRIAL_DATE=, STATUS=Closed, PROCEDURE=, CMPA_SHARE_DAMAGES=0.0, DATE_OPENED=09/10/2012, ML_FILE_ID=2012001197, DATE_CREATE=, TOTAL_DAMAGES=0.0, APPEALED=, DATE_CLOSED=10/15/2019, JURY=0.0, DELETED=0.0}</td>
<td><div><pre>org.testng.SkipException: Skipping test.
	at testcases.VerifyMLFilesTest.verifyMLFilesTest(VerifyMLFilesTest.java:32)
... Removed 24 stack frames</pre></div><a href='#' onClick='toggleBox("stack-trace738174829", this, "Click to show all stack frames", "Click to hide stack frames")'>Click to show all stack frames</a>
<div class='stack-trace' id='stack-trace738174829'><pre>org.testng.SkipException: Skipping test.
	at testcases.VerifyMLFilesTest.verifyMLFilesTest(VerifyMLFilesTest.java:32)
	at sun.reflect.GeneratedMethodAccessor39.invoke(Unknown Source)
	at sun.reflect.DelegatingMethodAccessorImpl.invoke(DelegatingMethodAccessorImpl.java:43)
	at java.lang.reflect.Method.invoke(Method.java:498)
	at org.testng.internal.MethodInvocationHelper.invokeMethod(MethodInvocationHelper.java:108)
	at org.testng.internal.Invoker.invokeMethod(Invoker.java:661)
	at org.testng.internal.Invoker.invokeTestMethod(Invoker.java:869)
	at org.testng.internal.Invoker.invokeTestMethods(Invoker.java:1193)
	at org.testng.internal.TestMethodWorker.invokeTestMethods(TestMethodWorker.java:126)
	at org.testng.internal.TestMethodWorker.run(TestMethodWorker.java:109)
	at org.testng.TestRunner.privateRun(TestRunner.java:744)
	at org.testng.TestRunner.run(TestRunner.java:602)
	at org.testng.SuiteRunner.runTest(SuiteRunner.java:380)
	at org.testng.SuiteRunner.runSequentially(SuiteRunner.java:375)
	at org.testng.SuiteRunner.privateRun(SuiteRunner.java:340)
	at org.testng.SuiteRunner.run(SuiteRunner.java:289)
	at org.testng.SuiteRunnerWorker.runSuite(SuiteRunnerWorker.java:52)
	at org.testng.SuiteRunnerWorker.run(SuiteRunnerWorker.java:86)
	at org.testng.TestNG.runSuitesSequentially(TestNG.java:1301)
	at org.testng.TestNG.runSuitesLocally(TestNG.java:1226)
	at org.testng.TestNG.runSuites(TestNG.java:1144)
	at org.testng.TestNG.run(TestNG.java:1115)
	at org.testng.remote.AbstractRemoteTestNG.run(AbstractRemoteTestNG.java:115)
	at org.testng.remote.RemoteTestNG.initAndRun(RemoteTestNG.java:251)
	at org.testng.remote.RemoteTestNG.main(RemoteTestNG.java:77)
</pre></div></td>
<td>0</td>
<td>testcases.VerifyMLFilesTest@196a42c3</td></tr>
<tr>
<td title='testcases.VerifyMLFilesTest.verifyMLFilesTest()'><b>verifyMLFilesTest</b><br>Test class: testcases.VerifyMLFilesTest<br>Parameters: {PROVINCE_OF_ISSUE=, DATE MODIFIED=, APPELLANT=, RUNMODE=N, CASE_ID=2024921, TRIAL_DATE=, STATUS=Open, PROCEDURE=, CMPA_SHARE_DAMAGES=0.0, DATE_OPENED=05/17/2012, ML_FILE_ID=2012001197, DATE_CREATE=, TOTAL_DAMAGES=0.0, APPEALED=, DATE_CLOSED=, JURY=0.0, DELETED=0.0}</td>
<td><div><pre>org.testng.SkipException: Skipping test.
	at testcases.VerifyMLFilesTest.verifyMLFilesTest(VerifyMLFilesTest.java:32)
... Removed 24 stack frames</pre></div><a href='#' onClick='toggleBox("stack-trace2128961136", this, "Click to show all stack frames", "Click to hide stack frames")'>Click to show all stack frames</a>
<div class='stack-trace' id='stack-trace2128961136'><pre>org.testng.SkipException: Skipping test.
	at testcases.VerifyMLFilesTest.verifyMLFilesTest(VerifyMLFilesTest.java:32)
	at sun.reflect.GeneratedMethodAccessor39.invoke(Unknown Source)
	at sun.reflect.DelegatingMethodAccessorImpl.invoke(DelegatingMethodAccessorImpl.java:43)
	at java.lang.reflect.Method.invoke(Method.java:498)
	at org.testng.internal.MethodInvocationHelper.invokeMethod(MethodInvocationHelper.java:108)
	at org.testng.internal.Invoker.invokeMethod(Invoker.java:661)
	at org.testng.internal.Invoker.invokeTestMethod(Invoker.java:869)
	at org.testng.internal.Invoker.invokeTestMethods(Invoker.java:1193)
	at org.testng.internal.TestMethodWorker.invokeTestMethods(TestMethodWorker.java:126)
	at org.testng.internal.TestMethodWorker.run(TestMethodWorker.java:109)
	at org.testng.TestRunner.privateRun(TestRunner.java:744)
	at org.testng.TestRunner.run(TestRunner.java:602)
	at org.testng.SuiteRunner.runTest(SuiteRunner.java:380)
	at org.testng.SuiteRunner.runSequentially(SuiteRunner.java:375)
	at org.testng.SuiteRunner.privateRun(SuiteRunner.java:340)
	at org.testng.SuiteRunner.run(SuiteRunner.java:289)
	at org.testng.SuiteRunnerWorker.runSuite(SuiteRunnerWorker.java:52)
	at org.testng.SuiteRunnerWorker.run(SuiteRunnerWorker.java:86)
	at org.testng.TestNG.runSuitesSequentially(TestNG.java:1301)
	at org.testng.TestNG.runSuitesLocally(TestNG.java:1226)
	at org.testng.TestNG.runSuites(TestNG.java:1144)
	at org.testng.TestNG.run(TestNG.java:1115)
	at org.testng.remote.AbstractRemoteTestNG.run(AbstractRemoteTestNG.java:115)
	at org.testng.remote.RemoteTestNG.initAndRun(RemoteTestNG.java:251)
	at org.testng.remote.RemoteTestNG.main(RemoteTestNG.java:77)
</pre></div></td>
<td>0</td>
<td>testcases.VerifyMLFilesTest@196a42c3</td></tr>
<tr>
<td title='testcases.VerifyMLFilesTest.verifyMLFilesTest()'><b>verifyMLFilesTest</b><br>Test class: testcases.VerifyMLFilesTest<br>Parameters: {PROVINCE_OF_ISSUE=, DATE MODIFIED=, APPELLANT=, RUNMODE=N, CASE_ID=1973738, TRIAL_DATE=, STATUS=Closed, PROCEDURE=, CMPA_SHARE_DAMAGES=0.0, DATE_OPENED=01/20/2012, ML_FILE_ID=2012001197, DATE_CREATE=, TOTAL_DAMAGES=0.0, APPEALED=, DATE_CLOSED=03/20/2014, JURY=0.0, DELETED=0.0}</td>
<td><div><pre>org.testng.SkipException: Skipping test.
	at testcases.VerifyMLFilesTest.verifyMLFilesTest(VerifyMLFilesTest.java:32)
... Removed 24 stack frames</pre></div><a href='#' onClick='toggleBox("stack-trace1816397102", this, "Click to show all stack frames", "Click to hide stack frames")'>Click to show all stack frames</a>
<div class='stack-trace' id='stack-trace1816397102'><pre>org.testng.SkipException: Skipping test.
	at testcases.VerifyMLFilesTest.verifyMLFilesTest(VerifyMLFilesTest.java:32)
	at sun.reflect.GeneratedMethodAccessor39.invoke(Unknown Source)
	at sun.reflect.DelegatingMethodAccessorImpl.invoke(DelegatingMethodAccessorImpl.java:43)
	at java.lang.reflect.Method.invoke(Method.java:498)
	at org.testng.internal.MethodInvocationHelper.invokeMethod(MethodInvocationHelper.java:108)
	at org.testng.internal.Invoker.invokeMethod(Invoker.java:661)
	at org.testng.internal.Invoker.invokeTestMethod(Invoker.java:869)
	at org.testng.internal.Invoker.invokeTestMethods(Invoker.java:1193)
	at org.testng.internal.TestMethodWorker.invokeTestMethods(TestMethodWorker.java:126)
	at org.testng.internal.TestMethodWorker.run(TestMethodWorker.java:109)
	at org.testng.TestRunner.privateRun(TestRunner.java:744)
	at org.testng.TestRunner.run(TestRunner.java:602)
	at org.testng.SuiteRunner.runTest(SuiteRunner.java:380)
	at org.testng.SuiteRunner.runSequentially(SuiteRunner.java:375)
	at org.testng.SuiteRunner.privateRun(SuiteRunner.java:340)
	at org.testng.SuiteRunner.run(SuiteRunner.java:289)
	at org.testng.SuiteRunnerWorker.runSuite(SuiteRunnerWorker.java:52)
	at org.testng.SuiteRunnerWorker.run(SuiteRunnerWorker.java:86)
	at org.testng.TestNG.runSuitesSequentially(TestNG.java:1301)
	at org.testng.TestNG.runSuitesLocally(TestNG.java:1226)
	at org.testng.TestNG.runSuites(TestNG.java:1144)
	at org.testng.TestNG.run(TestNG.java:1115)
	at org.testng.remote.AbstractRemoteTestNG.run(AbstractRemoteTestNG.java:115)
	at org.testng.remote.RemoteTestNG.initAndRun(RemoteTestNG.java:251)
	at org.testng.remote.RemoteTestNG.main(RemoteTestNG.java:77)
</pre></div></td>
<td>0</td>
<td>testcases.VerifyMLFilesTest@196a42c3</td></tr>
<tr>
<td title='testcases.VerifyMLFilesTest.verifyMLFilesTest()'><b>verifyMLFilesTest</b><br>Test class: testcases.VerifyMLFilesTest<br>Parameters: {PROVINCE_OF_ISSUE=, DATE MODIFIED=, APPELLANT=, RUNMODE=N, CASE_ID=2443685, TRIAL_DATE=, STATUS=Closed, PROCEDURE=, CMPA_SHARE_DAMAGES=0.0, DATE_OPENED=09/11/2014, ML_FILE_ID=2012001197, DATE_CREATE=, TOTAL_DAMAGES=0.0, APPEALED=, DATE_CLOSED=01/18/2016, JURY=0.0, DELETED=0.0}</td>
<td><div><pre>org.testng.SkipException: Skipping test.
	at testcases.VerifyMLFilesTest.verifyMLFilesTest(VerifyMLFilesTest.java:32)
... Removed 24 stack frames</pre></div><a href='#' onClick='toggleBox("stack-trace917935693", this, "Click to show all stack frames", "Click to hide stack frames")'>Click to show all stack frames</a>
<div class='stack-trace' id='stack-trace917935693'><pre>org.testng.SkipException: Skipping test.
	at testcases.VerifyMLFilesTest.verifyMLFilesTest(VerifyMLFilesTest.java:32)
	at sun.reflect.GeneratedMethodAccessor39.invoke(Unknown Source)
	at sun.reflect.DelegatingMethodAccessorImpl.invoke(DelegatingMethodAccessorImpl.java:43)
	at java.lang.reflect.Method.invoke(Method.java:498)
	at org.testng.internal.MethodInvocationHelper.invokeMethod(MethodInvocationHelper.java:108)
	at org.testng.internal.Invoker.invokeMethod(Invoker.java:661)
	at org.testng.internal.Invoker.invokeTestMethod(Invoker.java:869)
	at org.testng.internal.Invoker.invokeTestMethods(Invoker.java:1193)
	at org.testng.internal.TestMethodWorker.invokeTestMethods(TestMethodWorker.java:126)
	at org.testng.internal.TestMethodWorker.run(TestMethodWorker.java:109)
	at org.testng.TestRunner.privateRun(TestRunner.java:744)
	at org.testng.TestRunner.run(TestRunner.java:602)
	at org.testng.SuiteRunner.runTest(SuiteRunner.java:380)
	at org.testng.SuiteRunner.runSequentially(SuiteRunner.java:375)
	at org.testng.SuiteRunner.privateRun(SuiteRunner.java:340)
	at org.testng.SuiteRunner.run(SuiteRunner.java:289)
	at org.testng.SuiteRunnerWorker.runSuite(SuiteRunnerWorker.java:52)
	at org.testng.SuiteRunnerWorker.run(SuiteRunnerWorker.java:86)
	at org.testng.TestNG.runSuitesSequentially(TestNG.java:1301)
	at org.testng.TestNG.runSuitesLocally(TestNG.java:1226)
	at org.testng.TestNG.runSuites(TestNG.java:1144)
	at org.testng.TestNG.run(TestNG.java:1115)
	at org.testng.remote.AbstractRemoteTestNG.run(AbstractRemoteTestNG.java:115)
	at org.testng.remote.RemoteTestNG.initAndRun(RemoteTestNG.java:251)
	at org.testng.remote.RemoteTestNG.main(RemoteTestNG.java:77)
</pre></div></td>
<td>0</td>
<td>testcases.VerifyMLFilesTest@196a42c3</td></tr>
<tr>
<td title='testcases.VerifyMLFilesTest.verifyMLFilesTest()'><b>verifyMLFilesTest</b><br>Test class: testcases.VerifyMLFilesTest<br>Parameters: {PROVINCE_OF_ISSUE=, DATE MODIFIED=, APPELLANT=, RUNMODE=N, CASE_ID=3125108, TRIAL_DATE=, STATUS=Closed, PROCEDURE=, CMPA_SHARE_DAMAGES=0.0, DATE_OPENED=08/10/2017, ML_FILE_ID=2012007319, DATE_CREATE=, TOTAL_DAMAGES=0.0, APPEALED=, DATE_CLOSED=02/16/2018, JURY=0.0, DELETED=0.0}</td>
<td><div><pre>org.testng.SkipException: Skipping test.
	at testcases.VerifyMLFilesTest.verifyMLFilesTest(VerifyMLFilesTest.java:32)
... Removed 24 stack frames</pre></div><a href='#' onClick='toggleBox("stack-trace178603358", this, "Click to show all stack frames", "Click to hide stack frames")'>Click to show all stack frames</a>
<div class='stack-trace' id='stack-trace178603358'><pre>org.testng.SkipException: Skipping test.
	at testcases.VerifyMLFilesTest.verifyMLFilesTest(VerifyMLFilesTest.java:32)
	at sun.reflect.GeneratedMethodAccessor39.invoke(Unknown Source)
	at sun.reflect.DelegatingMethodAccessorImpl.invoke(DelegatingMethodAccessorImpl.java:43)
	at java.lang.reflect.Method.invoke(Method.java:498)
	at org.testng.internal.MethodInvocationHelper.invokeMethod(MethodInvocationHelper.java:108)
	at org.testng.internal.Invoker.invokeMethod(Invoker.java:661)
	at org.testng.internal.Invoker.invokeTestMethod(Invoker.java:869)
	at org.testng.internal.Invoker.invokeTestMethods(Invoker.java:1193)
	at org.testng.internal.TestMethodWorker.invokeTestMethods(TestMethodWorker.java:126)
	at org.testng.internal.TestMethodWorker.run(TestMethodWorker.java:109)
	at org.testng.TestRunner.privateRun(TestRunner.java:744)
	at org.testng.TestRunner.run(TestRunner.java:602)
	at org.testng.SuiteRunner.runTest(SuiteRunner.java:380)
	at org.testng.SuiteRunner.runSequentially(SuiteRunner.java:375)
	at org.testng.SuiteRunner.privateRun(SuiteRunner.java:340)
	at org.testng.SuiteRunner.run(SuiteRunner.java:289)
	at org.testng.SuiteRunnerWorker.runSuite(SuiteRunnerWorker.java:52)
	at org.testng.SuiteRunnerWorker.run(SuiteRunnerWorker.java:86)
	at org.testng.TestNG.runSuitesSequentially(TestNG.java:1301)
	at org.testng.TestNG.runSuitesLocally(TestNG.java:1226)
	at org.testng.TestNG.runSuites(TestNG.java:1144)
	at org.testng.TestNG.run(TestNG.java:1115)
	at org.testng.remote.AbstractRemoteTestNG.run(AbstractRemoteTestNG.java:115)
	at org.testng.remote.RemoteTestNG.initAndRun(RemoteTestNG.java:251)
	at org.testng.remote.RemoteTestNG.main(RemoteTestNG.java:77)
</pre></div></td>
<td>0</td>
<td>testcases.VerifyMLFilesTest@196a42c3</td></tr>
<tr>
<td title='testcases.VerifyMLFilesTest.verifyMLFilesTest()'><b>verifyMLFilesTest</b><br>Test class: testcases.VerifyMLFilesTest<br>Parameters: {PROVINCE_OF_ISSUE=, DATE MODIFIED=, APPELLANT=, RUNMODE=N, CASE_ID=2013644, TRIAL_DATE=, STATUS=Closed, PROCEDURE=, CMPA_SHARE_DAMAGES=0.0, DATE_OPENED=04/24/2012, ML_FILE_ID=2012007319, DATE_CREATE=, TOTAL_DAMAGES=0.0, APPEALED=, DATE_CLOSED=05/15/2014, JURY=0.0, DELETED=0.0}</td>
<td><div><pre>org.testng.SkipException: Skipping test.
	at testcases.VerifyMLFilesTest.verifyMLFilesTest(VerifyMLFilesTest.java:32)
... Removed 24 stack frames</pre></div><a href='#' onClick='toggleBox("stack-trace223000346", this, "Click to show all stack frames", "Click to hide stack frames")'>Click to show all stack frames</a>
<div class='stack-trace' id='stack-trace223000346'><pre>org.testng.SkipException: Skipping test.
	at testcases.VerifyMLFilesTest.verifyMLFilesTest(VerifyMLFilesTest.java:32)
	at sun.reflect.GeneratedMethodAccessor39.invoke(Unknown Source)
	at sun.reflect.DelegatingMethodAccessorImpl.invoke(DelegatingMethodAccessorImpl.java:43)
	at java.lang.reflect.Method.invoke(Method.java:498)
	at org.testng.internal.MethodInvocationHelper.invokeMethod(MethodInvocationHelper.java:108)
	at org.testng.internal.Invoker.invokeMethod(Invoker.java:661)
	at org.testng.internal.Invoker.invokeTestMethod(Invoker.java:869)
	at org.testng.internal.Invoker.invokeTestMethods(Invoker.java:1193)
	at org.testng.internal.TestMethodWorker.invokeTestMethods(TestMethodWorker.java:126)
	at org.testng.internal.TestMethodWorker.run(TestMethodWorker.java:109)
	at org.testng.TestRunner.privateRun(TestRunner.java:744)
	at org.testng.TestRunner.run(TestRunner.java:602)
	at org.testng.SuiteRunner.runTest(SuiteRunner.java:380)
	at org.testng.SuiteRunner.runSequentially(SuiteRunner.java:375)
	at org.testng.SuiteRunner.privateRun(SuiteRunner.java:340)
	at org.testng.SuiteRunner.run(SuiteRunner.java:289)
	at org.testng.SuiteRunnerWorker.runSuite(SuiteRunnerWorker.java:52)
	at org.testng.SuiteRunnerWorker.run(SuiteRunnerWorker.java:86)
	at org.testng.TestNG.runSuitesSequentially(TestNG.java:1301)
	at org.testng.TestNG.runSuitesLocally(TestNG.java:1226)
	at org.testng.TestNG.runSuites(TestNG.java:1144)
	at org.testng.TestNG.run(TestNG.java:1115)
	at org.testng.remote.AbstractRemoteTestNG.run(AbstractRemoteTestNG.java:115)
	at org.testng.remote.RemoteTestNG.initAndRun(RemoteTestNG.java:251)
	at org.testng.remote.RemoteTestNG.main(RemoteTestNG.java:77)
</pre></div></td>
<td>0</td>
<td>testcases.VerifyMLFilesTest@196a42c3</td></tr>
<tr>
<td title='testcases.VerifyMLFilesTest.verifyMLFilesTest()'><b>verifyMLFilesTest</b><br>Test class: testcases.VerifyMLFilesTest<br>Parameters: {PROVINCE_OF_ISSUE=, DATE MODIFIED=, APPELLANT=, RUNMODE=N, CASE_ID=3140334, TRIAL_DATE=, STATUS=Closed, PROCEDURE=, CMPA_SHARE_DAMAGES=0.0, DATE_OPENED=09/13/2017, ML_FILE_ID=2012020140, DATE_CREATE=, TOTAL_DAMAGES=0.0, APPEALED=, DATE_CLOSED=08/29/2019, JURY=0.0, DELETED=0.0}</td>
<td><div><pre>org.testng.SkipException: Skipping test.
	at testcases.VerifyMLFilesTest.verifyMLFilesTest(VerifyMLFilesTest.java:32)
... Removed 24 stack frames</pre></div><a href='#' onClick='toggleBox("stack-trace1539038539", this, "Click to show all stack frames", "Click to hide stack frames")'>Click to show all stack frames</a>
<div class='stack-trace' id='stack-trace1539038539'><pre>org.testng.SkipException: Skipping test.
	at testcases.VerifyMLFilesTest.verifyMLFilesTest(VerifyMLFilesTest.java:32)
	at sun.reflect.GeneratedMethodAccessor39.invoke(Unknown Source)
	at sun.reflect.DelegatingMethodAccessorImpl.invoke(DelegatingMethodAccessorImpl.java:43)
	at java.lang.reflect.Method.invoke(Method.java:498)
	at org.testng.internal.MethodInvocationHelper.invokeMethod(MethodInvocationHelper.java:108)
	at org.testng.internal.Invoker.invokeMethod(Invoker.java:661)
	at org.testng.internal.Invoker.invokeTestMethod(Invoker.java:869)
	at org.testng.internal.Invoker.invokeTestMethods(Invoker.java:1193)
	at org.testng.internal.TestMethodWorker.invokeTestMethods(TestMethodWorker.java:126)
	at org.testng.internal.TestMethodWorker.run(TestMethodWorker.java:109)
	at org.testng.TestRunner.privateRun(TestRunner.java:744)
	at org.testng.TestRunner.run(TestRunner.java:602)
	at org.testng.SuiteRunner.runTest(SuiteRunner.java:380)
	at org.testng.SuiteRunner.runSequentially(SuiteRunner.java:375)
	at org.testng.SuiteRunner.privateRun(SuiteRunner.java:340)
	at org.testng.SuiteRunner.run(SuiteRunner.java:289)
	at org.testng.SuiteRunnerWorker.runSuite(SuiteRunnerWorker.java:52)
	at org.testng.SuiteRunnerWorker.run(SuiteRunnerWorker.java:86)
	at org.testng.TestNG.runSuitesSequentially(TestNG.java:1301)
	at org.testng.TestNG.runSuitesLocally(TestNG.java:1226)
	at org.testng.TestNG.runSuites(TestNG.java:1144)
	at org.testng.TestNG.run(TestNG.java:1115)
	at org.testng.remote.AbstractRemoteTestNG.run(AbstractRemoteTestNG.java:115)
	at org.testng.remote.RemoteTestNG.initAndRun(RemoteTestNG.java:251)
	at org.testng.remote.RemoteTestNG.main(RemoteTestNG.java:77)
</pre></div></td>
<td>0</td>
<td>testcases.VerifyMLFilesTest@196a42c3</td></tr>
<tr>
<td title='testcases.VerifyMLFilesTest.verifyMLFilesTest()'><b>verifyMLFilesTest</b><br>Test class: testcases.VerifyMLFilesTest<br>Parameters: {PROVINCE_OF_ISSUE=, DATE MODIFIED=, APPELLANT=, RUNMODE=N, CASE_ID=3127239, TRIAL_DATE=, STATUS=Closed, PROCEDURE=, CMPA_SHARE_DAMAGES=0.0, DATE_OPENED=08/16/2017, ML_FILE_ID=2012020140, DATE_CREATE=, TOTAL_DAMAGES=0.0, APPEALED=, DATE_CLOSED=08/16/2017, JURY=0.0, DELETED=0.0}</td>
<td><div><pre>org.testng.SkipException: Skipping test.
	at testcases.VerifyMLFilesTest.verifyMLFilesTest(VerifyMLFilesTest.java:32)
... Removed 24 stack frames</pre></div><a href='#' onClick='toggleBox("stack-trace1425405511", this, "Click to show all stack frames", "Click to hide stack frames")'>Click to show all stack frames</a>
<div class='stack-trace' id='stack-trace1425405511'><pre>org.testng.SkipException: Skipping test.
	at testcases.VerifyMLFilesTest.verifyMLFilesTest(VerifyMLFilesTest.java:32)
	at sun.reflect.GeneratedMethodAccessor39.invoke(Unknown Source)
	at sun.reflect.DelegatingMethodAccessorImpl.invoke(DelegatingMethodAccessorImpl.java:43)
	at java.lang.reflect.Method.invoke(Method.java:498)
	at org.testng.internal.MethodInvocationHelper.invokeMethod(MethodInvocationHelper.java:108)
	at org.testng.internal.Invoker.invokeMethod(Invoker.java:661)
	at org.testng.internal.Invoker.invokeTestMethod(Invoker.java:869)
	at org.testng.internal.Invoker.invokeTestMethods(Invoker.java:1193)
	at org.testng.internal.TestMethodWorker.invokeTestMethods(TestMethodWorker.java:126)
	at org.testng.internal.TestMethodWorker.run(TestMethodWorker.java:109)
	at org.testng.TestRunner.privateRun(TestRunner.java:744)
	at org.testng.TestRunner.run(TestRunner.java:602)
	at org.testng.SuiteRunner.runTest(SuiteRunner.java:380)
	at org.testng.SuiteRunner.runSequentially(SuiteRunner.java:375)
	at org.testng.SuiteRunner.privateRun(SuiteRunner.java:340)
	at org.testng.SuiteRunner.run(SuiteRunner.java:289)
	at org.testng.SuiteRunnerWorker.runSuite(SuiteRunnerWorker.java:52)
	at org.testng.SuiteRunnerWorker.run(SuiteRunnerWorker.java:86)
	at org.testng.TestNG.runSuitesSequentially(TestNG.java:1301)
	at org.testng.TestNG.runSuitesLocally(TestNG.java:1226)
	at org.testng.TestNG.runSuites(TestNG.java:1144)
	at org.testng.TestNG.run(TestNG.java:1115)
	at org.testng.remote.AbstractRemoteTestNG.run(AbstractRemoteTestNG.java:115)
	at org.testng.remote.RemoteTestNG.initAndRun(RemoteTestNG.java:251)
	at org.testng.remote.RemoteTestNG.main(RemoteTestNG.java:77)
</pre></div></td>
<td>0</td>
<td>testcases.VerifyMLFilesTest@196a42c3</td></tr>
<tr>
<td title='testcases.VerifyMLFilesTest.verifyMLFilesTest()'><b>verifyMLFilesTest</b><br>Test class: testcases.VerifyMLFilesTest<br>Parameters: {PROVINCE_OF_ISSUE=, DATE MODIFIED=, APPELLANT=, RUNMODE=N, CASE_ID=2103702, TRIAL_DATE=, STATUS=Closed, PROCEDURE=, CMPA_SHARE_DAMAGES=0.0, DATE_OPENED=11/22/2012, ML_FILE_ID=2012020140, DATE_CREATE=, TOTAL_DAMAGES=0.0, APPEALED=, DATE_CLOSED=02/02/2015, JURY=0.0, DELETED=0.0}</td>
<td><div><pre>org.testng.SkipException: Skipping test.
	at testcases.VerifyMLFilesTest.verifyMLFilesTest(VerifyMLFilesTest.java:32)
... Removed 24 stack frames</pre></div><a href='#' onClick='toggleBox("stack-trace402207819", this, "Click to show all stack frames", "Click to hide stack frames")'>Click to show all stack frames</a>
<div class='stack-trace' id='stack-trace402207819'><pre>org.testng.SkipException: Skipping test.
	at testcases.VerifyMLFilesTest.verifyMLFilesTest(VerifyMLFilesTest.java:32)
	at sun.reflect.GeneratedMethodAccessor39.invoke(Unknown Source)
	at sun.reflect.DelegatingMethodAccessorImpl.invoke(DelegatingMethodAccessorImpl.java:43)
	at java.lang.reflect.Method.invoke(Method.java:498)
	at org.testng.internal.MethodInvocationHelper.invokeMethod(MethodInvocationHelper.java:108)
	at org.testng.internal.Invoker.invokeMethod(Invoker.java:661)
	at org.testng.internal.Invoker.invokeTestMethod(Invoker.java:869)
	at org.testng.internal.Invoker.invokeTestMethods(Invoker.java:1193)
	at org.testng.internal.TestMethodWorker.invokeTestMethods(TestMethodWorker.java:126)
	at org.testng.internal.TestMethodWorker.run(TestMethodWorker.java:109)
	at org.testng.TestRunner.privateRun(TestRunner.java:744)
	at org.testng.TestRunner.run(TestRunner.java:602)
	at org.testng.SuiteRunner.runTest(SuiteRunner.java:380)
	at org.testng.SuiteRunner.runSequentially(SuiteRunner.java:375)
	at org.testng.SuiteRunner.privateRun(SuiteRunner.java:340)
	at org.testng.SuiteRunner.run(SuiteRunner.java:289)
	at org.testng.SuiteRunnerWorker.runSuite(SuiteRunnerWorker.java:52)
	at org.testng.SuiteRunnerWorker.run(SuiteRunnerWorker.java:86)
	at org.testng.TestNG.runSuitesSequentially(TestNG.java:1301)
	at org.testng.TestNG.runSuitesLocally(TestNG.java:1226)
	at org.testng.TestNG.runSuites(TestNG.java:1144)
	at org.testng.TestNG.run(TestNG.java:1115)
	at org.testng.remote.AbstractRemoteTestNG.run(AbstractRemoteTestNG.java:115)
	at org.testng.remote.RemoteTestNG.initAndRun(RemoteTestNG.java:251)
	at org.testng.remote.RemoteTestNG.main(RemoteTestNG.java:77)
</pre></div></td>
<td>0</td>
<td>testcases.VerifyMLFilesTest@196a42c3</td></tr>
<tr>
<td title='testcases.VerifyMLFilesTest.verifyMLFilesTest()'><b>verifyMLFilesTest</b><br>Test class: testcases.VerifyMLFilesTest<br>Parameters: {PROVINCE_OF_ISSUE=, DATE MODIFIED=, APPELLANT=, RUNMODE=N, CASE_ID=2359725, TRIAL_DATE=, STATUS=Closed, PROCEDURE=, CMPA_SHARE_DAMAGES=0.0, DATE_OPENED=03/25/2014, ML_FILE_ID=2013019118, DATE_CREATE=, TOTAL_DAMAGES=0.0, APPEALED=, DATE_CLOSED=01/10/2020, JURY=0.0, DELETED=0.0}</td>
<td><div><pre>org.testng.SkipException: Skipping test.
	at testcases.VerifyMLFilesTest.verifyMLFilesTest(VerifyMLFilesTest.java:32)
... Removed 24 stack frames</pre></div><a href='#' onClick='toggleBox("stack-trace1156210828", this, "Click to show all stack frames", "Click to hide stack frames")'>Click to show all stack frames</a>
<div class='stack-trace' id='stack-trace1156210828'><pre>org.testng.SkipException: Skipping test.
	at testcases.VerifyMLFilesTest.verifyMLFilesTest(VerifyMLFilesTest.java:32)
	at sun.reflect.GeneratedMethodAccessor39.invoke(Unknown Source)
	at sun.reflect.DelegatingMethodAccessorImpl.invoke(DelegatingMethodAccessorImpl.java:43)
	at java.lang.reflect.Method.invoke(Method.java:498)
	at org.testng.internal.MethodInvocationHelper.invokeMethod(MethodInvocationHelper.java:108)
	at org.testng.internal.Invoker.invokeMethod(Invoker.java:661)
	at org.testng.internal.Invoker.invokeTestMethod(Invoker.java:869)
	at org.testng.internal.Invoker.invokeTestMethods(Invoker.java:1193)
	at org.testng.internal.TestMethodWorker.invokeTestMethods(TestMethodWorker.java:126)
	at org.testng.internal.TestMethodWorker.run(TestMethodWorker.java:109)
	at org.testng.TestRunner.privateRun(TestRunner.java:744)
	at org.testng.TestRunner.run(TestRunner.java:602)
	at org.testng.SuiteRunner.runTest(SuiteRunner.java:380)
	at org.testng.SuiteRunner.runSequentially(SuiteRunner.java:375)
	at org.testng.SuiteRunner.privateRun(SuiteRunner.java:340)
	at org.testng.SuiteRunner.run(SuiteRunner.java:289)
	at org.testng.SuiteRunnerWorker.runSuite(SuiteRunnerWorker.java:52)
	at org.testng.SuiteRunnerWorker.run(SuiteRunnerWorker.java:86)
	at org.testng.TestNG.runSuitesSequentially(TestNG.java:1301)
	at org.testng.TestNG.runSuitesLocally(TestNG.java:1226)
	at org.testng.TestNG.runSuites(TestNG.java:1144)
	at org.testng.TestNG.run(TestNG.java:1115)
	at org.testng.remote.AbstractRemoteTestNG.run(AbstractRemoteTestNG.java:115)
	at org.testng.remote.RemoteTestNG.initAndRun(RemoteTestNG.java:251)
	at org.testng.remote.RemoteTestNG.main(RemoteTestNG.java:77)
</pre></div></td>
<td>0</td>
<td>testcases.VerifyMLFilesTest@196a42c3</td></tr>
<tr>
<td title='testcases.VerifyMLFilesTest.verifyMLFilesTest()'><b>verifyMLFilesTest</b><br>Test class: testcases.VerifyMLFilesTest<br>Parameters: {PROVINCE_OF_ISSUE=, DATE MODIFIED=, APPELLANT=, RUNMODE=N, CASE_ID=3406643, TRIAL_DATE=, STATUS=Closed, PROCEDURE=, CMPA_SHARE_DAMAGES=0.0, DATE_OPENED=11/21/2018, ML_FILE_ID=2013019118, DATE_CREATE=, TOTAL_DAMAGES=0.0, APPEALED=, DATE_CLOSED=06/20/2019, JURY=0.0, DELETED=0.0}</td>
<td><div><pre>org.testng.SkipException: Skipping test.
	at testcases.VerifyMLFilesTest.verifyMLFilesTest(VerifyMLFilesTest.java:32)
... Removed 24 stack frames</pre></div><a href='#' onClick='toggleBox("stack-trace452015229", this, "Click to show all stack frames", "Click to hide stack frames")'>Click to show all stack frames</a>
<div class='stack-trace' id='stack-trace452015229'><pre>org.testng.SkipException: Skipping test.
	at testcases.VerifyMLFilesTest.verifyMLFilesTest(VerifyMLFilesTest.java:32)
	at sun.reflect.GeneratedMethodAccessor39.invoke(Unknown Source)
	at sun.reflect.DelegatingMethodAccessorImpl.invoke(DelegatingMethodAccessorImpl.java:43)
	at java.lang.reflect.Method.invoke(Method.java:498)
	at org.testng.internal.MethodInvocationHelper.invokeMethod(MethodInvocationHelper.java:108)
	at org.testng.internal.Invoker.invokeMethod(Invoker.java:661)
	at org.testng.internal.Invoker.invokeTestMethod(Invoker.java:869)
	at org.testng.internal.Invoker.invokeTestMethods(Invoker.java:1193)
	at org.testng.internal.TestMethodWorker.invokeTestMethods(TestMethodWorker.java:126)
	at org.testng.internal.TestMethodWorker.run(TestMethodWorker.java:109)
	at org.testng.TestRunner.privateRun(TestRunner.java:744)
	at org.testng.TestRunner.run(TestRunner.java:602)
	at org.testng.SuiteRunner.runTest(SuiteRunner.java:380)
	at org.testng.SuiteRunner.runSequentially(SuiteRunner.java:375)
	at org.testng.SuiteRunner.privateRun(SuiteRunner.java:340)
	at org.testng.SuiteRunner.run(SuiteRunner.java:289)
	at org.testng.SuiteRunnerWorker.runSuite(SuiteRunnerWorker.java:52)
	at org.testng.SuiteRunnerWorker.run(SuiteRunnerWorker.java:86)
	at org.testng.TestNG.runSuitesSequentially(TestNG.java:1301)
	at org.testng.TestNG.runSuitesLocally(TestNG.java:1226)
	at org.testng.TestNG.runSuites(TestNG.java:1144)
	at org.testng.TestNG.run(TestNG.java:1115)
	at org.testng.remote.AbstractRemoteTestNG.run(AbstractRemoteTestNG.java:115)
	at org.testng.remote.RemoteTestNG.initAndRun(RemoteTestNG.java:251)
	at org.testng.remote.RemoteTestNG.main(RemoteTestNG.java:77)
</pre></div></td>
<td>0</td>
<td>testcases.VerifyMLFilesTest@196a42c3</td></tr>
<tr>
<td title='testcases.VerifyMLFilesTest.verifyMLFilesTest()'><b>verifyMLFilesTest</b><br>Test class: testcases.VerifyMLFilesTest<br>Parameters: {PROVINCE_OF_ISSUE=, DATE MODIFIED=, APPELLANT=, RUNMODE=N, CASE_ID=2256233, TRIAL_DATE=, STATUS=Closed, PROCEDURE=, CMPA_SHARE_DAMAGES=0.0, DATE_OPENED=10/31/2013, ML_FILE_ID=2013019118, DATE_CREATE=, TOTAL_DAMAGES=0.0, APPEALED=, DATE_CLOSED=08/29/2016, JURY=0.0, DELETED=0.0}</td>
<td><div><pre>org.testng.SkipException: Skipping test.
	at testcases.VerifyMLFilesTest.verifyMLFilesTest(VerifyMLFilesTest.java:32)
... Removed 24 stack frames</pre></div><a href='#' onClick='toggleBox("stack-trace512238546", this, "Click to show all stack frames", "Click to hide stack frames")'>Click to show all stack frames</a>
<div class='stack-trace' id='stack-trace512238546'><pre>org.testng.SkipException: Skipping test.
	at testcases.VerifyMLFilesTest.verifyMLFilesTest(VerifyMLFilesTest.java:32)
	at sun.reflect.GeneratedMethodAccessor39.invoke(Unknown Source)
	at sun.reflect.DelegatingMethodAccessorImpl.invoke(DelegatingMethodAccessorImpl.java:43)
	at java.lang.reflect.Method.invoke(Method.java:498)
	at org.testng.internal.MethodInvocationHelper.invokeMethod(MethodInvocationHelper.java:108)
	at org.testng.internal.Invoker.invokeMethod(Invoker.java:661)
	at org.testng.internal.Invoker.invokeTestMethod(Invoker.java:869)
	at org.testng.internal.Invoker.invokeTestMethods(Invoker.java:1193)
	at org.testng.internal.TestMethodWorker.invokeTestMethods(TestMethodWorker.java:126)
	at org.testng.internal.TestMethodWorker.run(TestMethodWorker.java:109)
	at org.testng.TestRunner.privateRun(TestRunner.java:744)
	at org.testng.TestRunner.run(TestRunner.java:602)
	at org.testng.SuiteRunner.runTest(SuiteRunner.java:380)
	at org.testng.SuiteRunner.runSequentially(SuiteRunner.java:375)
	at org.testng.SuiteRunner.privateRun(SuiteRunner.java:340)
	at org.testng.SuiteRunner.run(SuiteRunner.java:289)
	at org.testng.SuiteRunnerWorker.runSuite(SuiteRunnerWorker.java:52)
	at org.testng.SuiteRunnerWorker.run(SuiteRunnerWorker.java:86)
	at org.testng.TestNG.runSuitesSequentially(TestNG.java:1301)
	at org.testng.TestNG.runSuitesLocally(TestNG.java:1226)
	at org.testng.TestNG.runSuites(TestNG.java:1144)
	at org.testng.TestNG.run(TestNG.java:1115)
	at org.testng.remote.AbstractRemoteTestNG.run(AbstractRemoteTestNG.java:115)
	at org.testng.remote.RemoteTestNG.initAndRun(RemoteTestNG.java:251)
	at org.testng.remote.RemoteTestNG.main(RemoteTestNG.java:77)
</pre></div></td>
<td>0</td>
<td>testcases.VerifyMLFilesTest@196a42c3</td></tr>
<tr>
<td title='testcases.VerifyMLFilesTest.verifyMLFilesTest()'><b>verifyMLFilesTest</b><br>Test class: testcases.VerifyMLFilesTest<br>Parameters: {PROVINCE_OF_ISSUE=, DATE MODIFIED=, APPELLANT=, RUNMODE=N, CASE_ID=2377312, TRIAL_DATE=, STATUS=Closed, PROCEDURE=, CMPA_SHARE_DAMAGES=0.0, DATE_OPENED=05/07/2014, ML_FILE_ID=2014008597, DATE_CREATE=, TOTAL_DAMAGES=0.0, APPEALED=, DATE_CLOSED=05/08/2014, JURY=0.0, DELETED=0.0}</td>
<td><div><pre>org.testng.SkipException: Skipping test.
	at testcases.VerifyMLFilesTest.verifyMLFilesTest(VerifyMLFilesTest.java:32)
... Removed 24 stack frames</pre></div><a href='#' onClick='toggleBox("stack-trace305552520", this, "Click to show all stack frames", "Click to hide stack frames")'>Click to show all stack frames</a>
<div class='stack-trace' id='stack-trace305552520'><pre>org.testng.SkipException: Skipping test.
	at testcases.VerifyMLFilesTest.verifyMLFilesTest(VerifyMLFilesTest.java:32)
	at sun.reflect.GeneratedMethodAccessor39.invoke(Unknown Source)
	at sun.reflect.DelegatingMethodAccessorImpl.invoke(DelegatingMethodAccessorImpl.java:43)
	at java.lang.reflect.Method.invoke(Method.java:498)
	at org.testng.internal.MethodInvocationHelper.invokeMethod(MethodInvocationHelper.java:108)
	at org.testng.internal.Invoker.invokeMethod(Invoker.java:661)
	at org.testng.internal.Invoker.invokeTestMethod(Invoker.java:869)
	at org.testng.internal.Invoker.invokeTestMethods(Invoker.java:1193)
	at org.testng.internal.TestMethodWorker.invokeTestMethods(TestMethodWorker.java:126)
	at org.testng.internal.TestMethodWorker.run(TestMethodWorker.java:109)
	at org.testng.TestRunner.privateRun(TestRunner.java:744)
	at org.testng.TestRunner.run(TestRunner.java:602)
	at org.testng.SuiteRunner.runTest(SuiteRunner.java:380)
	at org.testng.SuiteRunner.runSequentially(SuiteRunner.java:375)
	at org.testng.SuiteRunner.privateRun(SuiteRunner.java:340)
	at org.testng.SuiteRunner.run(SuiteRunner.java:289)
	at org.testng.SuiteRunnerWorker.runSuite(SuiteRunnerWorker.java:52)
	at org.testng.SuiteRunnerWorker.run(SuiteRunnerWorker.java:86)
	at org.testng.TestNG.runSuitesSequentially(TestNG.java:1301)
	at org.testng.TestNG.runSuitesLocally(TestNG.java:1226)
	at org.testng.TestNG.runSuites(TestNG.java:1144)
	at org.testng.TestNG.run(TestNG.java:1115)
	at org.testng.remote.AbstractRemoteTestNG.run(AbstractRemoteTestNG.java:115)
	at org.testng.remote.RemoteTestNG.initAndRun(RemoteTestNG.java:251)
	at org.testng.remote.RemoteTestNG.main(RemoteTestNG.java:77)
</pre></div></td>
<td>0</td>
<td>testcases.VerifyMLFilesTest@196a42c3</td></tr>
<tr>
<td title='testcases.VerifyMLFilesTest.verifyMLFilesTest()'><b>verifyMLFilesTest</b><br>Test class: testcases.VerifyMLFilesTest<br>Parameters: {PROVINCE_OF_ISSUE=, DATE MODIFIED=, APPELLANT=, RUNMODE=N, CASE_ID=3242804, TRIAL_DATE=, STATUS=Closed, PROCEDURE=, CMPA_SHARE_DAMAGES=0.0, DATE_OPENED=02/23/2018, ML_FILE_ID=2014008597, DATE_CREATE=, TOTAL_DAMAGES=0.0, APPEALED=, DATE_CLOSED=03/05/2019, JURY=0.0, DELETED=0.0}</td>
<td><div><pre>org.testng.SkipException: Skipping test.
	at testcases.VerifyMLFilesTest.verifyMLFilesTest(VerifyMLFilesTest.java:32)
... Removed 24 stack frames</pre></div><a href='#' onClick='toggleBox("stack-trace429804587", this, "Click to show all stack frames", "Click to hide stack frames")'>Click to show all stack frames</a>
<div class='stack-trace' id='stack-trace429804587'><pre>org.testng.SkipException: Skipping test.
	at testcases.VerifyMLFilesTest.verifyMLFilesTest(VerifyMLFilesTest.java:32)
	at sun.reflect.GeneratedMethodAccessor39.invoke(Unknown Source)
	at sun.reflect.DelegatingMethodAccessorImpl.invoke(DelegatingMethodAccessorImpl.java:43)
	at java.lang.reflect.Method.invoke(Method.java:498)
	at org.testng.internal.MethodInvocationHelper.invokeMethod(MethodInvocationHelper.java:108)
	at org.testng.internal.Invoker.invokeMethod(Invoker.java:661)
	at org.testng.internal.Invoker.invokeTestMethod(Invoker.java:869)
	at org.testng.internal.Invoker.invokeTestMethods(Invoker.java:1193)
	at org.testng.internal.TestMethodWorker.invokeTestMethods(TestMethodWorker.java:126)
	at org.testng.internal.TestMethodWorker.run(TestMethodWorker.java:109)
	at org.testng.TestRunner.privateRun(TestRunner.java:744)
	at org.testng.TestRunner.run(TestRunner.java:602)
	at org.testng.SuiteRunner.runTest(SuiteRunner.java:380)
	at org.testng.SuiteRunner.runSequentially(SuiteRunner.java:375)
	at org.testng.SuiteRunner.privateRun(SuiteRunner.java:340)
	at org.testng.SuiteRunner.run(SuiteRunner.java:289)
	at org.testng.SuiteRunnerWorker.runSuite(SuiteRunnerWorker.java:52)
	at org.testng.SuiteRunnerWorker.run(SuiteRunnerWorker.java:86)
	at org.testng.TestNG.runSuitesSequentially(TestNG.java:1301)
	at org.testng.TestNG.runSuitesLocally(TestNG.java:1226)
	at org.testng.TestNG.runSuites(TestNG.java:1144)
	at org.testng.TestNG.run(TestNG.java:1115)
	at org.testng.remote.AbstractRemoteTestNG.run(AbstractRemoteTestNG.java:115)
	at org.testng.remote.RemoteTestNG.initAndRun(RemoteTestNG.java:251)
	at org.testng.remote.RemoteTestNG.main(RemoteTestNG.java:77)
</pre></div></td>
<td>0</td>
<td>testcases.VerifyMLFilesTest@196a42c3</td></tr>
<tr>
<td title='testcases.VerifyMLFilesTest.verifyMLFilesTest()'><b>verifyMLFilesTest</b><br>Test class: testcases.VerifyMLFilesTest<br>Parameters: {PROVINCE_OF_ISSUE=, DATE MODIFIED=, APPELLANT=, RUNMODE=N, CASE_ID=3391590, TRIAL_DATE=, STATUS=Open, PROCEDURE=, CMPA_SHARE_DAMAGES=0.0, DATE_OPENED=11/05/2018, ML_FILE_ID=2014012732, DATE_CREATE=, TOTAL_DAMAGES=0.0, APPEALED=, DATE_CLOSED=, JURY=0.0, DELETED=0.0}</td>
<td><div><pre>org.testng.SkipException: Skipping test.
	at testcases.VerifyMLFilesTest.verifyMLFilesTest(VerifyMLFilesTest.java:32)
... Removed 24 stack frames</pre></div><a href='#' onClick='toggleBox("stack-trace1542856295", this, "Click to show all stack frames", "Click to hide stack frames")'>Click to show all stack frames</a>
<div class='stack-trace' id='stack-trace1542856295'><pre>org.testng.SkipException: Skipping test.
	at testcases.VerifyMLFilesTest.verifyMLFilesTest(VerifyMLFilesTest.java:32)
	at sun.reflect.GeneratedMethodAccessor39.invoke(Unknown Source)
	at sun.reflect.DelegatingMethodAccessorImpl.invoke(DelegatingMethodAccessorImpl.java:43)
	at java.lang.reflect.Method.invoke(Method.java:498)
	at org.testng.internal.MethodInvocationHelper.invokeMethod(MethodInvocationHelper.java:108)
	at org.testng.internal.Invoker.invokeMethod(Invoker.java:661)
	at org.testng.internal.Invoker.invokeTestMethod(Invoker.java:869)
	at org.testng.internal.Invoker.invokeTestMethods(Invoker.java:1193)
	at org.testng.internal.TestMethodWorker.invokeTestMethods(TestMethodWorker.java:126)
	at org.testng.internal.TestMethodWorker.run(TestMethodWorker.java:109)
	at org.testng.TestRunner.privateRun(TestRunner.java:744)
	at org.testng.TestRunner.run(TestRunner.java:602)
	at org.testng.SuiteRunner.runTest(SuiteRunner.java:380)
	at org.testng.SuiteRunner.runSequentially(SuiteRunner.java:375)
	at org.testng.SuiteRunner.privateRun(SuiteRunner.java:340)
	at org.testng.SuiteRunner.run(SuiteRunner.java:289)
	at org.testng.SuiteRunnerWorker.runSuite(SuiteRunnerWorker.java:52)
	at org.testng.SuiteRunnerWorker.run(SuiteRunnerWorker.java:86)
	at org.testng.TestNG.runSuitesSequentially(TestNG.java:1301)
	at org.testng.TestNG.runSuitesLocally(TestNG.java:1226)
	at org.testng.TestNG.runSuites(TestNG.java:1144)
	at org.testng.TestNG.run(TestNG.java:1115)
	at org.testng.remote.AbstractRemoteTestNG.run(AbstractRemoteTestNG.java:115)
	at org.testng.remote.RemoteTestNG.initAndRun(RemoteTestNG.java:251)
	at org.testng.remote.RemoteTestNG.main(RemoteTestNG.java:77)
</pre></div></td>
<td>0</td>
<td>testcases.VerifyMLFilesTest@196a42c3</td></tr>
<tr>
<td title='testcases.VerifyMLFilesTest.verifyMLFilesTest()'><b>verifyMLFilesTest</b><br>Test class: testcases.VerifyMLFilesTest<br>Parameters: {PROVINCE_OF_ISSUE=, DATE MODIFIED=, APPELLANT=, RUNMODE=N, CASE_ID=3392711, TRIAL_DATE=, STATUS=Open, PROCEDURE=, CMPA_SHARE_DAMAGES=0.0, DATE_OPENED=11/05/2018, ML_FILE_ID=2014012732, DATE_CREATE=, TOTAL_DAMAGES=0.0, APPEALED=, DATE_CLOSED=, JURY=0.0, DELETED=0.0}</td>
<td><div><pre>org.testng.SkipException: Skipping test.
	at testcases.VerifyMLFilesTest.verifyMLFilesTest(VerifyMLFilesTest.java:32)
... Removed 24 stack frames</pre></div><a href='#' onClick='toggleBox("stack-trace699871906", this, "Click to show all stack frames", "Click to hide stack frames")'>Click to show all stack frames</a>
<div class='stack-trace' id='stack-trace699871906'><pre>org.testng.SkipException: Skipping test.
	at testcases.VerifyMLFilesTest.verifyMLFilesTest(VerifyMLFilesTest.java:32)
	at sun.reflect.GeneratedMethodAccessor39.invoke(Unknown Source)
	at sun.reflect.DelegatingMethodAccessorImpl.invoke(DelegatingMethodAccessorImpl.java:43)
	at java.lang.reflect.Method.invoke(Method.java:498)
	at org.testng.internal.MethodInvocationHelper.invokeMethod(MethodInvocationHelper.java:108)
	at org.testng.internal.Invoker.invokeMethod(Invoker.java:661)
	at org.testng.internal.Invoker.invokeTestMethod(Invoker.java:869)
	at org.testng.internal.Invoker.invokeTestMethods(Invoker.java:1193)
	at org.testng.internal.TestMethodWorker.invokeTestMethods(TestMethodWorker.java:126)
	at org.testng.internal.TestMethodWorker.run(TestMethodWorker.java:109)
	at org.testng.TestRunner.privateRun(TestRunner.java:744)
	at org.testng.TestRunner.run(TestRunner.java:602)
	at org.testng.SuiteRunner.runTest(SuiteRunner.java:380)
	at org.testng.SuiteRunner.runSequentially(SuiteRunner.java:375)
	at org.testng.SuiteRunner.privateRun(SuiteRunner.java:340)
	at org.testng.SuiteRunner.run(SuiteRunner.java:289)
	at org.testng.SuiteRunnerWorker.runSuite(SuiteRunnerWorker.java:52)
	at org.testng.SuiteRunnerWorker.run(SuiteRunnerWorker.java:86)
	at org.testng.TestNG.runSuitesSequentially(TestNG.java:1301)
	at org.testng.TestNG.runSuitesLocally(TestNG.java:1226)
	at org.testng.TestNG.runSuites(TestNG.java:1144)
	at org.testng.TestNG.run(TestNG.java:1115)
	at org.testng.remote.AbstractRemoteTestNG.run(AbstractRemoteTestNG.java:115)
	at org.testng.remote.RemoteTestNG.initAndRun(RemoteTestNG.java:251)
	at org.testng.remote.RemoteTestNG.main(RemoteTestNG.java:77)
</pre></div></td>
<td>0</td>
<td>testcases.VerifyMLFilesTest@196a42c3</td></tr>
<tr>
<td title='testcases.VerifyMLFilesTest.verifyMLFilesTest()'><b>verifyMLFilesTest</b><br>Test class: testcases.VerifyMLFilesTest<br>Parameters: {PROVINCE_OF_ISSUE=, DATE MODIFIED=, APPELLANT=, RUNMODE=N, CASE_ID=2414313, TRIAL_DATE=, STATUS=Closed, PROCEDURE=, CMPA_SHARE_DAMAGES=0.0, DATE_OPENED=07/11/2014, ML_FILE_ID=2014012732, DATE_CREATE=, TOTAL_DAMAGES=0.0, APPEALED=, DATE_CLOSED=03/27/2015, JURY=0.0, DELETED=0.0}</td>
<td><div><pre>org.testng.SkipException: Skipping test.
	at testcases.VerifyMLFilesTest.verifyMLFilesTest(VerifyMLFilesTest.java:32)
... Removed 24 stack frames</pre></div><a href='#' onClick='toggleBox("stack-trace185203393", this, "Click to show all stack frames", "Click to hide stack frames")'>Click to show all stack frames</a>
<div class='stack-trace' id='stack-trace185203393'><pre>org.testng.SkipException: Skipping test.
	at testcases.VerifyMLFilesTest.verifyMLFilesTest(VerifyMLFilesTest.java:32)
	at sun.reflect.GeneratedMethodAccessor39.invoke(Unknown Source)
	at sun.reflect.DelegatingMethodAccessorImpl.invoke(DelegatingMethodAccessorImpl.java:43)
	at java.lang.reflect.Method.invoke(Method.java:498)
	at org.testng.internal.MethodInvocationHelper.invokeMethod(MethodInvocationHelper.java:108)
	at org.testng.internal.Invoker.invokeMethod(Invoker.java:661)
	at org.testng.internal.Invoker.invokeTestMethod(Invoker.java:869)
	at org.testng.internal.Invoker.invokeTestMethods(Invoker.java:1193)
	at org.testng.internal.TestMethodWorker.invokeTestMethods(TestMethodWorker.java:126)
	at org.testng.internal.TestMethodWorker.run(TestMethodWorker.java:109)
	at org.testng.TestRunner.privateRun(TestRunner.java:744)
	at org.testng.TestRunner.run(TestRunner.java:602)
	at org.testng.SuiteRunner.runTest(SuiteRunner.java:380)
	at org.testng.SuiteRunner.runSequentially(SuiteRunner.java:375)
	at org.testng.SuiteRunner.privateRun(SuiteRunner.java:340)
	at org.testng.SuiteRunner.run(SuiteRunner.java:289)
	at org.testng.SuiteRunnerWorker.runSuite(SuiteRunnerWorker.java:52)
	at org.testng.SuiteRunnerWorker.run(SuiteRunnerWorker.java:86)
	at org.testng.TestNG.runSuitesSequentially(TestNG.java:1301)
	at org.testng.TestNG.runSuitesLocally(TestNG.java:1226)
	at org.testng.TestNG.runSuites(TestNG.java:1144)
	at org.testng.TestNG.run(TestNG.java:1115)
	at org.testng.remote.AbstractRemoteTestNG.run(AbstractRemoteTestNG.java:115)
	at org.testng.remote.RemoteTestNG.initAndRun(RemoteTestNG.java:251)
	at org.testng.remote.RemoteTestNG.main(RemoteTestNG.java:77)
</pre></div></td>
<td>0</td>
<td>testcases.VerifyMLFilesTest@196a42c3</td></tr>
<tr>
<td title='testcases.VerifyMLFilesTest.verifyMLFilesTest()'><b>verifyMLFilesTest</b><br>Test class: testcases.VerifyMLFilesTest<br>Parameters: {PROVINCE_OF_ISSUE=, DATE MODIFIED=, APPELLANT=, RUNMODE=N, CASE_ID=2753634, TRIAL_DATE=, STATUS=Closed, PROCEDURE=, CMPA_SHARE_DAMAGES=0.0, DATE_OPENED=01/18/2016, ML_FILE_ID=2016001057, DATE_CREATE=, TOTAL_DAMAGES=0.0, APPEALED=, DATE_CLOSED=01/18/2016, JURY=0.0, DELETED=0.0}</td>
<td><div><pre>org.testng.SkipException: Skipping test.
	at testcases.VerifyMLFilesTest.verifyMLFilesTest(VerifyMLFilesTest.java:32)
... Removed 24 stack frames</pre></div><a href='#' onClick='toggleBox("stack-trace1011481270", this, "Click to show all stack frames", "Click to hide stack frames")'>Click to show all stack frames</a>
<div class='stack-trace' id='stack-trace1011481270'><pre>org.testng.SkipException: Skipping test.
	at testcases.VerifyMLFilesTest.verifyMLFilesTest(VerifyMLFilesTest.java:32)
	at sun.reflect.GeneratedMethodAccessor39.invoke(Unknown Source)
	at sun.reflect.DelegatingMethodAccessorImpl.invoke(DelegatingMethodAccessorImpl.java:43)
	at java.lang.reflect.Method.invoke(Method.java:498)
	at org.testng.internal.MethodInvocationHelper.invokeMethod(MethodInvocationHelper.java:108)
	at org.testng.internal.Invoker.invokeMethod(Invoker.java:661)
	at org.testng.internal.Invoker.invokeTestMethod(Invoker.java:869)
	at org.testng.internal.Invoker.invokeTestMethods(Invoker.java:1193)
	at org.testng.internal.TestMethodWorker.invokeTestMethods(TestMethodWorker.java:126)
	at org.testng.internal.TestMethodWorker.run(TestMethodWorker.java:109)
	at org.testng.TestRunner.privateRun(TestRunner.java:744)
	at org.testng.TestRunner.run(TestRunner.java:602)
	at org.testng.SuiteRunner.runTest(SuiteRunner.java:380)
	at org.testng.SuiteRunner.runSequentially(SuiteRunner.java:375)
	at org.testng.SuiteRunner.privateRun(SuiteRunner.java:340)
	at org.testng.SuiteRunner.run(SuiteRunner.java:289)
	at org.testng.SuiteRunnerWorker.runSuite(SuiteRunnerWorker.java:52)
	at org.testng.SuiteRunnerWorker.run(SuiteRunnerWorker.java:86)
	at org.testng.TestNG.runSuitesSequentially(TestNG.java:1301)
	at org.testng.TestNG.runSuitesLocally(TestNG.java:1226)
	at org.testng.TestNG.runSuites(TestNG.java:1144)
	at org.testng.TestNG.run(TestNG.java:1115)
	at org.testng.remote.AbstractRemoteTestNG.run(AbstractRemoteTestNG.java:115)
	at org.testng.remote.RemoteTestNG.initAndRun(RemoteTestNG.java:251)
	at org.testng.remote.RemoteTestNG.main(RemoteTestNG.java:77)
</pre></div></td>
<td>0</td>
<td>testcases.VerifyMLFilesTest@196a42c3</td></tr>
<tr>
<td title='testcases.VerifyMLFilesTest.verifyMLFilesTest()'><b>verifyMLFilesTest</b><br>Test class: testcases.VerifyMLFilesTest<br>Parameters: {PROVINCE_OF_ISSUE=, DATE MODIFIED=, APPELLANT=, RUNMODE=N, CASE_ID=3340012, TRIAL_DATE=, STATUS=Open, PROCEDURE=, CMPA_SHARE_DAMAGES=0.0, DATE_OPENED=07/25/2018, ML_FILE_ID=2016001057, DATE_CREATE=, TOTAL_DAMAGES=0.0, APPEALED=, DATE_CLOSED=, JURY=0.0, DELETED=0.0}</td>
<td><div><pre>org.testng.SkipException: Skipping test.
	at testcases.VerifyMLFilesTest.verifyMLFilesTest(VerifyMLFilesTest.java:32)
... Removed 24 stack frames</pre></div><a href='#' onClick='toggleBox("stack-trace348148678", this, "Click to show all stack frames", "Click to hide stack frames")'>Click to show all stack frames</a>
<div class='stack-trace' id='stack-trace348148678'><pre>org.testng.SkipException: Skipping test.
	at testcases.VerifyMLFilesTest.verifyMLFilesTest(VerifyMLFilesTest.java:32)
	at sun.reflect.GeneratedMethodAccessor39.invoke(Unknown Source)
	at sun.reflect.DelegatingMethodAccessorImpl.invoke(DelegatingMethodAccessorImpl.java:43)
	at java.lang.reflect.Method.invoke(Method.java:498)
	at org.testng.internal.MethodInvocationHelper.invokeMethod(MethodInvocationHelper.java:108)
	at org.testng.internal.Invoker.invokeMethod(Invoker.java:661)
	at org.testng.internal.Invoker.invokeTestMethod(Invoker.java:869)
	at org.testng.internal.Invoker.invokeTestMethods(Invoker.java:1193)
	at org.testng.internal.TestMethodWorker.invokeTestMethods(TestMethodWorker.java:126)
	at org.testng.internal.TestMethodWorker.run(TestMethodWorker.java:109)
	at org.testng.TestRunner.privateRun(TestRunner.java:744)
	at org.testng.TestRunner.run(TestRunner.java:602)
	at org.testng.SuiteRunner.runTest(SuiteRunner.java:380)
	at org.testng.SuiteRunner.runSequentially(SuiteRunner.java:375)
	at org.testng.SuiteRunner.privateRun(SuiteRunner.java:340)
	at org.testng.SuiteRunner.run(SuiteRunner.java:289)
	at org.testng.SuiteRunnerWorker.runSuite(SuiteRunnerWorker.java:52)
	at org.testng.SuiteRunnerWorker.run(SuiteRunnerWorker.java:86)
	at org.testng.TestNG.runSuitesSequentially(TestNG.java:1301)
	at org.testng.TestNG.runSuitesLocally(TestNG.java:1226)
	at org.testng.TestNG.runSuites(TestNG.java:1144)
	at org.testng.TestNG.run(TestNG.java:1115)
	at org.testng.remote.AbstractRemoteTestNG.run(AbstractRemoteTestNG.java:115)
	at org.testng.remote.RemoteTestNG.initAndRun(RemoteTestNG.java:251)
	at org.testng.remote.RemoteTestNG.main(RemoteTestNG.java:77)
</pre></div></td>
<td>0</td>
<td>testcases.VerifyMLFilesTest@196a42c3</td></tr>
<tr>
<td title='testcases.VerifyMLFilesTest.verifyMLFilesTest()'><b>verifyMLFilesTest</b><br>Test class: testcases.VerifyMLFilesTest<br>Parameters: {PROVINCE_OF_ISSUE=, DATE MODIFIED=, APPELLANT=, RUNMODE=N, CASE_ID=3218035, TRIAL_DATE=, STATUS=Closed, PROCEDURE=, CMPA_SHARE_DAMAGES=0.0, DATE_OPENED=01/22/2018, ML_FILE_ID=2016014912, DATE_CREATE=, TOTAL_DAMAGES=0.0, APPEALED=, DATE_CLOSED=06/12/2018, JURY=0.0, DELETED=0.0}</td>
<td><div><pre>org.testng.SkipException: Skipping test.
	at testcases.VerifyMLFilesTest.verifyMLFilesTest(VerifyMLFilesTest.java:32)
... Removed 24 stack frames</pre></div><a href='#' onClick='toggleBox("stack-trace1907467420", this, "Click to show all stack frames", "Click to hide stack frames")'>Click to show all stack frames</a>
<div class='stack-trace' id='stack-trace1907467420'><pre>org.testng.SkipException: Skipping test.
	at testcases.VerifyMLFilesTest.verifyMLFilesTest(VerifyMLFilesTest.java:32)
	at sun.reflect.GeneratedMethodAccessor39.invoke(Unknown Source)
	at sun.reflect.DelegatingMethodAccessorImpl.invoke(DelegatingMethodAccessorImpl.java:43)
	at java.lang.reflect.Method.invoke(Method.java:498)
	at org.testng.internal.MethodInvocationHelper.invokeMethod(MethodInvocationHelper.java:108)
	at org.testng.internal.Invoker.invokeMethod(Invoker.java:661)
	at org.testng.internal.Invoker.invokeTestMethod(Invoker.java:869)
	at org.testng.internal.Invoker.invokeTestMethods(Invoker.java:1193)
	at org.testng.internal.TestMethodWorker.invokeTestMethods(TestMethodWorker.java:126)
	at org.testng.internal.TestMethodWorker.run(TestMethodWorker.java:109)
	at org.testng.TestRunner.privateRun(TestRunner.java:744)
	at org.testng.TestRunner.run(TestRunner.java:602)
	at org.testng.SuiteRunner.runTest(SuiteRunner.java:380)
	at org.testng.SuiteRunner.runSequentially(SuiteRunner.java:375)
	at org.testng.SuiteRunner.privateRun(SuiteRunner.java:340)
	at org.testng.SuiteRunner.run(SuiteRunner.java:289)
	at org.testng.SuiteRunnerWorker.runSuite(SuiteRunnerWorker.java:52)
	at org.testng.SuiteRunnerWorker.run(SuiteRunnerWorker.java:86)
	at org.testng.TestNG.runSuitesSequentially(TestNG.java:1301)
	at org.testng.TestNG.runSuitesLocally(TestNG.java:1226)
	at org.testng.TestNG.runSuites(TestNG.java:1144)
	at org.testng.TestNG.run(TestNG.java:1115)
	at org.testng.remote.AbstractRemoteTestNG.run(AbstractRemoteTestNG.java:115)
	at org.testng.remote.RemoteTestNG.initAndRun(RemoteTestNG.java:251)
	at org.testng.remote.RemoteTestNG.main(RemoteTestNG.java:77)
</pre></div></td>
<td>0</td>
<td>testcases.VerifyMLFilesTest@196a42c3</td></tr>
<tr>
<td title='testcases.VerifyMLFilesTest.verifyMLFilesTest()'><b>verifyMLFilesTest</b><br>Test class: testcases.VerifyMLFilesTest<br>Parameters: {PROVINCE_OF_ISSUE=, DATE MODIFIED=, APPELLANT=, RUNMODE=N, CASE_ID=3152758, TRIAL_DATE=, STATUS=Closed, PROCEDURE=, CMPA_SHARE_DAMAGES=0.0, DATE_OPENED=10/11/2017, ML_FILE_ID=2016014912, DATE_CREATE=, TOTAL_DAMAGES=0.0, APPEALED=, DATE_CLOSED=06/12/2018, JURY=0.0, DELETED=0.0}</td>
<td><div><pre>org.testng.SkipException: Skipping test.
	at testcases.VerifyMLFilesTest.verifyMLFilesTest(VerifyMLFilesTest.java:32)
... Removed 24 stack frames</pre></div><a href='#' onClick='toggleBox("stack-trace571956559", this, "Click to show all stack frames", "Click to hide stack frames")'>Click to show all stack frames</a>
<div class='stack-trace' id='stack-trace571956559'><pre>org.testng.SkipException: Skipping test.
	at testcases.VerifyMLFilesTest.verifyMLFilesTest(VerifyMLFilesTest.java:32)
	at sun.reflect.GeneratedMethodAccessor39.invoke(Unknown Source)
	at sun.reflect.DelegatingMethodAccessorImpl.invoke(DelegatingMethodAccessorImpl.java:43)
	at java.lang.reflect.Method.invoke(Method.java:498)
	at org.testng.internal.MethodInvocationHelper.invokeMethod(MethodInvocationHelper.java:108)
	at org.testng.internal.Invoker.invokeMethod(Invoker.java:661)
	at org.testng.internal.Invoker.invokeTestMethod(Invoker.java:869)
	at org.testng.internal.Invoker.invokeTestMethods(Invoker.java:1193)
	at org.testng.internal.TestMethodWorker.invokeTestMethods(TestMethodWorker.java:126)
	at org.testng.internal.TestMethodWorker.run(TestMethodWorker.java:109)
	at org.testng.TestRunner.privateRun(TestRunner.java:744)
	at org.testng.TestRunner.run(TestRunner.java:602)
	at org.testng.SuiteRunner.runTest(SuiteRunner.java:380)
	at org.testng.SuiteRunner.runSequentially(SuiteRunner.java:375)
	at org.testng.SuiteRunner.privateRun(SuiteRunner.java:340)
	at org.testng.SuiteRunner.run(SuiteRunner.java:289)
	at org.testng.SuiteRunnerWorker.runSuite(SuiteRunnerWorker.java:52)
	at org.testng.SuiteRunnerWorker.run(SuiteRunnerWorker.java:86)
	at org.testng.TestNG.runSuitesSequentially(TestNG.java:1301)
	at org.testng.TestNG.runSuitesLocally(TestNG.java:1226)
	at org.testng.TestNG.runSuites(TestNG.java:1144)
	at org.testng.TestNG.run(TestNG.java:1115)
	at org.testng.remote.AbstractRemoteTestNG.run(AbstractRemoteTestNG.java:115)
	at org.testng.remote.RemoteTestNG.initAndRun(RemoteTestNG.java:251)
	at org.testng.remote.RemoteTestNG.main(RemoteTestNG.java:77)
</pre></div></td>
<td>0</td>
<td>testcases.VerifyMLFilesTest@196a42c3</td></tr>
<tr>
<td title='testcases.VerifyMLFilesTest.verifyMLFilesTest()'><b>verifyMLFilesTest</b><br>Test class: testcases.VerifyMLFilesTest<br>Parameters: {PROVINCE_OF_ISSUE=, DATE MODIFIED=, APPELLANT=, RUNMODE=N, CASE_ID=2874184, TRIAL_DATE=, STATUS=Closed, PROCEDURE=, CMPA_SHARE_DAMAGES=0.0, DATE_OPENED=07/13/2016, ML_FILE_ID=2016014912, DATE_CREATE=, TOTAL_DAMAGES=0.0, APPEALED=, DATE_CLOSED=07/14/2016, JURY=0.0, DELETED=0.0}</td>
<td><div><pre>org.testng.SkipException: Skipping test.
	at testcases.VerifyMLFilesTest.verifyMLFilesTest(VerifyMLFilesTest.java:32)
... Removed 24 stack frames</pre></div><a href='#' onClick='toggleBox("stack-trace1552179791", this, "Click to show all stack frames", "Click to hide stack frames")'>Click to show all stack frames</a>
<div class='stack-trace' id='stack-trace1552179791'><pre>org.testng.SkipException: Skipping test.
	at testcases.VerifyMLFilesTest.verifyMLFilesTest(VerifyMLFilesTest.java:32)
	at sun.reflect.GeneratedMethodAccessor39.invoke(Unknown Source)
	at sun.reflect.DelegatingMethodAccessorImpl.invoke(DelegatingMethodAccessorImpl.java:43)
	at java.lang.reflect.Method.invoke(Method.java:498)
	at org.testng.internal.MethodInvocationHelper.invokeMethod(MethodInvocationHelper.java:108)
	at org.testng.internal.Invoker.invokeMethod(Invoker.java:661)
	at org.testng.internal.Invoker.invokeTestMethod(Invoker.java:869)
	at org.testng.internal.Invoker.invokeTestMethods(Invoker.java:1193)
	at org.testng.internal.TestMethodWorker.invokeTestMethods(TestMethodWorker.java:126)
	at org.testng.internal.TestMethodWorker.run(TestMethodWorker.java:109)
	at org.testng.TestRunner.privateRun(TestRunner.java:744)
	at org.testng.TestRunner.run(TestRunner.java:602)
	at org.testng.SuiteRunner.runTest(SuiteRunner.java:380)
	at org.testng.SuiteRunner.runSequentially(SuiteRunner.java:375)
	at org.testng.SuiteRunner.privateRun(SuiteRunner.java:340)
	at org.testng.SuiteRunner.run(SuiteRunner.java:289)
	at org.testng.SuiteRunnerWorker.runSuite(SuiteRunnerWorker.java:52)
	at org.testng.SuiteRunnerWorker.run(SuiteRunnerWorker.java:86)
	at org.testng.TestNG.runSuitesSequentially(TestNG.java:1301)
	at org.testng.TestNG.runSuitesLocally(TestNG.java:1226)
	at org.testng.TestNG.runSuites(TestNG.java:1144)
	at org.testng.TestNG.run(TestNG.java:1115)
	at org.testng.remote.AbstractRemoteTestNG.run(AbstractRemoteTestNG.java:115)
	at org.testng.remote.RemoteTestNG.initAndRun(RemoteTestNG.java:251)
	at org.testng.remote.RemoteTestNG.main(RemoteTestNG.java:77)
</pre></div></td>
<td>0</td>
<td>testcases.VerifyMLFilesTest@196a42c3</td></tr>
<tr>
<td title='testcases.VerifyMLFilesTest.verifyMLFilesTest()'><b>verifyMLFilesTest</b><br>Test class: testcases.VerifyMLFilesTest<br>Parameters: {PROVINCE_OF_ISSUE=, DATE MODIFIED=, APPELLANT=, RUNMODE=N, CASE_ID=2921423, TRIAL_DATE=, STATUS=Open, PROCEDURE=, CMPA_SHARE_DAMAGES=0.0, DATE_OPENED=10/20/2016, ML_FILE_ID=2016021772, DATE_CREATE=, TOTAL_DAMAGES=0.0, APPEALED=, DATE_CLOSED=, JURY=0.0, DELETED=0.0}</td>
<td><div><pre>org.testng.SkipException: Skipping test.
	at testcases.VerifyMLFilesTest.verifyMLFilesTest(VerifyMLFilesTest.java:32)
... Removed 24 stack frames</pre></div><a href='#' onClick='toggleBox("stack-trace1406004470", this, "Click to show all stack frames", "Click to hide stack frames")'>Click to show all stack frames</a>
<div class='stack-trace' id='stack-trace1406004470'><pre>org.testng.SkipException: Skipping test.
	at testcases.VerifyMLFilesTest.verifyMLFilesTest(VerifyMLFilesTest.java:32)
	at sun.reflect.GeneratedMethodAccessor39.invoke(Unknown Source)
	at sun.reflect.DelegatingMethodAccessorImpl.invoke(DelegatingMethodAccessorImpl.java:43)
	at java.lang.reflect.Method.invoke(Method.java:498)
	at org.testng.internal.MethodInvocationHelper.invokeMethod(MethodInvocationHelper.java:108)
	at org.testng.internal.Invoker.invokeMethod(Invoker.java:661)
	at org.testng.internal.Invoker.invokeTestMethod(Invoker.java:869)
	at org.testng.internal.Invoker.invokeTestMethods(Invoker.java:1193)
	at org.testng.internal.TestMethodWorker.invokeTestMethods(TestMethodWorker.java:126)
	at org.testng.internal.TestMethodWorker.run(TestMethodWorker.java:109)
	at org.testng.TestRunner.privateRun(TestRunner.java:744)
	at org.testng.TestRunner.run(TestRunner.java:602)
	at org.testng.SuiteRunner.runTest(SuiteRunner.java:380)
	at org.testng.SuiteRunner.runSequentially(SuiteRunner.java:375)
	at org.testng.SuiteRunner.privateRun(SuiteRunner.java:340)
	at org.testng.SuiteRunner.run(SuiteRunner.java:289)
	at org.testng.SuiteRunnerWorker.runSuite(SuiteRunnerWorker.java:52)
	at org.testng.SuiteRunnerWorker.run(SuiteRunnerWorker.java:86)
	at org.testng.TestNG.runSuitesSequentially(TestNG.java:1301)
	at org.testng.TestNG.runSuitesLocally(TestNG.java:1226)
	at org.testng.TestNG.runSuites(TestNG.java:1144)
	at org.testng.TestNG.run(TestNG.java:1115)
	at org.testng.remote.AbstractRemoteTestNG.run(AbstractRemoteTestNG.java:115)
	at org.testng.remote.RemoteTestNG.initAndRun(RemoteTestNG.java:251)
	at org.testng.remote.RemoteTestNG.main(RemoteTestNG.java:77)
</pre></div></td>
<td>0</td>
<td>testcases.VerifyMLFilesTest@196a42c3</td></tr>
<tr>
<td title='testcases.VerifyMLFilesTest.verifyMLFilesTest()'><b>verifyMLFilesTest</b><br>Test class: testcases.VerifyMLFilesTest<br>Parameters: {PROVINCE_OF_ISSUE=, DATE MODIFIED=, APPELLANT=, RUNMODE=N, CASE_ID=2921431, TRIAL_DATE=, STATUS=Open, PROCEDURE=, CMPA_SHARE_DAMAGES=0.0, DATE_OPENED=10/21/2016, ML_FILE_ID=2016021772, DATE_CREATE=, TOTAL_DAMAGES=0.0, APPEALED=, DATE_CLOSED=, JURY=0.0, DELETED=0.0}</td>
<td><div><pre>org.testng.SkipException: Skipping test.
	at testcases.VerifyMLFilesTest.verifyMLFilesTest(VerifyMLFilesTest.java:32)
... Removed 24 stack frames</pre></div><a href='#' onClick='toggleBox("stack-trace1604616170", this, "Click to show all stack frames", "Click to hide stack frames")'>Click to show all stack frames</a>
<div class='stack-trace' id='stack-trace1604616170'><pre>org.testng.SkipException: Skipping test.
	at testcases.VerifyMLFilesTest.verifyMLFilesTest(VerifyMLFilesTest.java:32)
	at sun.reflect.GeneratedMethodAccessor39.invoke(Unknown Source)
	at sun.reflect.DelegatingMethodAccessorImpl.invoke(DelegatingMethodAccessorImpl.java:43)
	at java.lang.reflect.Method.invoke(Method.java:498)
	at org.testng.internal.MethodInvocationHelper.invokeMethod(MethodInvocationHelper.java:108)
	at org.testng.internal.Invoker.invokeMethod(Invoker.java:661)
	at org.testng.internal.Invoker.invokeTestMethod(Invoker.java:869)
	at org.testng.internal.Invoker.invokeTestMethods(Invoker.java:1193)
	at org.testng.internal.TestMethodWorker.invokeTestMethods(TestMethodWorker.java:126)
	at org.testng.internal.TestMethodWorker.run(TestMethodWorker.java:109)
	at org.testng.TestRunner.privateRun(TestRunner.java:744)
	at org.testng.TestRunner.run(TestRunner.java:602)
	at org.testng.SuiteRunner.runTest(SuiteRunner.java:380)
	at org.testng.SuiteRunner.runSequentially(SuiteRunner.java:375)
	at org.testng.SuiteRunner.privateRun(SuiteRunner.java:340)
	at org.testng.SuiteRunner.run(SuiteRunner.java:289)
	at org.testng.SuiteRunnerWorker.runSuite(SuiteRunnerWorker.java:52)
	at org.testng.SuiteRunnerWorker.run(SuiteRunnerWorker.java:86)
	at org.testng.TestNG.runSuitesSequentially(TestNG.java:1301)
	at org.testng.TestNG.runSuitesLocally(TestNG.java:1226)
	at org.testng.TestNG.runSuites(TestNG.java:1144)
	at org.testng.TestNG.run(TestNG.java:1115)
	at org.testng.remote.AbstractRemoteTestNG.run(AbstractRemoteTestNG.java:115)
	at org.testng.remote.RemoteTestNG.initAndRun(RemoteTestNG.java:251)
	at org.testng.remote.RemoteTestNG.main(RemoteTestNG.java:77)
</pre></div></td>
<td>0</td>
<td>testcases.VerifyMLFilesTest@196a42c3</td></tr>
<tr>
<td title='testcases.VerifyMLFilesTest.verifyMLFilesTest()'><b>verifyMLFilesTest</b><br>Test class: testcases.VerifyMLFilesTest<br>Parameters: {PROVINCE_OF_ISSUE=, DATE MODIFIED=, APPELLANT=, RUNMODE=N, CASE_ID=2981425, TRIAL_DATE=, STATUS=Closed, PROCEDURE=, CMPA_SHARE_DAMAGES=0.0, DATE_OPENED=01/05/2017, ML_FILE_ID=2017000276, DATE_CREATE=, TOTAL_DAMAGES=0.0, APPEALED=, DATE_CLOSED=01/25/2017, JURY=0.0, DELETED=0.0}</td>
<td><div><pre>org.testng.SkipException: Skipping test.
	at testcases.VerifyMLFilesTest.verifyMLFilesTest(VerifyMLFilesTest.java:32)
... Removed 24 stack frames</pre></div><a href='#' onClick='toggleBox("stack-trace1727424614", this, "Click to show all stack frames", "Click to hide stack frames")'>Click to show all stack frames</a>
<div class='stack-trace' id='stack-trace1727424614'><pre>org.testng.SkipException: Skipping test.
	at testcases.VerifyMLFilesTest.verifyMLFilesTest(VerifyMLFilesTest.java:32)
	at sun.reflect.GeneratedMethodAccessor39.invoke(Unknown Source)
	at sun.reflect.DelegatingMethodAccessorImpl.invoke(DelegatingMethodAccessorImpl.java:43)
	at java.lang.reflect.Method.invoke(Method.java:498)
	at org.testng.internal.MethodInvocationHelper.invokeMethod(MethodInvocationHelper.java:108)
	at org.testng.internal.Invoker.invokeMethod(Invoker.java:661)
	at org.testng.internal.Invoker.invokeTestMethod(Invoker.java:869)
	at org.testng.internal.Invoker.invokeTestMethods(Invoker.java:1193)
	at org.testng.internal.TestMethodWorker.invokeTestMethods(TestMethodWorker.java:126)
	at org.testng.internal.TestMethodWorker.run(TestMethodWorker.java:109)
	at org.testng.TestRunner.privateRun(TestRunner.java:744)
	at org.testng.TestRunner.run(TestRunner.java:602)
	at org.testng.SuiteRunner.runTest(SuiteRunner.java:380)
	at org.testng.SuiteRunner.runSequentially(SuiteRunner.java:375)
	at org.testng.SuiteRunner.privateRun(SuiteRunner.java:340)
	at org.testng.SuiteRunner.run(SuiteRunner.java:289)
	at org.testng.SuiteRunnerWorker.runSuite(SuiteRunnerWorker.java:52)
	at org.testng.SuiteRunnerWorker.run(SuiteRunnerWorker.java:86)
	at org.testng.TestNG.runSuitesSequentially(TestNG.java:1301)
	at org.testng.TestNG.runSuitesLocally(TestNG.java:1226)
	at org.testng.TestNG.runSuites(TestNG.java:1144)
	at org.testng.TestNG.run(TestNG.java:1115)
	at org.testng.remote.AbstractRemoteTestNG.run(AbstractRemoteTestNG.java:115)
	at org.testng.remote.RemoteTestNG.initAndRun(RemoteTestNG.java:251)
	at org.testng.remote.RemoteTestNG.main(RemoteTestNG.java:77)
</pre></div></td>
<td>0</td>
<td>testcases.VerifyMLFilesTest@196a42c3</td></tr>
<tr>
<td title='testcases.VerifyMLFilesTest.verifyMLFilesTest()'><b>verifyMLFilesTest</b><br>Test class: testcases.VerifyMLFilesTest<br>Parameters: {PROVINCE_OF_ISSUE=, DATE MODIFIED=, APPELLANT=, RUNMODE=N, CASE_ID=3520547, TRIAL_DATE=, STATUS=Closed, PROCEDURE=, CMPA_SHARE_DAMAGES=0.0, DATE_OPENED=05/14/2019, ML_FILE_ID=2017000276, DATE_CREATE=, TOTAL_DAMAGES=0.0, APPEALED=, DATE_CLOSED=05/28/2020, JURY=0.0, DELETED=0.0}</td>
<td><div><pre>org.testng.SkipException: Skipping test.
	at testcases.VerifyMLFilesTest.verifyMLFilesTest(VerifyMLFilesTest.java:32)
... Removed 24 stack frames</pre></div><a href='#' onClick='toggleBox("stack-trace1079190991", this, "Click to show all stack frames", "Click to hide stack frames")'>Click to show all stack frames</a>
<div class='stack-trace' id='stack-trace1079190991'><pre>org.testng.SkipException: Skipping test.
	at testcases.VerifyMLFilesTest.verifyMLFilesTest(VerifyMLFilesTest.java:32)
	at sun.reflect.GeneratedMethodAccessor39.invoke(Unknown Source)
	at sun.reflect.DelegatingMethodAccessorImpl.invoke(DelegatingMethodAccessorImpl.java:43)
	at java.lang.reflect.Method.invoke(Method.java:498)
	at org.testng.internal.MethodInvocationHelper.invokeMethod(MethodInvocationHelper.java:108)
	at org.testng.internal.Invoker.invokeMethod(Invoker.java:661)
	at org.testng.internal.Invoker.invokeTestMethod(Invoker.java:869)
	at org.testng.internal.Invoker.invokeTestMethods(Invoker.java:1193)
	at org.testng.internal.TestMethodWorker.invokeTestMethods(TestMethodWorker.java:126)
	at org.testng.internal.TestMethodWorker.run(TestMethodWorker.java:109)
	at org.testng.TestRunner.privateRun(TestRunner.java:744)
	at org.testng.TestRunner.run(TestRunner.java:602)
	at org.testng.SuiteRunner.runTest(SuiteRunner.java:380)
	at org.testng.SuiteRunner.runSequentially(SuiteRunner.java:375)
	at org.testng.SuiteRunner.privateRun(SuiteRunner.java:340)
	at org.testng.SuiteRunner.run(SuiteRunner.java:289)
	at org.testng.SuiteRunnerWorker.runSuite(SuiteRunnerWorker.java:52)
	at org.testng.SuiteRunnerWorker.run(SuiteRunnerWorker.java:86)
	at org.testng.TestNG.runSuitesSequentially(TestNG.java:1301)
	at org.testng.TestNG.runSuitesLocally(TestNG.java:1226)
	at org.testng.TestNG.runSuites(TestNG.java:1144)
	at org.testng.TestNG.run(TestNG.java:1115)
	at org.testng.remote.AbstractRemoteTestNG.run(AbstractRemoteTestNG.java:115)
	at org.testng.remote.RemoteTestNG.initAndRun(RemoteTestNG.java:251)
	at org.testng.remote.RemoteTestNG.main(RemoteTestNG.java:77)
</pre></div></td>
<td>0</td>
<td>testcases.VerifyMLFilesTest@196a42c3</td></tr>
<tr>
<td title='testcases.VerifyMLFilesTest.verifyMLFilesTest()'><b>verifyMLFilesTest</b><br>Test class: testcases.VerifyMLFilesTest<br>Parameters: {PROVINCE_OF_ISSUE=, DATE MODIFIED=, APPELLANT=, RUNMODE=N, CASE_ID=3518560, TRIAL_DATE=, STATUS=Closed, PROCEDURE=, CMPA_SHARE_DAMAGES=0.0, DATE_OPENED=05/10/2019, ML_FILE_ID=2017000276, DATE_CREATE=, TOTAL_DAMAGES=0.0, APPEALED=, DATE_CLOSED=05/28/2020, JURY=0.0, DELETED=0.0}</td>
<td><div><pre>org.testng.SkipException: Skipping test.
	at testcases.VerifyMLFilesTest.verifyMLFilesTest(VerifyMLFilesTest.java:32)
... Removed 24 stack frames</pre></div><a href='#' onClick='toggleBox("stack-trace3694603", this, "Click to show all stack frames", "Click to hide stack frames")'>Click to show all stack frames</a>
<div class='stack-trace' id='stack-trace3694603'><pre>org.testng.SkipException: Skipping test.
	at testcases.VerifyMLFilesTest.verifyMLFilesTest(VerifyMLFilesTest.java:32)
	at sun.reflect.GeneratedMethodAccessor39.invoke(Unknown Source)
	at sun.reflect.DelegatingMethodAccessorImpl.invoke(DelegatingMethodAccessorImpl.java:43)
	at java.lang.reflect.Method.invoke(Method.java:498)
	at org.testng.internal.MethodInvocationHelper.invokeMethod(MethodInvocationHelper.java:108)
	at org.testng.internal.Invoker.invokeMethod(Invoker.java:661)
	at org.testng.internal.Invoker.invokeTestMethod(Invoker.java:869)
	at org.testng.internal.Invoker.invokeTestMethods(Invoker.java:1193)
	at org.testng.internal.TestMethodWorker.invokeTestMethods(TestMethodWorker.java:126)
	at org.testng.internal.TestMethodWorker.run(TestMethodWorker.java:109)
	at org.testng.TestRunner.privateRun(TestRunner.java:744)
	at org.testng.TestRunner.run(TestRunner.java:602)
	at org.testng.SuiteRunner.runTest(SuiteRunner.java:380)
	at org.testng.SuiteRunner.runSequentially(SuiteRunner.java:375)
	at org.testng.SuiteRunner.privateRun(SuiteRunner.java:340)
	at org.testng.SuiteRunner.run(SuiteRunner.java:289)
	at org.testng.SuiteRunnerWorker.runSuite(SuiteRunnerWorker.java:52)
	at org.testng.SuiteRunnerWorker.run(SuiteRunnerWorker.java:86)
	at org.testng.TestNG.runSuitesSequentially(TestNG.java:1301)
	at org.testng.TestNG.runSuitesLocally(TestNG.java:1226)
	at org.testng.TestNG.runSuites(TestNG.java:1144)
	at org.testng.TestNG.run(TestNG.java:1115)
	at org.testng.remote.AbstractRemoteTestNG.run(AbstractRemoteTestNG.java:115)
	at org.testng.remote.RemoteTestNG.initAndRun(RemoteTestNG.java:251)
	at org.testng.remote.RemoteTestNG.main(RemoteTestNG.java:77)
</pre></div></td>
<td>0</td>
<td>testcases.VerifyMLFilesTest@196a42c3</td></tr>
<tr>
<td title='testcases.VerifyMLFilesTest.verifyMLFilesTest()'><b>verifyMLFilesTest</b><br>Test class: testcases.VerifyMLFilesTest<br>Parameters: {PROVINCE_OF_ISSUE=, DATE MODIFIED=, APPELLANT=, RUNMODE=N, CASE_ID=3234004, TRIAL_DATE=, STATUS=Closed, PROCEDURE=, CMPA_SHARE_DAMAGES=0.0, DATE_OPENED=02/12/2018, ML_FILE_ID=2018003393, DATE_CREATE=, TOTAL_DAMAGES=0.0, APPEALED=, DATE_CLOSED=02/12/2018, JURY=0.0, DELETED=0.0}</td>
<td><div><pre>org.testng.SkipException: Skipping test.
	at testcases.VerifyMLFilesTest.verifyMLFilesTest(VerifyMLFilesTest.java:32)
... Removed 24 stack frames</pre></div><a href='#' onClick='toggleBox("stack-trace1385750189", this, "Click to show all stack frames", "Click to hide stack frames")'>Click to show all stack frames</a>
<div class='stack-trace' id='stack-trace1385750189'><pre>org.testng.SkipException: Skipping test.
	at testcases.VerifyMLFilesTest.verifyMLFilesTest(VerifyMLFilesTest.java:32)
	at sun.reflect.GeneratedMethodAccessor39.invoke(Unknown Source)
	at sun.reflect.DelegatingMethodAccessorImpl.invoke(DelegatingMethodAccessorImpl.java:43)
	at java.lang.reflect.Method.invoke(Method.java:498)
	at org.testng.internal.MethodInvocationHelper.invokeMethod(MethodInvocationHelper.java:108)
	at org.testng.internal.Invoker.invokeMethod(Invoker.java:661)
	at org.testng.internal.Invoker.invokeTestMethod(Invoker.java:869)
	at org.testng.internal.Invoker.invokeTestMethods(Invoker.java:1193)
	at org.testng.internal.TestMethodWorker.invokeTestMethods(TestMethodWorker.java:126)
	at org.testng.internal.TestMethodWorker.run(TestMethodWorker.java:109)
	at org.testng.TestRunner.privateRun(TestRunner.java:744)
	at org.testng.TestRunner.run(TestRunner.java:602)
	at org.testng.SuiteRunner.runTest(SuiteRunner.java:380)
	at org.testng.SuiteRunner.runSequentially(SuiteRunner.java:375)
	at org.testng.SuiteRunner.privateRun(SuiteRunner.java:340)
	at org.testng.SuiteRunner.run(SuiteRunner.java:289)
	at org.testng.SuiteRunnerWorker.runSuite(SuiteRunnerWorker.java:52)
	at org.testng.SuiteRunnerWorker.run(SuiteRunnerWorker.java:86)
	at org.testng.TestNG.runSuitesSequentially(TestNG.java:1301)
	at org.testng.TestNG.runSuitesLocally(TestNG.java:1226)
	at org.testng.TestNG.runSuites(TestNG.java:1144)
	at org.testng.TestNG.run(TestNG.java:1115)
	at org.testng.remote.AbstractRemoteTestNG.run(AbstractRemoteTestNG.java:115)
	at org.testng.remote.RemoteTestNG.initAndRun(RemoteTestNG.java:251)
	at org.testng.remote.RemoteTestNG.main(RemoteTestNG.java:77)
</pre></div></td>
<td>0</td>
<td>testcases.VerifyMLFilesTest@196a42c3</td></tr>
<tr>
<td title='testcases.VerifyMLFilesTest.verifyMLFilesTest()'><b>verifyMLFilesTest</b><br>Test class: testcases.VerifyMLFilesTest<br>Parameters: {PROVINCE_OF_ISSUE=, DATE MODIFIED=, APPELLANT=, RUNMODE=N, CASE_ID=3277685, TRIAL_DATE=, STATUS=Closed, PROCEDURE=, CMPA_SHARE_DAMAGES=0.0, DATE_OPENED=04/20/2018, ML_FILE_ID=2018009406, DATE_CREATE=, TOTAL_DAMAGES=0.0, APPEALED=, DATE_CLOSED=04/20/2018, JURY=0.0, DELETED=0.0}</td>
<td><div><pre>org.testng.SkipException: Skipping test.
	at testcases.VerifyMLFilesTest.verifyMLFilesTest(VerifyMLFilesTest.java:32)
... Removed 24 stack frames</pre></div><a href='#' onClick='toggleBox("stack-trace1995505717", this, "Click to show all stack frames", "Click to hide stack frames")'>Click to show all stack frames</a>
<div class='stack-trace' id='stack-trace1995505717'><pre>org.testng.SkipException: Skipping test.
	at testcases.VerifyMLFilesTest.verifyMLFilesTest(VerifyMLFilesTest.java:32)
	at sun.reflect.GeneratedMethodAccessor39.invoke(Unknown Source)
	at sun.reflect.DelegatingMethodAccessorImpl.invoke(DelegatingMethodAccessorImpl.java:43)
	at java.lang.reflect.Method.invoke(Method.java:498)
	at org.testng.internal.MethodInvocationHelper.invokeMethod(MethodInvocationHelper.java:108)
	at org.testng.internal.Invoker.invokeMethod(Invoker.java:661)
	at org.testng.internal.Invoker.invokeTestMethod(Invoker.java:869)
	at org.testng.internal.Invoker.invokeTestMethods(Invoker.java:1193)
	at org.testng.internal.TestMethodWorker.invokeTestMethods(TestMethodWorker.java:126)
	at org.testng.internal.TestMethodWorker.run(TestMethodWorker.java:109)
	at org.testng.TestRunner.privateRun(TestRunner.java:744)
	at org.testng.TestRunner.run(TestRunner.java:602)
	at org.testng.SuiteRunner.runTest(SuiteRunner.java:380)
	at org.testng.SuiteRunner.runSequentially(SuiteRunner.java:375)
	at org.testng.SuiteRunner.privateRun(SuiteRunner.java:340)
	at org.testng.SuiteRunner.run(SuiteRunner.java:289)
	at org.testng.SuiteRunnerWorker.runSuite(SuiteRunnerWorker.java:52)
	at org.testng.SuiteRunnerWorker.run(SuiteRunnerWorker.java:86)
	at org.testng.TestNG.runSuitesSequentially(TestNG.java:1301)
	at org.testng.TestNG.runSuitesLocally(TestNG.java:1226)
	at org.testng.TestNG.runSuites(TestNG.java:1144)
	at org.testng.TestNG.run(TestNG.java:1115)
	at org.testng.remote.AbstractRemoteTestNG.run(AbstractRemoteTestNG.java:115)
	at org.testng.remote.RemoteTestNG.initAndRun(RemoteTestNG.java:251)
	at org.testng.remote.RemoteTestNG.main(RemoteTestNG.java:77)
</pre></div></td>
<td>0</td>
<td>testcases.VerifyMLFilesTest@196a42c3</td></tr>
<tr>
<td title='testcases.VerifyMLFilesTest.verifyMLFilesTest()'><b>verifyMLFilesTest</b><br>Test class: testcases.VerifyMLFilesTest<br>Parameters: {PROVINCE_OF_ISSUE=, DATE MODIFIED=, APPELLANT=, RUNMODE=N, CASE_ID=3300433, TRIAL_DATE=, STATUS=Open, PROCEDURE=, CMPA_SHARE_DAMAGES=0.0, DATE_OPENED=05/24/2018, ML_FILE_ID=2018012407, DATE_CREATE=, TOTAL_DAMAGES=0.0, APPEALED=, DATE_CLOSED=, JURY=0.0, DELETED=0.0}</td>
<td><div><pre>org.testng.SkipException: Skipping test.
	at testcases.VerifyMLFilesTest.verifyMLFilesTest(VerifyMLFilesTest.java:32)
... Removed 24 stack frames</pre></div><a href='#' onClick='toggleBox("stack-trace1103505488", this, "Click to show all stack frames", "Click to hide stack frames")'>Click to show all stack frames</a>
<div class='stack-trace' id='stack-trace1103505488'><pre>org.testng.SkipException: Skipping test.
	at testcases.VerifyMLFilesTest.verifyMLFilesTest(VerifyMLFilesTest.java:32)
	at sun.reflect.GeneratedMethodAccessor39.invoke(Unknown Source)
	at sun.reflect.DelegatingMethodAccessorImpl.invoke(DelegatingMethodAccessorImpl.java:43)
	at java.lang.reflect.Method.invoke(Method.java:498)
	at org.testng.internal.MethodInvocationHelper.invokeMethod(MethodInvocationHelper.java:108)
	at org.testng.internal.Invoker.invokeMethod(Invoker.java:661)
	at org.testng.internal.Invoker.invokeTestMethod(Invoker.java:869)
	at org.testng.internal.Invoker.invokeTestMethods(Invoker.java:1193)
	at org.testng.internal.TestMethodWorker.invokeTestMethods(TestMethodWorker.java:126)
	at org.testng.internal.TestMethodWorker.run(TestMethodWorker.java:109)
	at org.testng.TestRunner.privateRun(TestRunner.java:744)
	at org.testng.TestRunner.run(TestRunner.java:602)
	at org.testng.SuiteRunner.runTest(SuiteRunner.java:380)
	at org.testng.SuiteRunner.runSequentially(SuiteRunner.java:375)
	at org.testng.SuiteRunner.privateRun(SuiteRunner.java:340)
	at org.testng.SuiteRunner.run(SuiteRunner.java:289)
	at org.testng.SuiteRunnerWorker.runSuite(SuiteRunnerWorker.java:52)
	at org.testng.SuiteRunnerWorker.run(SuiteRunnerWorker.java:86)
	at org.testng.TestNG.runSuitesSequentially(TestNG.java:1301)
	at org.testng.TestNG.runSuitesLocally(TestNG.java:1226)
	at org.testng.TestNG.runSuites(TestNG.java:1144)
	at org.testng.TestNG.run(TestNG.java:1115)
	at org.testng.remote.AbstractRemoteTestNG.run(AbstractRemoteTestNG.java:115)
	at org.testng.remote.RemoteTestNG.initAndRun(RemoteTestNG.java:251)
	at org.testng.remote.RemoteTestNG.main(RemoteTestNG.java:77)
</pre></div></td>
<td>0</td>
<td>testcases.VerifyMLFilesTest@196a42c3</td></tr>
<tr>
<td title='testcases.VerifyMLFilesTest.verifyMLFilesTest()'><b>verifyMLFilesTest</b><br>Test class: testcases.VerifyMLFilesTest<br>Parameters: {PROVINCE_OF_ISSUE=, DATE MODIFIED=, APPELLANT=, RUNMODE=N, CASE_ID=3327893, TRIAL_DATE=, STATUS=Closed, PROCEDURE=, CMPA_SHARE_DAMAGES=0.0, DATE_OPENED=07/05/2018, ML_FILE_ID=2018016001, DATE_CREATE=, TOTAL_DAMAGES=0.0, APPEALED=, DATE_CLOSED=10/25/2019, JURY=0.0, DELETED=0.0}</td>
<td><div><pre>org.testng.SkipException: Skipping test.
	at testcases.VerifyMLFilesTest.verifyMLFilesTest(VerifyMLFilesTest.java:32)
... Removed 24 stack frames</pre></div><a href='#' onClick='toggleBox("stack-trace1688310330", this, "Click to show all stack frames", "Click to hide stack frames")'>Click to show all stack frames</a>
<div class='stack-trace' id='stack-trace1688310330'><pre>org.testng.SkipException: Skipping test.
	at testcases.VerifyMLFilesTest.verifyMLFilesTest(VerifyMLFilesTest.java:32)
	at sun.reflect.GeneratedMethodAccessor39.invoke(Unknown Source)
	at sun.reflect.DelegatingMethodAccessorImpl.invoke(DelegatingMethodAccessorImpl.java:43)
	at java.lang.reflect.Method.invoke(Method.java:498)
	at org.testng.internal.MethodInvocationHelper.invokeMethod(MethodInvocationHelper.java:108)
	at org.testng.internal.Invoker.invokeMethod(Invoker.java:661)
	at org.testng.internal.Invoker.invokeTestMethod(Invoker.java:869)
	at org.testng.internal.Invoker.invokeTestMethods(Invoker.java:1193)
	at org.testng.internal.TestMethodWorker.invokeTestMethods(TestMethodWorker.java:126)
	at org.testng.internal.TestMethodWorker.run(TestMethodWorker.java:109)
	at org.testng.TestRunner.privateRun(TestRunner.java:744)
	at org.testng.TestRunner.run(TestRunner.java:602)
	at org.testng.SuiteRunner.runTest(SuiteRunner.java:380)
	at org.testng.SuiteRunner.runSequentially(SuiteRunner.java:375)
	at org.testng.SuiteRunner.privateRun(SuiteRunner.java:340)
	at org.testng.SuiteRunner.run(SuiteRunner.java:289)
	at org.testng.SuiteRunnerWorker.runSuite(SuiteRunnerWorker.java:52)
	at org.testng.SuiteRunnerWorker.run(SuiteRunnerWorker.java:86)
	at org.testng.TestNG.runSuitesSequentially(TestNG.java:1301)
	at org.testng.TestNG.runSuitesLocally(TestNG.java:1226)
	at org.testng.TestNG.runSuites(TestNG.java:1144)
	at org.testng.TestNG.run(TestNG.java:1115)
	at org.testng.remote.AbstractRemoteTestNG.run(AbstractRemoteTestNG.java:115)
	at org.testng.remote.RemoteTestNG.initAndRun(RemoteTestNG.java:251)
	at org.testng.remote.RemoteTestNG.main(RemoteTestNG.java:77)
</pre></div></td>
<td>0</td>
<td>testcases.VerifyMLFilesTest@196a42c3</td></tr>
<tr>
<td title='testcases.VerifyMLFilesTest.verifyMLFilesTest()'><b>verifyMLFilesTest</b><br>Test class: testcases.VerifyMLFilesTest<br>Parameters: {PROVINCE_OF_ISSUE=, DATE MODIFIED=, APPELLANT=, RUNMODE=N, CASE_ID=3415610, TRIAL_DATE=, STATUS=Closed, PROCEDURE=, CMPA_SHARE_DAMAGES=0.0, DATE_OPENED=12/05/2018, ML_FILE_ID=2018028506, DATE_CREATE=, TOTAL_DAMAGES=0.0, APPEALED=, DATE_CLOSED=12/05/2018, JURY=0.0, DELETED=0.0}</td>
<td><div><pre>org.testng.SkipException: Skipping test.
	at testcases.VerifyMLFilesTest.verifyMLFilesTest(VerifyMLFilesTest.java:32)
... Removed 24 stack frames</pre></div><a href='#' onClick='toggleBox("stack-trace1789282489", this, "Click to show all stack frames", "Click to hide stack frames")'>Click to show all stack frames</a>
<div class='stack-trace' id='stack-trace1789282489'><pre>org.testng.SkipException: Skipping test.
	at testcases.VerifyMLFilesTest.verifyMLFilesTest(VerifyMLFilesTest.java:32)
	at sun.reflect.GeneratedMethodAccessor39.invoke(Unknown Source)
	at sun.reflect.DelegatingMethodAccessorImpl.invoke(DelegatingMethodAccessorImpl.java:43)
	at java.lang.reflect.Method.invoke(Method.java:498)
	at org.testng.internal.MethodInvocationHelper.invokeMethod(MethodInvocationHelper.java:108)
	at org.testng.internal.Invoker.invokeMethod(Invoker.java:661)
	at org.testng.internal.Invoker.invokeTestMethod(Invoker.java:869)
	at org.testng.internal.Invoker.invokeTestMethods(Invoker.java:1193)
	at org.testng.internal.TestMethodWorker.invokeTestMethods(TestMethodWorker.java:126)
	at org.testng.internal.TestMethodWorker.run(TestMethodWorker.java:109)
	at org.testng.TestRunner.privateRun(TestRunner.java:744)
	at org.testng.TestRunner.run(TestRunner.java:602)
	at org.testng.SuiteRunner.runTest(SuiteRunner.java:380)
	at org.testng.SuiteRunner.runSequentially(SuiteRunner.java:375)
	at org.testng.SuiteRunner.privateRun(SuiteRunner.java:340)
	at org.testng.SuiteRunner.run(SuiteRunner.java:289)
	at org.testng.SuiteRunnerWorker.runSuite(SuiteRunnerWorker.java:52)
	at org.testng.SuiteRunnerWorker.run(SuiteRunnerWorker.java:86)
	at org.testng.TestNG.runSuitesSequentially(TestNG.java:1301)
	at org.testng.TestNG.runSuitesLocally(TestNG.java:1226)
	at org.testng.TestNG.runSuites(TestNG.java:1144)
	at org.testng.TestNG.run(TestNG.java:1115)
	at org.testng.remote.AbstractRemoteTestNG.run(AbstractRemoteTestNG.java:115)
	at org.testng.remote.RemoteTestNG.initAndRun(RemoteTestNG.java:251)
	at org.testng.remote.RemoteTestNG.main(RemoteTestNG.java:77)
</pre></div></td>
<td>0</td>
<td>testcases.VerifyMLFilesTest@196a42c3</td></tr>
<tr>
<td title='testcases.VerifyMLFilesTest.verifyMLFilesTest()'><b>verifyMLFilesTest</b><br>Test class: testcases.VerifyMLFilesTest<br>Parameters: {PROVINCE_OF_ISSUE=, DATE MODIFIED=, APPELLANT=, RUNMODE=N, CASE_ID=3428917, TRIAL_DATE=, STATUS=Closed, PROCEDURE=, CMPA_SHARE_DAMAGES=0.0, DATE_OPENED=12/20/2018, ML_FILE_ID=2018030076, DATE_CREATE=, TOTAL_DAMAGES=0.0, APPEALED=, DATE_CLOSED=04/02/2020, JURY=0.0, DELETED=0.0}</td>
<td><div><pre>org.testng.SkipException: Skipping test.
	at testcases.VerifyMLFilesTest.verifyMLFilesTest(VerifyMLFilesTest.java:32)
... Removed 24 stack frames</pre></div><a href='#' onClick='toggleBox("stack-trace1097069005", this, "Click to show all stack frames", "Click to hide stack frames")'>Click to show all stack frames</a>
<div class='stack-trace' id='stack-trace1097069005'><pre>org.testng.SkipException: Skipping test.
	at testcases.VerifyMLFilesTest.verifyMLFilesTest(VerifyMLFilesTest.java:32)
	at sun.reflect.GeneratedMethodAccessor39.invoke(Unknown Source)
	at sun.reflect.DelegatingMethodAccessorImpl.invoke(DelegatingMethodAccessorImpl.java:43)
	at java.lang.reflect.Method.invoke(Method.java:498)
	at org.testng.internal.MethodInvocationHelper.invokeMethod(MethodInvocationHelper.java:108)
	at org.testng.internal.Invoker.invokeMethod(Invoker.java:661)
	at org.testng.internal.Invoker.invokeTestMethod(Invoker.java:869)
	at org.testng.internal.Invoker.invokeTestMethods(Invoker.java:1193)
	at org.testng.internal.TestMethodWorker.invokeTestMethods(TestMethodWorker.java:126)
	at org.testng.internal.TestMethodWorker.run(TestMethodWorker.java:109)
	at org.testng.TestRunner.privateRun(TestRunner.java:744)
	at org.testng.TestRunner.run(TestRunner.java:602)
	at org.testng.SuiteRunner.runTest(SuiteRunner.java:380)
	at org.testng.SuiteRunner.runSequentially(SuiteRunner.java:375)
	at org.testng.SuiteRunner.privateRun(SuiteRunner.java:340)
	at org.testng.SuiteRunner.run(SuiteRunner.java:289)
	at org.testng.SuiteRunnerWorker.runSuite(SuiteRunnerWorker.java:52)
	at org.testng.SuiteRunnerWorker.run(SuiteRunnerWorker.java:86)
	at org.testng.TestNG.runSuitesSequentially(TestNG.java:1301)
	at org.testng.TestNG.runSuitesLocally(TestNG.java:1226)
	at org.testng.TestNG.runSuites(TestNG.java:1144)
	at org.testng.TestNG.run(TestNG.java:1115)
	at org.testng.remote.AbstractRemoteTestNG.run(AbstractRemoteTestNG.java:115)
	at org.testng.remote.RemoteTestNG.initAndRun(RemoteTestNG.java:251)
	at org.testng.remote.RemoteTestNG.main(RemoteTestNG.java:77)
</pre></div></td>
<td>0</td>
<td>testcases.VerifyMLFilesTest@196a42c3</td></tr>
<tr>
<td title='testcases.VerifyMLFilesTest.verifyMLFilesTest()'><b>verifyMLFilesTest</b><br>Test class: testcases.VerifyMLFilesTest<br>Parameters: {PROVINCE_OF_ISSUE=, DATE MODIFIED=, APPELLANT=, RUNMODE=N, CASE_ID=3668368, TRIAL_DATE=, STATUS=Open, PROCEDURE=, CMPA_SHARE_DAMAGES=0.0, DATE_OPENED=01/20/2020, ML_FILE_ID=2018030076, DATE_CREATE=, TOTAL_DAMAGES=0.0, APPEALED=, DATE_CLOSED=, JURY=0.0, DELETED=0.0}</td>
<td><div><pre>org.testng.SkipException: Skipping test.
	at testcases.VerifyMLFilesTest.verifyMLFilesTest(VerifyMLFilesTest.java:32)
... Removed 24 stack frames</pre></div><a href='#' onClick='toggleBox("stack-trace1599556802", this, "Click to show all stack frames", "Click to hide stack frames")'>Click to show all stack frames</a>
<div class='stack-trace' id='stack-trace1599556802'><pre>org.testng.SkipException: Skipping test.
	at testcases.VerifyMLFilesTest.verifyMLFilesTest(VerifyMLFilesTest.java:32)
	at sun.reflect.GeneratedMethodAccessor39.invoke(Unknown Source)
	at sun.reflect.DelegatingMethodAccessorImpl.invoke(DelegatingMethodAccessorImpl.java:43)
	at java.lang.reflect.Method.invoke(Method.java:498)
	at org.testng.internal.MethodInvocationHelper.invokeMethod(MethodInvocationHelper.java:108)
	at org.testng.internal.Invoker.invokeMethod(Invoker.java:661)
	at org.testng.internal.Invoker.invokeTestMethod(Invoker.java:869)
	at org.testng.internal.Invoker.invokeTestMethods(Invoker.java:1193)
	at org.testng.internal.TestMethodWorker.invokeTestMethods(TestMethodWorker.java:126)
	at org.testng.internal.TestMethodWorker.run(TestMethodWorker.java:109)
	at org.testng.TestRunner.privateRun(TestRunner.java:744)
	at org.testng.TestRunner.run(TestRunner.java:602)
	at org.testng.SuiteRunner.runTest(SuiteRunner.java:380)
	at org.testng.SuiteRunner.runSequentially(SuiteRunner.java:375)
	at org.testng.SuiteRunner.privateRun(SuiteRunner.java:340)
	at org.testng.SuiteRunner.run(SuiteRunner.java:289)
	at org.testng.SuiteRunnerWorker.runSuite(SuiteRunnerWorker.java:52)
	at org.testng.SuiteRunnerWorker.run(SuiteRunnerWorker.java:86)
	at org.testng.TestNG.runSuitesSequentially(TestNG.java:1301)
	at org.testng.TestNG.runSuitesLocally(TestNG.java:1226)
	at org.testng.TestNG.runSuites(TestNG.java:1144)
	at org.testng.TestNG.run(TestNG.java:1115)
	at org.testng.remote.AbstractRemoteTestNG.run(AbstractRemoteTestNG.java:115)
	at org.testng.remote.RemoteTestNG.initAndRun(RemoteTestNG.java:251)
	at org.testng.remote.RemoteTestNG.main(RemoteTestNG.java:77)
</pre></div></td>
<td>0</td>
<td>testcases.VerifyMLFilesTest@196a42c3</td></tr>
<tr>
<td title='testcases.VerifyMLFilesTest.verifyMLFilesTest()'><b>verifyMLFilesTest</b><br>Test class: testcases.VerifyMLFilesTest<br>Parameters: {PROVINCE_OF_ISSUE=, DATE MODIFIED=, APPELLANT=, RUNMODE=N, CASE_ID=3667606, TRIAL_DATE=, STATUS=Open, PROCEDURE=, CMPA_SHARE_DAMAGES=0.0, DATE_OPENED=01/28/2019, ML_FILE_ID=2018030076, DATE_CREATE=, TOTAL_DAMAGES=0.0, APPEALED=, DATE_CLOSED=, JURY=0.0, DELETED=0.0}</td>
<td><div><pre>org.testng.SkipException: Skipping test.
	at testcases.VerifyMLFilesTest.verifyMLFilesTest(VerifyMLFilesTest.java:32)
... Removed 24 stack frames</pre></div><a href='#' onClick='toggleBox("stack-trace2114270481", this, "Click to show all stack frames", "Click to hide stack frames")'>Click to show all stack frames</a>
<div class='stack-trace' id='stack-trace2114270481'><pre>org.testng.SkipException: Skipping test.
	at testcases.VerifyMLFilesTest.verifyMLFilesTest(VerifyMLFilesTest.java:32)
	at sun.reflect.GeneratedMethodAccessor39.invoke(Unknown Source)
	at sun.reflect.DelegatingMethodAccessorImpl.invoke(DelegatingMethodAccessorImpl.java:43)
	at java.lang.reflect.Method.invoke(Method.java:498)
	at org.testng.internal.MethodInvocationHelper.invokeMethod(MethodInvocationHelper.java:108)
	at org.testng.internal.Invoker.invokeMethod(Invoker.java:661)
	at org.testng.internal.Invoker.invokeTestMethod(Invoker.java:869)
	at org.testng.internal.Invoker.invokeTestMethods(Invoker.java:1193)
	at org.testng.internal.TestMethodWorker.invokeTestMethods(TestMethodWorker.java:126)
	at org.testng.internal.TestMethodWorker.run(TestMethodWorker.java:109)
	at org.testng.TestRunner.privateRun(TestRunner.java:744)
	at org.testng.TestRunner.run(TestRunner.java:602)
	at org.testng.SuiteRunner.runTest(SuiteRunner.java:380)
	at org.testng.SuiteRunner.runSequentially(SuiteRunner.java:375)
	at org.testng.SuiteRunner.privateRun(SuiteRunner.java:340)
	at org.testng.SuiteRunner.run(SuiteRunner.java:289)
	at org.testng.SuiteRunnerWorker.runSuite(SuiteRunnerWorker.java:52)
	at org.testng.SuiteRunnerWorker.run(SuiteRunnerWorker.java:86)
	at org.testng.TestNG.runSuitesSequentially(TestNG.java:1301)
	at org.testng.TestNG.runSuitesLocally(TestNG.java:1226)
	at org.testng.TestNG.runSuites(TestNG.java:1144)
	at org.testng.TestNG.run(TestNG.java:1115)
	at org.testng.remote.AbstractRemoteTestNG.run(AbstractRemoteTestNG.java:115)
	at org.testng.remote.RemoteTestNG.initAndRun(RemoteTestNG.java:251)
	at org.testng.remote.RemoteTestNG.main(RemoteTestNG.java:77)
</pre></div></td>
<td>0</td>
<td>testcases.VerifyMLFilesTest@196a42c3</td></tr>
<tr>
<td title='testcases.VerifyMLFilesTest.verifyMLFilesTest()'><b>verifyMLFilesTest</b><br>Test class: testcases.VerifyMLFilesTest<br>Parameters: {PROVINCE_OF_ISSUE=, DATE MODIFIED=, APPELLANT=, RUNMODE=N, CASE_ID=3667588, TRIAL_DATE=, STATUS=Open, PROCEDURE=, CMPA_SHARE_DAMAGES=0.0, DATE_OPENED=01/28/2019, ML_FILE_ID=2018030076, DATE_CREATE=, TOTAL_DAMAGES=0.0, APPEALED=, DATE_CLOSED=, JURY=0.0, DELETED=0.0}</td>
<td><div><pre>org.testng.SkipException: Skipping test.
	at testcases.VerifyMLFilesTest.verifyMLFilesTest(VerifyMLFilesTest.java:32)
... Removed 24 stack frames</pre></div><a href='#' onClick='toggleBox("stack-trace10915321", this, "Click to show all stack frames", "Click to hide stack frames")'>Click to show all stack frames</a>
<div class='stack-trace' id='stack-trace10915321'><pre>org.testng.SkipException: Skipping test.
	at testcases.VerifyMLFilesTest.verifyMLFilesTest(VerifyMLFilesTest.java:32)
	at sun.reflect.GeneratedMethodAccessor39.invoke(Unknown Source)
	at sun.reflect.DelegatingMethodAccessorImpl.invoke(DelegatingMethodAccessorImpl.java:43)
	at java.lang.reflect.Method.invoke(Method.java:498)
	at org.testng.internal.MethodInvocationHelper.invokeMethod(MethodInvocationHelper.java:108)
	at org.testng.internal.Invoker.invokeMethod(Invoker.java:661)
	at org.testng.internal.Invoker.invokeTestMethod(Invoker.java:869)
	at org.testng.internal.Invoker.invokeTestMethods(Invoker.java:1193)
	at org.testng.internal.TestMethodWorker.invokeTestMethods(TestMethodWorker.java:126)
	at org.testng.internal.TestMethodWorker.run(TestMethodWorker.java:109)
	at org.testng.TestRunner.privateRun(TestRunner.java:744)
	at org.testng.TestRunner.run(TestRunner.java:602)
	at org.testng.SuiteRunner.runTest(SuiteRunner.java:380)
	at org.testng.SuiteRunner.runSequentially(SuiteRunner.java:375)
	at org.testng.SuiteRunner.privateRun(SuiteRunner.java:340)
	at org.testng.SuiteRunner.run(SuiteRunner.java:289)
	at org.testng.SuiteRunnerWorker.runSuite(SuiteRunnerWorker.java:52)
	at org.testng.SuiteRunnerWorker.run(SuiteRunnerWorker.java:86)
	at org.testng.TestNG.runSuitesSequentially(TestNG.java:1301)
	at org.testng.TestNG.runSuitesLocally(TestNG.java:1226)
	at org.testng.TestNG.runSuites(TestNG.java:1144)
	at org.testng.TestNG.run(TestNG.java:1115)
	at org.testng.remote.AbstractRemoteTestNG.run(AbstractRemoteTestNG.java:115)
	at org.testng.remote.RemoteTestNG.initAndRun(RemoteTestNG.java:251)
	at org.testng.remote.RemoteTestNG.main(RemoteTestNG.java:77)
</pre></div></td>
<td>0</td>
<td>testcases.VerifyMLFilesTest@196a42c3</td></tr>
<tr>
<td title='testcases.VerifyMLFilesTest.verifyMLFilesTest()'><b>verifyMLFilesTest</b><br>Test class: testcases.VerifyMLFilesTest<br>Parameters: {PROVINCE_OF_ISSUE=, DATE MODIFIED=, APPELLANT=, RUNMODE=N, CASE_ID=3451833, TRIAL_DATE=, STATUS=Open, PROCEDURE=, CMPA_SHARE_DAMAGES=0.0, DATE_OPENED=02/01/2019, ML_FILE_ID=2019002703, DATE_CREATE=, TOTAL_DAMAGES=0.0, APPEALED=, DATE_CLOSED=, JURY=0.0, DELETED=0.0}</td>
<td><div><pre>org.testng.SkipException: Skipping test.
	at testcases.VerifyMLFilesTest.verifyMLFilesTest(VerifyMLFilesTest.java:32)
... Removed 24 stack frames</pre></div><a href='#' onClick='toggleBox("stack-trace404036116", this, "Click to show all stack frames", "Click to hide stack frames")'>Click to show all stack frames</a>
<div class='stack-trace' id='stack-trace404036116'><pre>org.testng.SkipException: Skipping test.
	at testcases.VerifyMLFilesTest.verifyMLFilesTest(VerifyMLFilesTest.java:32)
	at sun.reflect.GeneratedMethodAccessor39.invoke(Unknown Source)
	at sun.reflect.DelegatingMethodAccessorImpl.invoke(DelegatingMethodAccessorImpl.java:43)
	at java.lang.reflect.Method.invoke(Method.java:498)
	at org.testng.internal.MethodInvocationHelper.invokeMethod(MethodInvocationHelper.java:108)
	at org.testng.internal.Invoker.invokeMethod(Invoker.java:661)
	at org.testng.internal.Invoker.invokeTestMethod(Invoker.java:869)
	at org.testng.internal.Invoker.invokeTestMethods(Invoker.java:1193)
	at org.testng.internal.TestMethodWorker.invokeTestMethods(TestMethodWorker.java:126)
	at org.testng.internal.TestMethodWorker.run(TestMethodWorker.java:109)
	at org.testng.TestRunner.privateRun(TestRunner.java:744)
	at org.testng.TestRunner.run(TestRunner.java:602)
	at org.testng.SuiteRunner.runTest(SuiteRunner.java:380)
	at org.testng.SuiteRunner.runSequentially(SuiteRunner.java:375)
	at org.testng.SuiteRunner.privateRun(SuiteRunner.java:340)
	at org.testng.SuiteRunner.run(SuiteRunner.java:289)
	at org.testng.SuiteRunnerWorker.runSuite(SuiteRunnerWorker.java:52)
	at org.testng.SuiteRunnerWorker.run(SuiteRunnerWorker.java:86)
	at org.testng.TestNG.runSuitesSequentially(TestNG.java:1301)
	at org.testng.TestNG.runSuitesLocally(TestNG.java:1226)
	at org.testng.TestNG.runSuites(TestNG.java:1144)
	at org.testng.TestNG.run(TestNG.java:1115)
	at org.testng.remote.AbstractRemoteTestNG.run(AbstractRemoteTestNG.java:115)
	at org.testng.remote.RemoteTestNG.initAndRun(RemoteTestNG.java:251)
	at org.testng.remote.RemoteTestNG.main(RemoteTestNG.java:77)
</pre></div></td>
<td>0</td>
<td>testcases.VerifyMLFilesTest@196a42c3</td></tr>
<tr>
<td title='testcases.VerifyMLFilesTest.verifyMLFilesTest()'><b>verifyMLFilesTest</b><br>Test class: testcases.VerifyMLFilesTest<br>Parameters: {PROVINCE_OF_ISSUE=, DATE MODIFIED=, APPELLANT=, RUNMODE=N, CASE_ID=3465599, TRIAL_DATE=, STATUS=Closed, PROCEDURE=, CMPA_SHARE_DAMAGES=0.0, DATE_OPENED=02/20/2019, ML_FILE_ID=2019004846, DATE_CREATE=, TOTAL_DAMAGES=0.0, APPEALED=, DATE_CLOSED=02/20/2019, JURY=0.0, DELETED=0.0}</td>
<td><div><pre>org.testng.SkipException: Skipping test.
	at testcases.VerifyMLFilesTest.verifyMLFilesTest(VerifyMLFilesTest.java:32)
... Removed 24 stack frames</pre></div><a href='#' onClick='toggleBox("stack-trace1613332278", this, "Click to show all stack frames", "Click to hide stack frames")'>Click to show all stack frames</a>
<div class='stack-trace' id='stack-trace1613332278'><pre>org.testng.SkipException: Skipping test.
	at testcases.VerifyMLFilesTest.verifyMLFilesTest(VerifyMLFilesTest.java:32)
	at sun.reflect.GeneratedMethodAccessor39.invoke(Unknown Source)
	at sun.reflect.DelegatingMethodAccessorImpl.invoke(DelegatingMethodAccessorImpl.java:43)
	at java.lang.reflect.Method.invoke(Method.java:498)
	at org.testng.internal.MethodInvocationHelper.invokeMethod(MethodInvocationHelper.java:108)
	at org.testng.internal.Invoker.invokeMethod(Invoker.java:661)
	at org.testng.internal.Invoker.invokeTestMethod(Invoker.java:869)
	at org.testng.internal.Invoker.invokeTestMethods(Invoker.java:1193)
	at org.testng.internal.TestMethodWorker.invokeTestMethods(TestMethodWorker.java:126)
	at org.testng.internal.TestMethodWorker.run(TestMethodWorker.java:109)
	at org.testng.TestRunner.privateRun(TestRunner.java:744)
	at org.testng.TestRunner.run(TestRunner.java:602)
	at org.testng.SuiteRunner.runTest(SuiteRunner.java:380)
	at org.testng.SuiteRunner.runSequentially(SuiteRunner.java:375)
	at org.testng.SuiteRunner.privateRun(SuiteRunner.java:340)
	at org.testng.SuiteRunner.run(SuiteRunner.java:289)
	at org.testng.SuiteRunnerWorker.runSuite(SuiteRunnerWorker.java:52)
	at org.testng.SuiteRunnerWorker.run(SuiteRunnerWorker.java:86)
	at org.testng.TestNG.runSuitesSequentially(TestNG.java:1301)
	at org.testng.TestNG.runSuitesLocally(TestNG.java:1226)
	at org.testng.TestNG.runSuites(TestNG.java:1144)
	at org.testng.TestNG.run(TestNG.java:1115)
	at org.testng.remote.AbstractRemoteTestNG.run(AbstractRemoteTestNG.java:115)
	at org.testng.remote.RemoteTestNG.initAndRun(RemoteTestNG.java:251)
	at org.testng.remote.RemoteTestNG.main(RemoteTestNG.java:77)
</pre></div></td>
<td>0</td>
<td>testcases.VerifyMLFilesTest@196a42c3</td></tr>
<tr>
<td title='testcases.VerifyMLFilesTest.verifyMLFilesTest()'><b>verifyMLFilesTest</b><br>Test class: testcases.VerifyMLFilesTest<br>Parameters: {PROVINCE_OF_ISSUE=, DATE MODIFIED=, APPELLANT=, RUNMODE=N, CASE_ID=3471819, TRIAL_DATE=, STATUS=Closed, PROCEDURE=, CMPA_SHARE_DAMAGES=0.0, DATE_OPENED=02/28/2019, ML_FILE_ID=2019005554, DATE_CREATE=, TOTAL_DAMAGES=0.0, APPEALED=, DATE_CLOSED=03/04/2020, JURY=0.0, DELETED=0.0}</td>
<td><div><pre>org.testng.SkipException: Skipping test.
	at testcases.VerifyMLFilesTest.verifyMLFilesTest(VerifyMLFilesTest.java:32)
... Removed 24 stack frames</pre></div><a href='#' onClick='toggleBox("stack-trace939475028", this, "Click to show all stack frames", "Click to hide stack frames")'>Click to show all stack frames</a>
<div class='stack-trace' id='stack-trace939475028'><pre>org.testng.SkipException: Skipping test.
	at testcases.VerifyMLFilesTest.verifyMLFilesTest(VerifyMLFilesTest.java:32)
	at sun.reflect.GeneratedMethodAccessor39.invoke(Unknown Source)
	at sun.reflect.DelegatingMethodAccessorImpl.invoke(DelegatingMethodAccessorImpl.java:43)
	at java.lang.reflect.Method.invoke(Method.java:498)
	at org.testng.internal.MethodInvocationHelper.invokeMethod(MethodInvocationHelper.java:108)
	at org.testng.internal.Invoker.invokeMethod(Invoker.java:661)
	at org.testng.internal.Invoker.invokeTestMethod(Invoker.java:869)
	at org.testng.internal.Invoker.invokeTestMethods(Invoker.java:1193)
	at org.testng.internal.TestMethodWorker.invokeTestMethods(TestMethodWorker.java:126)
	at org.testng.internal.TestMethodWorker.run(TestMethodWorker.java:109)
	at org.testng.TestRunner.privateRun(TestRunner.java:744)
	at org.testng.TestRunner.run(TestRunner.java:602)
	at org.testng.SuiteRunner.runTest(SuiteRunner.java:380)
	at org.testng.SuiteRunner.runSequentially(SuiteRunner.java:375)
	at org.testng.SuiteRunner.privateRun(SuiteRunner.java:340)
	at org.testng.SuiteRunner.run(SuiteRunner.java:289)
	at org.testng.SuiteRunnerWorker.runSuite(SuiteRunnerWorker.java:52)
	at org.testng.SuiteRunnerWorker.run(SuiteRunnerWorker.java:86)
	at org.testng.TestNG.runSuitesSequentially(TestNG.java:1301)
	at org.testng.TestNG.runSuitesLocally(TestNG.java:1226)
	at org.testng.TestNG.runSuites(TestNG.java:1144)
	at org.testng.TestNG.run(TestNG.java:1115)
	at org.testng.remote.AbstractRemoteTestNG.run(AbstractRemoteTestNG.java:115)
	at org.testng.remote.RemoteTestNG.initAndRun(RemoteTestNG.java:251)
	at org.testng.remote.RemoteTestNG.main(RemoteTestNG.java:77)
</pre></div></td>
<td>0</td>
<td>testcases.VerifyMLFilesTest@196a42c3</td></tr>
<tr>
<td title='testcases.VerifyMLFilesTest.verifyMLFilesTest()'><b>verifyMLFilesTest</b><br>Test class: testcases.VerifyMLFilesTest<br>Parameters: {PROVINCE_OF_ISSUE=, DATE MODIFIED=, APPELLANT=, RUNMODE=N, CASE_ID=3473558, TRIAL_DATE=, STATUS=Closed, PROCEDURE=, CMPA_SHARE_DAMAGES=0.0, DATE_OPENED=03/04/2019, ML_FILE_ID=2019005842, DATE_CREATE=, TOTAL_DAMAGES=0.0, APPEALED=, DATE_CLOSED=02/10/2020, JURY=0.0, DELETED=0.0}</td>
<td><div><pre>org.testng.SkipException: Skipping test.
	at testcases.VerifyMLFilesTest.verifyMLFilesTest(VerifyMLFilesTest.java:32)
... Removed 24 stack frames</pre></div><a href='#' onClick='toggleBox("stack-trace1959758632", this, "Click to show all stack frames", "Click to hide stack frames")'>Click to show all stack frames</a>
<div class='stack-trace' id='stack-trace1959758632'><pre>org.testng.SkipException: Skipping test.
	at testcases.VerifyMLFilesTest.verifyMLFilesTest(VerifyMLFilesTest.java:32)
	at sun.reflect.GeneratedMethodAccessor39.invoke(Unknown Source)
	at sun.reflect.DelegatingMethodAccessorImpl.invoke(DelegatingMethodAccessorImpl.java:43)
	at java.lang.reflect.Method.invoke(Method.java:498)
	at org.testng.internal.MethodInvocationHelper.invokeMethod(MethodInvocationHelper.java:108)
	at org.testng.internal.Invoker.invokeMethod(Invoker.java:661)
	at org.testng.internal.Invoker.invokeTestMethod(Invoker.java:869)
	at org.testng.internal.Invoker.invokeTestMethods(Invoker.java:1193)
	at org.testng.internal.TestMethodWorker.invokeTestMethods(TestMethodWorker.java:126)
	at org.testng.internal.TestMethodWorker.run(TestMethodWorker.java:109)
	at org.testng.TestRunner.privateRun(TestRunner.java:744)
	at org.testng.TestRunner.run(TestRunner.java:602)
	at org.testng.SuiteRunner.runTest(SuiteRunner.java:380)
	at org.testng.SuiteRunner.runSequentially(SuiteRunner.java:375)
	at org.testng.SuiteRunner.privateRun(SuiteRunner.java:340)
	at org.testng.SuiteRunner.run(SuiteRunner.java:289)
	at org.testng.SuiteRunnerWorker.runSuite(SuiteRunnerWorker.java:52)
	at org.testng.SuiteRunnerWorker.run(SuiteRunnerWorker.java:86)
	at org.testng.TestNG.runSuitesSequentially(TestNG.java:1301)
	at org.testng.TestNG.runSuitesLocally(TestNG.java:1226)
	at org.testng.TestNG.runSuites(TestNG.java:1144)
	at org.testng.TestNG.run(TestNG.java:1115)
	at org.testng.remote.AbstractRemoteTestNG.run(AbstractRemoteTestNG.java:115)
	at org.testng.remote.RemoteTestNG.initAndRun(RemoteTestNG.java:251)
	at org.testng.remote.RemoteTestNG.main(RemoteTestNG.java:77)
</pre></div></td>
<td>0</td>
<td>testcases.VerifyMLFilesTest@196a42c3</td></tr>
<tr>
<td title='testcases.VerifyMLFilesTest.verifyMLFilesTest()'><b>verifyMLFilesTest</b><br>Test class: testcases.VerifyMLFilesTest<br>Parameters: {PROVINCE_OF_ISSUE=, DATE MODIFIED=, APPELLANT=, RUNMODE=N, CASE_ID=3479222, TRIAL_DATE=, STATUS=Closed, PROCEDURE=, CMPA_SHARE_DAMAGES=0.0, DATE_OPENED=03/13/2019, ML_FILE_ID=2019005842, DATE_CREATE=, TOTAL_DAMAGES=0.0, APPEALED=, DATE_CLOSED=11/28/2019, JURY=0.0, DELETED=0.0}</td>
<td><div><pre>org.testng.SkipException: Skipping test.
	at testcases.VerifyMLFilesTest.verifyMLFilesTest(VerifyMLFilesTest.java:32)
... Removed 24 stack frames</pre></div><a href='#' onClick='toggleBox("stack-trace1865617081", this, "Click to show all stack frames", "Click to hide stack frames")'>Click to show all stack frames</a>
<div class='stack-trace' id='stack-trace1865617081'><pre>org.testng.SkipException: Skipping test.
	at testcases.VerifyMLFilesTest.verifyMLFilesTest(VerifyMLFilesTest.java:32)
	at sun.reflect.GeneratedMethodAccessor39.invoke(Unknown Source)
	at sun.reflect.DelegatingMethodAccessorImpl.invoke(DelegatingMethodAccessorImpl.java:43)
	at java.lang.reflect.Method.invoke(Method.java:498)
	at org.testng.internal.MethodInvocationHelper.invokeMethod(MethodInvocationHelper.java:108)
	at org.testng.internal.Invoker.invokeMethod(Invoker.java:661)
	at org.testng.internal.Invoker.invokeTestMethod(Invoker.java:869)
	at org.testng.internal.Invoker.invokeTestMethods(Invoker.java:1193)
	at org.testng.internal.TestMethodWorker.invokeTestMethods(TestMethodWorker.java:126)
	at org.testng.internal.TestMethodWorker.run(TestMethodWorker.java:109)
	at org.testng.TestRunner.privateRun(TestRunner.java:744)
	at org.testng.TestRunner.run(TestRunner.java:602)
	at org.testng.SuiteRunner.runTest(SuiteRunner.java:380)
	at org.testng.SuiteRunner.runSequentially(SuiteRunner.java:375)
	at org.testng.SuiteRunner.privateRun(SuiteRunner.java:340)
	at org.testng.SuiteRunner.run(SuiteRunner.java:289)
	at org.testng.SuiteRunnerWorker.runSuite(SuiteRunnerWorker.java:52)
	at org.testng.SuiteRunnerWorker.run(SuiteRunnerWorker.java:86)
	at org.testng.TestNG.runSuitesSequentially(TestNG.java:1301)
	at org.testng.TestNG.runSuitesLocally(TestNG.java:1226)
	at org.testng.TestNG.runSuites(TestNG.java:1144)
	at org.testng.TestNG.run(TestNG.java:1115)
	at org.testng.remote.AbstractRemoteTestNG.run(AbstractRemoteTestNG.java:115)
	at org.testng.remote.RemoteTestNG.initAndRun(RemoteTestNG.java:251)
	at org.testng.remote.RemoteTestNG.main(RemoteTestNG.java:77)
</pre></div></td>
<td>0</td>
<td>testcases.VerifyMLFilesTest@196a42c3</td></tr>
<tr>
<td title='testcases.VerifyMLFilesTest.verifyMLFilesTest()'><b>verifyMLFilesTest</b><br>Test class: testcases.VerifyMLFilesTest<br>Parameters: {PROVINCE_OF_ISSUE=, DATE MODIFIED=, APPELLANT=, RUNMODE=N, CASE_ID=3532998, TRIAL_DATE=, STATUS=Closed, PROCEDURE=, CMPA_SHARE_DAMAGES=0.0, DATE_OPENED=06/03/2019, ML_FILE_ID=2019014064, DATE_CREATE=, TOTAL_DAMAGES=0.0, APPEALED=, DATE_CLOSED=10/08/2020, JURY=0.0, DELETED=0.0}</td>
<td><div><pre>org.testng.SkipException: Skipping test.
	at testcases.VerifyMLFilesTest.verifyMLFilesTest(VerifyMLFilesTest.java:32)
... Removed 24 stack frames</pre></div><a href='#' onClick='toggleBox("stack-trace1844579038", this, "Click to show all stack frames", "Click to hide stack frames")'>Click to show all stack frames</a>
<div class='stack-trace' id='stack-trace1844579038'><pre>org.testng.SkipException: Skipping test.
	at testcases.VerifyMLFilesTest.verifyMLFilesTest(VerifyMLFilesTest.java:32)
	at sun.reflect.GeneratedMethodAccessor39.invoke(Unknown Source)
	at sun.reflect.DelegatingMethodAccessorImpl.invoke(DelegatingMethodAccessorImpl.java:43)
	at java.lang.reflect.Method.invoke(Method.java:498)
	at org.testng.internal.MethodInvocationHelper.invokeMethod(MethodInvocationHelper.java:108)
	at org.testng.internal.Invoker.invokeMethod(Invoker.java:661)
	at org.testng.internal.Invoker.invokeTestMethod(Invoker.java:869)
	at org.testng.internal.Invoker.invokeTestMethods(Invoker.java:1193)
	at org.testng.internal.TestMethodWorker.invokeTestMethods(TestMethodWorker.java:126)
	at org.testng.internal.TestMethodWorker.run(TestMethodWorker.java:109)
	at org.testng.TestRunner.privateRun(TestRunner.java:744)
	at org.testng.TestRunner.run(TestRunner.java:602)
	at org.testng.SuiteRunner.runTest(SuiteRunner.java:380)
	at org.testng.SuiteRunner.runSequentially(SuiteRunner.java:375)
	at org.testng.SuiteRunner.privateRun(SuiteRunner.java:340)
	at org.testng.SuiteRunner.run(SuiteRunner.java:289)
	at org.testng.SuiteRunnerWorker.runSuite(SuiteRunnerWorker.java:52)
	at org.testng.SuiteRunnerWorker.run(SuiteRunnerWorker.java:86)
	at org.testng.TestNG.runSuitesSequentially(TestNG.java:1301)
	at org.testng.TestNG.runSuitesLocally(TestNG.java:1226)
	at org.testng.TestNG.runSuites(TestNG.java:1144)
	at org.testng.TestNG.run(TestNG.java:1115)
	at org.testng.remote.AbstractRemoteTestNG.run(AbstractRemoteTestNG.java:115)
	at org.testng.remote.RemoteTestNG.initAndRun(RemoteTestNG.java:251)
	at org.testng.remote.RemoteTestNG.main(RemoteTestNG.java:77)
</pre></div></td>
<td>0</td>
<td>testcases.VerifyMLFilesTest@196a42c3</td></tr>
</table><p>
</body>
</html>